<?xml version="1.0" encoding="utf-8"?>
<testsuites>
  <testsuite name="vm-validator" tests="1" disabled="0" errors="0" failures="0" timestamp="2021-05-17T17:04:57.558+00:00" time="1.525">
    <testcase name="vm_validator::vm_validator_test::test_validate_gas_currency_code" classname="vm-validator" time="1.525"></testcase>
  </testsuite>
  <testsuite name="vm-validator" tests="1" disabled="0" errors="0" failures="0" timestamp="2021-05-17T17:04:57.572+00:00" time="1.528">
    <testcase name="vm_validator::vm_validator_test::test_validate_gas_currency_with_bad_identifier" classname="vm-validator" time="1.528"></testcase>
  </testsuite>
  <testsuite name="vm-validator" tests="1" disabled="0" errors="0" failures="0" timestamp="2021-05-17T17:04:57.294+00:00" time="1.939">
    <testcase name="vm_validator::vm_validator_test::test_validate_account_doesnt_exist" classname="vm-validator" time="1.939"></testcase>
  </testsuite>
  <testsuite name="vm-validator" tests="1" disabled="0" errors="0" failures="0" timestamp="2021-05-17T17:04:57.297+00:00" time="1.942">
    <testcase name="vm_validator::vm_validator_test::test_validate_chain_id" classname="vm-validator" time="1.942"></testcase>
  </testsuite>
  <testsuite name="vm-validator" tests="1" disabled="0" errors="0" failures="0" timestamp="2021-05-17T17:04:57.528+00:00" time="1.962">
    <testcase name="vm_validator::vm_validator_test::test_validate_expiration_time" classname="vm-validator" time="1.962"></testcase>
  </testsuite>
  <testsuite name="vm-validator" tests="1" disabled="0" errors="0" failures="0" timestamp="2021-05-17T17:04:58.183+00:00" time="1.509">
    <testcase name="vm_validator::vm_validator_test::test_validate_invalid_signature" classname="vm-validator" time="1.509"></testcase>
  </testsuite>
  <testsuite name="vm-validator" tests="1" disabled="0" errors="0" failures="0" timestamp="2021-05-17T17:04:58.231+00:00" time="1.517">
    <testcase name="vm_validator::vm_validator_test::test_validate_known_script_too_large_args" classname="vm-validator" time="1.517"></testcase>
  </testsuite>
  <testsuite name="vm-validator" tests="1" disabled="0" errors="0" failures="0" timestamp="2021-05-17T17:04:58.052+00:00" time="1.922">
    <testcase name="vm_validator::vm_validator_test::test_validate_invalid_arguments" classname="vm-validator" time="1.922"></testcase>
  </testsuite>
  <testsuite name="vm-validator" tests="1" disabled="0" errors="0" failures="0" timestamp="2021-05-17T17:04:58.094+00:00" time="1.892">
    <testcase name="vm_validator::vm_validator_test::test_validate_invalid_auth_key" classname="vm-validator" time="1.892"></testcase>
  </testsuite>
  <testsuite name="vm-validator" tests="1" disabled="0" errors="0" failures="0" timestamp="2021-05-17T17:04:58.498+00:00" time="1.519">
    <testcase name="vm_validator::vm_validator_test::test_validate_max_gas_price_above_bounds" classname="vm-validator" time="1.519"></testcase>
  </testsuite>
  <testsuite name="vm-validator" tests="1" disabled="0" errors="0" failures="0" timestamp="2021-05-17T17:04:58.898+00:00" time="1.534">
    <testcase name="vm_validator::vm_validator_test::test_validate_max_gas_units_above_max" classname="vm-validator" time="1.534"></testcase>
  </testsuite>
  <testsuite name="vm-validator" tests="1" disabled="0" errors="0" failures="0" timestamp="2021-05-17T17:04:58.939+00:00" time="1.526">
    <testcase name="vm_validator::vm_validator_test::test_validate_max_gas_units_below_min" classname="vm-validator" time="1.526"></testcase>
  </testsuite>
  <testsuite name="vm-validator" tests="1" disabled="0" errors="0" failures="0" timestamp="2021-05-17T17:04:58.809+00:00" time="1.909">
    <testcase name="vm_validator::vm_validator_test::test_validate_max_gas_price_below_bounds" classname="vm-validator" time="1.909"></testcase>
  </testsuite>
  <testsuite name="vm-validator" tests="1" disabled="0" errors="0" failures="0" timestamp="2021-05-17T17:04:59.083+00:00" time="1.920">
    <testcase name="vm_validator::vm_validator_test::test_validate_module_publishing" classname="vm-validator" time="1.920"></testcase>
  </testsuite>
  <testsuite name="vm-validator" tests="1" disabled="0" errors="0" failures="0" timestamp="2021-05-17T17:04:59.100+00:00" time="1.909">
    <testcase name="vm_validator::vm_validator_test::test_validate_module_publishing_non_association" classname="vm-validator" time="1.909"></testcase>
  </testsuite>
  <testsuite name="vm-validator" tests="1" disabled="0" errors="0" failures="0" timestamp="2021-05-17T17:04:59.149+00:00" time="1.905">
    <testcase name="vm_validator::vm_validator_test::test_validate_non_genesis_write_set" classname="vm-validator" time="1.905"></testcase>
  </testsuite>
  <testsuite name="vm-validator" tests="1" disabled="0" errors="0" failures="0" timestamp="2021-05-17T17:04:59.233+00:00" time="1.897">
    <testcase name="vm_validator::vm_validator_test::test_validate_sequence_number_too_new" classname="vm-validator" time="1.897"></testcase>
  </testsuite>
  <testsuite name="vm-validator" tests="1" disabled="0" errors="0" failures="0" timestamp="2021-05-17T17:04:59.239+00:00" time="1.911">
    <testcase name="vm_validator::vm_validator_test::test_validate_transaction" classname="vm-validator" time="1.911"></testcase>
  </testsuite>
  <testsuite name="vm-validator" tests="1" disabled="0" errors="0" failures="0" timestamp="2021-05-17T17:04:59.490+00:00" time="1.875">
    <testcase name="vm_validator::vm_validator_test::test_validate_unknown_script" classname="vm-validator" time="1.875"></testcase>
  </testsuite>
  <testsuite name="generate-format::detect_format_change" tests="1" disabled="0" errors="0" failures="0" timestamp="2021-05-17T16:52:34.540+00:00" time="0.057">
    <testcase name="analyze_serde_formats" classname="generate-format::detect_format_change" time="0.057"></testcase>
  </testsuite>
  <testsuite name="generate-format::detect_format_change" tests="1" disabled="0" errors="0" failures="0" timestamp="2021-05-17T16:52:34.597+00:00" time="0.010">
    <testcase name="test_we_can_detect_changes_in_yaml" classname="generate-format::detect_format_change" time="0.010"></testcase>
  </testsuite>
  <testsuite name="execution-correctness" tests="1" disabled="0" errors="0" failures="0" timestamp="2021-05-17T16:52:55.014+00:00" time="11.425">
    <testcase name="tests::local::test" classname="execution-correctness" time="11.425"></testcase>
  </testsuite>
  <testsuite name="execution-correctness" tests="1" disabled="0" errors="0" failures="0" timestamp="2021-05-17T16:52:55.186+00:00" time="11.556">
    <testcase name="tests::serializer::test" classname="execution-correctness" time="11.556"></testcase>
  </testsuite>
  <testsuite name="execution-correctness" tests="1" disabled="0" errors="0" failures="0" timestamp="2021-05-17T16:52:55.365+00:00" time="11.544">
    <testcase name="tests::thread::test" classname="execution-correctness" time="11.544"></testcase>
  </testsuite>
  <testsuite name="compiler" tests="1" disabled="0" errors="0" failures="0" timestamp="2021-05-17T16:52:27.548+00:00" time="0.012">
    <testcase name="unit_tests::branch_tests::compile_break_outside_loop" classname="compiler" time="0.012"></testcase>
  </testsuite>
  <testsuite name="compiler" tests="1" disabled="0" errors="0" failures="0" timestamp="2021-05-17T16:52:27.554+00:00" time="0.007">
    <testcase name="unit_tests::branch_tests::compile_continue_outside_loop" classname="compiler" time="0.007"></testcase>
  </testsuite>
  <testsuite name="compiler" tests="1" disabled="0" errors="0" failures="0" timestamp="2021-05-17T16:52:27.559+00:00" time="0.014">
    <testcase name="unit_tests::branch_tests::compile_if" classname="compiler" time="0.014"></testcase>
  </testsuite>
  <testsuite name="compiler" tests="1" disabled="0" errors="0" failures="0" timestamp="2021-05-17T16:52:27.561+00:00" time="0.012">
    <testcase name="unit_tests::branch_tests::compile_if_else" classname="compiler" time="0.012"></testcase>
  </testsuite>
  <testsuite name="compiler" tests="1" disabled="0" errors="0" failures="0" timestamp="2021-05-17T16:52:27.573+00:00" time="0.009">
    <testcase name="unit_tests::branch_tests::compile_if_else_with_else_return" classname="compiler" time="0.009"></testcase>
  </testsuite>
  <testsuite name="compiler" tests="1" disabled="0" errors="0" failures="0" timestamp="2021-05-17T16:52:27.573+00:00" time="0.013">
    <testcase name="unit_tests::branch_tests::compile_if_else_with_if_return" classname="compiler" time="0.013"></testcase>
  </testsuite>
  <testsuite name="compiler" tests="1" disabled="0" errors="0" failures="0" timestamp="2021-05-17T16:52:27.582+00:00" time="0.010">
    <testcase name="unit_tests::branch_tests::compile_if_else_with_two_returns" classname="compiler" time="0.010"></testcase>
  </testsuite>
  <testsuite name="compiler" tests="1" disabled="0" errors="0" failures="0" timestamp="2021-05-17T16:52:27.586+00:00" time="0.009">
    <testcase name="unit_tests::branch_tests::compile_loop_break_continue" classname="compiler" time="0.009"></testcase>
  </testsuite>
  <testsuite name="compiler" tests="1" disabled="0" errors="0" failures="0" timestamp="2021-05-17T16:52:27.592+00:00" time="0.008">
    <testcase name="unit_tests::branch_tests::compile_loop_continue" classname="compiler" time="0.008"></testcase>
  </testsuite>
  <testsuite name="compiler" tests="1" disabled="0" errors="0" failures="0" timestamp="2021-05-17T16:52:27.595+00:00" time="0.007">
    <testcase name="unit_tests::branch_tests::compile_loop_empty" classname="compiler" time="0.007"></testcase>
  </testsuite>
  <testsuite name="compiler" tests="1" disabled="0" errors="0" failures="0" timestamp="2021-05-17T16:52:27.600+00:00" time="0.008">
    <testcase name="unit_tests::branch_tests::compile_loop_nested_break" classname="compiler" time="0.008"></testcase>
  </testsuite>
  <testsuite name="compiler" tests="1" disabled="0" errors="0" failures="0" timestamp="2021-05-17T16:52:27.602+00:00" time="0.007">
    <testcase name="unit_tests::branch_tests::compile_loop_return" classname="compiler" time="0.007"></testcase>
  </testsuite>
  <testsuite name="compiler" tests="1" disabled="0" errors="0" failures="0" timestamp="2021-05-17T16:52:27.609+00:00" time="0.008">
    <testcase name="unit_tests::branch_tests::compile_nested_while" classname="compiler" time="0.008"></testcase>
  </testsuite>
  <testsuite name="compiler" tests="1" disabled="0" errors="0" failures="0" timestamp="2021-05-17T16:52:27.609+00:00" time="0.010">
    <testcase name="unit_tests::branch_tests::compile_nested_if_else" classname="compiler" time="0.010"></testcase>
  </testsuite>
  <testsuite name="compiler" tests="1" disabled="0" errors="0" failures="0" timestamp="2021-05-17T16:52:27.617+00:00" time="0.008">
    <testcase name="unit_tests::branch_tests::compile_while" classname="compiler" time="0.008"></testcase>
  </testsuite>
  <testsuite name="compiler" tests="1" disabled="0" errors="0" failures="0" timestamp="2021-05-17T16:52:27.619+00:00" time="0.008">
    <testcase name="unit_tests::branch_tests::compile_while_break" classname="compiler" time="0.008"></testcase>
  </testsuite>
  <testsuite name="compiler" tests="1" disabled="0" errors="0" failures="0" timestamp="2021-05-17T16:52:27.625+00:00" time="0.013">
    <testcase name="unit_tests::branch_tests::compile_while_break_continue" classname="compiler" time="0.013"></testcase>
  </testsuite>
  <testsuite name="compiler" tests="1" disabled="0" errors="0" failures="0" timestamp="2021-05-17T16:52:27.628+00:00" time="0.014">
    <testcase name="unit_tests::branch_tests::compile_while_continue" classname="compiler" time="0.014"></testcase>
  </testsuite>
  <testsuite name="compiler" tests="1" disabled="0" errors="0" failures="0" timestamp="2021-05-17T16:52:27.634+00:00" time="0.008">
    <testcase name="unit_tests::branch_tests::compile_while_return" classname="compiler" time="0.008"></testcase>
  </testsuite>
  <testsuite name="compiler" tests="1" disabled="0" errors="0" failures="0" timestamp="2021-05-17T16:52:27.638+00:00" time="0.008">
    <testcase name="unit_tests::cfg_tests::cfg_compile_if" classname="compiler" time="0.008"></testcase>
  </testsuite>
  <testsuite name="compiler" tests="1" disabled="0" errors="0" failures="0" timestamp="2021-05-17T16:52:27.646+00:00" time="0.008">
    <testcase name="unit_tests::cfg_tests::cfg_compile_if_else_with_else_return" classname="compiler" time="0.008"></testcase>
  </testsuite>
  <testsuite name="compiler" tests="1" disabled="0" errors="0" failures="0" timestamp="2021-05-17T16:52:27.642+00:00" time="0.013">
    <testcase name="unit_tests::cfg_tests::cfg_compile_if_else_with_else_abort" classname="compiler" time="0.013"></testcase>
  </testsuite>
  <testsuite name="compiler" tests="1" disabled="0" errors="0" failures="0" timestamp="2021-05-17T16:52:27.642+00:00" time="0.016">
    <testcase name="unit_tests::cfg_tests::cfg_compile_if_else" classname="compiler" time="0.016"></testcase>
  </testsuite>
  <testsuite name="compiler" tests="1" disabled="0" errors="0" failures="0" timestamp="2021-05-17T16:52:27.655+00:00" time="0.009">
    <testcase name="unit_tests::cfg_tests::cfg_compile_if_else_with_if_abort" classname="compiler" time="0.009"></testcase>
  </testsuite>
  <testsuite name="compiler" tests="1" disabled="0" errors="0" failures="0" timestamp="2021-05-17T16:52:27.658+00:00" time="0.007">
    <testcase name="unit_tests::cfg_tests::cfg_compile_if_else_with_two_aborts" classname="compiler" time="0.007"></testcase>
  </testsuite>
  <testsuite name="compiler" tests="1" disabled="0" errors="0" failures="0" timestamp="2021-05-17T16:52:27.664+00:00" time="0.009">
    <testcase name="unit_tests::cfg_tests::cfg_compile_if_else_with_two_returns" classname="compiler" time="0.009"></testcase>
  </testsuite>
  <testsuite name="compiler" tests="1" disabled="0" errors="0" failures="0" timestamp="2021-05-17T16:52:27.655+00:00" time="0.020">
    <testcase name="unit_tests::cfg_tests::cfg_compile_if_else_with_if_return" classname="compiler" time="0.020"></testcase>
  </testsuite>
  <testsuite name="compiler" tests="1" disabled="0" errors="0" failures="0" timestamp="2021-05-17T16:52:27.666+00:00" time="0.011">
    <testcase name="unit_tests::cfg_tests::cfg_compile_nested_if" classname="compiler" time="0.011"></testcase>
  </testsuite>
  <testsuite name="compiler" tests="1" disabled="0" errors="0" failures="0" timestamp="2021-05-17T16:52:27.673+00:00" time="0.008">
    <testcase name="unit_tests::cfg_tests::cfg_compile_script_let" classname="compiler" time="0.008"></testcase>
  </testsuite>
  <testsuite name="compiler" tests="1" disabled="0" errors="0" failures="0" timestamp="2021-05-17T16:52:27.675+00:00" time="0.010">
    <testcase name="unit_tests::cfg_tests::cfg_compile_script_ret" classname="compiler" time="0.010"></testcase>
  </testsuite>
  <testsuite name="compiler" tests="1" disabled="0" errors="0" failures="0" timestamp="2021-05-17T16:52:27.677+00:00" time="0.011">
    <testcase name="unit_tests::expression_tests::compile_assert" classname="compiler" time="0.011"></testcase>
  </testsuite>
  <testsuite name="compiler" tests="1" disabled="0" errors="0" failures="0" timestamp="2021-05-17T16:52:27.681+00:00" time="0.009">
    <testcase name="unit_tests::expression_tests::compile_borrow_field" classname="compiler" time="0.009"></testcase>
  </testsuite>
  <testsuite name="compiler" tests="1" disabled="0" errors="0" failures="0" timestamp="2021-05-17T16:52:27.688+00:00" time="0.009">
    <testcase name="unit_tests::expression_tests::compile_immutable_borrow_local" classname="compiler" time="0.009"></testcase>
  </testsuite>
  <testsuite name="compiler" tests="1" disabled="0" errors="0" failures="0" timestamp="2021-05-17T16:52:27.690+00:00" time="0.009">
    <testcase name="unit_tests::expression_tests::compile_script_borrow_local" classname="compiler" time="0.009"></testcase>
  </testsuite>
  <testsuite name="compiler" tests="1" disabled="0" errors="0" failures="0" timestamp="2021-05-17T16:52:27.686+00:00" time="0.015">
    <testcase name="unit_tests::expression_tests::compile_borrow_field_generic" classname="compiler" time="0.015"></testcase>
  </testsuite>
  <testsuite name="compiler" tests="1" disabled="0" errors="0" failures="0" timestamp="2021-05-17T16:52:27.697+00:00" time="0.009">
    <testcase name="unit_tests::expression_tests::compile_script_borrow_local_mutable" classname="compiler" time="0.009"></testcase>
  </testsuite>
  <testsuite name="compiler" tests="1" disabled="0" errors="0" failures="0" timestamp="2021-05-17T16:52:27.699+00:00" time="0.010">
    <testcase name="unit_tests::expression_tests::compile_script_borrow_reference" classname="compiler" time="0.010"></testcase>
  </testsuite>
  <testsuite name="compiler" tests="1" disabled="0" errors="0" failures="0" timestamp="2021-05-17T16:52:27.701+00:00" time="0.012">
    <testcase name="unit_tests::expression_tests::compile_script_expr_addition" classname="compiler" time="0.012"></testcase>
  </testsuite>
  <testsuite name="compiler" tests="1" disabled="0" errors="0" failures="0" timestamp="2021-05-17T16:52:27.706+00:00" time="0.009">
    <testcase name="unit_tests::expression_tests::compile_script_expr_combined" classname="compiler" time="0.009"></testcase>
  </testsuite>
  <testsuite name="compiler" tests="1" disabled="0" errors="0" failures="0" timestamp="2021-05-17T16:52:27.709+00:00" time="0.010">
    <testcase name="unit_tests::expression_tests::single_resource" classname="compiler" time="0.010"></testcase>
  </testsuite>
  <testsuite name="compiler" tests="1" disabled="0" errors="0" failures="0" timestamp="2021-05-17T16:52:27.713+00:00" time="0.010">
    <testcase name="unit_tests::function_tests::compile_module_with_functions" classname="compiler" time="0.010"></testcase>
  </testsuite>
  <testsuite name="compiler" tests="1" disabled="0" errors="0" failures="0" timestamp="2021-05-17T16:52:27.719+00:00" time="0.007">
    <testcase name="unit_tests::function_tests::compile_module_with_script_visibility_functions" classname="compiler" time="0.007"></testcase>
  </testsuite>
  <testsuite name="compiler" tests="1" disabled="0" errors="0" failures="0" timestamp="2021-05-17T16:52:27.715+00:00" time="0.020">
    <testcase name="unit_tests::function_tests::compile_module_with_large_frame" classname="compiler" time="0.020"></testcase>
  </testsuite>
  <testsuite name="compiler" tests="1" disabled="0" errors="0" failures="0" timestamp="2021-05-17T16:52:27.735+00:00" time="0.007">
    <testcase name="unit_tests::serializer_tests::serialize_script_ret" classname="compiler" time="0.007"></testcase>
  </testsuite>
  <testsuite name="compiler" tests="1" disabled="0" errors="0" failures="0" timestamp="2021-05-17T16:52:27.726+00:00" time="0.038">
    <testcase name="unit_tests::import_tests::compile_script_with_imports" classname="compiler" time="0.038"></testcase>
  </testsuite>
  <testsuite name="compiler" tests="1" disabled="0" errors="0" failures="0" timestamp="2021-05-17T16:52:27.723+00:00" time="0.049">
    <testcase name="unit_tests::import_tests::compile_module_with_imports" classname="compiler" time="0.049"></testcase>
  </testsuite>
  <testsuite name="consensus" tests="1" disabled="0" errors="0" failures="0" timestamp="2021-05-17T16:52:30.894+00:00" time="0.020">
    <testcase name="block_storage::block_store::block_store_test::test_highest_block_and_quorum_cert" classname="consensus" time="0.020"></testcase>
  </testsuite>
  <testsuite name="consensus" tests="1" disabled="0" errors="0" failures="0" timestamp="2021-05-17T16:52:30.897+00:00" time="0.019">
    <testcase name="block_storage::block_store::block_store_test::test_highest_qc" classname="consensus" time="0.019"></testcase>
  </testsuite>
  <testsuite name="consensus" tests="1" disabled="0" errors="0" failures="0" timestamp="2021-05-17T16:52:30.914+00:00" time="0.014">
    <testcase name="block_storage::block_store::block_store_test::test_illegal_timestamp" classname="consensus" time="0.014"></testcase>
  </testsuite>
  <testsuite name="consensus" tests="1" disabled="0" errors="0" failures="0" timestamp="2021-05-17T16:52:30.916+00:00" time="0.031">
    <testcase name="block_storage::block_store::block_store_test::test_insert_vote" classname="consensus" time="0.031"></testcase>
  </testsuite>
  <testsuite name="consensus" tests="1" disabled="0" errors="0" failures="0" timestamp="2021-05-17T16:52:30.929+00:00" time="0.021">
    <testcase name="block_storage::block_store::block_store_test::test_need_fetch_for_qc" classname="consensus" time="0.021"></testcase>
  </testsuite>
  <testsuite name="consensus" tests="1" disabled="0" errors="0" failures="0" timestamp="2021-05-17T16:52:30.849+00:00" time="0.102">
    <testcase name="block_storage::block_store::block_store_test::test_block_store_prune" classname="consensus" time="0.102"></testcase>
  </testsuite>
  <testsuite name="consensus" tests="1" disabled="0" errors="0" failures="0" timestamp="2021-05-17T16:52:30.947+00:00" time="0.020">
    <testcase name="block_storage::block_store::block_store_test::test_path_from_root" classname="consensus" time="0.020"></testcase>
  </testsuite>
  <testsuite name="consensus" tests="1" disabled="0" errors="0" failures="0" timestamp="2021-05-17T16:52:30.949+00:00" time="0.018">
    <testcase name="block_storage::block_store::block_store_test::test_qc_ancestry" classname="consensus" time="0.018"></testcase>
  </testsuite>
  <testsuite name="consensus" tests="1" disabled="0" errors="0" failures="0" timestamp="2021-05-17T16:52:30.972+00:00" time="0.015">
    <testcase name="consensusdb::schema::block::test::test_encode_decode" classname="consensus" time="0.015"></testcase>
  </testsuite>
  <testsuite name="consensus" tests="1" disabled="0" errors="0" failures="0" timestamp="2021-05-17T16:52:30.987+00:00" time="0.023">
    <testcase name="consensusdb::schema::quorum_certificate::test::test_encode_decode" classname="consensus" time="0.023"></testcase>
  </testsuite>
  <testsuite name="consensus" tests="1" disabled="0" errors="0" failures="0" timestamp="2021-05-17T16:52:30.952+00:00" time="0.061">
    <testcase name="consensusdb::consensusdb_test::test_delete_block_and_qc" classname="consensus" time="0.061"></testcase>
  </testsuite>
  <testsuite name="consensus" tests="1" disabled="0" errors="0" failures="0" timestamp="2021-05-17T16:52:30.967+00:00" time="0.049">
    <testcase name="consensusdb::consensusdb_test::test_put_get" classname="consensus" time="0.049"></testcase>
  </testsuite>
  <testsuite name="consensus" tests="1" disabled="0" errors="0" failures="0" timestamp="2021-05-17T16:52:31.010+00:00" time="0.012">
    <testcase name="consensusdb::schema::single_entry::test::test_single_entry_schema" classname="consensus" time="0.012"></testcase>
  </testsuite>
  <testsuite name="consensus" tests="1" disabled="0" errors="0" failures="0" timestamp="2021-05-17T16:52:31.013+00:00" time="0.019">
    <testcase name="error::tests::conversion_and_downcast" classname="consensus" time="0.019"></testcase>
  </testsuite>
  <testsuite name="consensus" tests="1" disabled="0" errors="0" failures="0" timestamp="2021-05-17T16:52:31.023+00:00" time="0.012">
    <testcase name="liveness::leader_reputation_test::test_simple_heuristic" classname="consensus" time="0.012"></testcase>
  </testsuite>
  <testsuite name="consensus" tests="1" disabled="0" errors="0" failures="0" timestamp="2021-05-17T16:52:31.016+00:00" time="0.020">
    <testcase name="liveness::leader_reputation_test::test_api" classname="consensus" time="0.020"></testcase>
  </testsuite>
  <testsuite name="consensus" tests="1" disabled="0" errors="0" failures="0" timestamp="2021-05-17T16:52:31.032+00:00" time="0.017">
    <testcase name="liveness::proposal_generator::proposal_generator_test::test_old_proposal_generation" classname="consensus" time="0.017"></testcase>
  </testsuite>
  <testsuite name="consensus" tests="1" disabled="0" errors="0" failures="0" timestamp="2021-05-17T16:52:31.035+00:00" time="0.029">
    <testcase name="liveness::proposal_generator::proposal_generator_test::test_proposal_generation_empty_tree" classname="consensus" time="0.029"></testcase>
  </testsuite>
  <testsuite name="consensus" tests="1" disabled="0" errors="0" failures="0" timestamp="2021-05-17T16:52:31.050+00:00" time="0.017">
    <testcase name="liveness::rotating_proposer_test::test_fixed_proposer" classname="consensus" time="0.017"></testcase>
  </testsuite>
  <testsuite name="consensus" tests="1" disabled="0" errors="0" failures="0" timestamp="2021-05-17T16:52:31.064+00:00" time="0.016">
    <testcase name="liveness::rotating_proposer_test::test_rotating_proposer" classname="consensus" time="0.016"></testcase>
  </testsuite>
  <testsuite name="consensus" tests="1" disabled="0" errors="0" failures="0" timestamp="2021-05-17T16:52:31.067+00:00" time="0.018">
    <testcase name="liveness::rotating_proposer_test::test_rotating_proposer_with_three_contiguous_rounds" classname="consensus" time="0.018"></testcase>
  </testsuite>
  <testsuite name="consensus" tests="1" disabled="0" errors="0" failures="0" timestamp="2021-05-17T16:52:31.085+00:00" time="0.014">
    <testcase name="liveness::round_state_test::test_basic_timeout" classname="consensus" time="0.014"></testcase>
  </testsuite>
  <testsuite name="consensus" tests="1" disabled="0" errors="0" failures="0" timestamp="2021-05-17T16:52:31.037+00:00" time="0.065">
    <testcase name="liveness::proposal_generator::proposal_generator_test::test_proposal_generation_parent" classname="consensus" time="0.065"></testcase>
  </testsuite>
  <testsuite name="consensus" tests="1" disabled="0" errors="0" failures="0" timestamp="2021-05-17T16:52:30.872+00:00" time="0.233">
    <testcase name="block_storage::block_store::block_store_test::test_block_tree_gc" classname="consensus" time="0.233"></testcase>
  </testsuite>
  <testsuite name="consensus" tests="1" disabled="0" errors="0" failures="0" timestamp="2021-05-17T16:52:31.081+00:00" time="0.027">
    <testcase name="liveness::round_proposer_test::test_round_proposer" classname="consensus" time="0.027"></testcase>
  </testsuite>
  <testsuite name="consensus" tests="1" disabled="0" errors="0" failures="0" timestamp="2021-05-17T16:52:31.102+00:00" time="0.011">
    <testcase name="liveness::round_state_test::test_round_time_interval" classname="consensus" time="0.011"></testcase>
  </testsuite>
  <testsuite name="consensus" tests="1" disabled="0" errors="0" failures="0" timestamp="2021-05-17T16:52:31.099+00:00" time="0.016">
    <testcase name="liveness::round_state_test::test_round_event_generation" classname="consensus" time="0.016"></testcase>
  </testsuite>
  <testsuite name="consensus" tests="1" disabled="0" errors="0" failures="0" timestamp="2021-05-17T16:52:31.105+00:00" time="0.020">
    <testcase name="network_tests::tests::test_bad_message" classname="consensus" time="0.020"></testcase>
  </testsuite>
  <testsuite name="consensus" tests="1" disabled="0" errors="0" failures="0" timestamp="2021-05-17T16:52:31.115+00:00" time="0.028">
    <testcase name="network_tests::tests::test_split_network_round" classname="consensus" time="0.028"></testcase>
  </testsuite>
  <testsuite name="consensus" tests="1" disabled="0" errors="0" failures="0" timestamp="2021-05-17T16:52:31.108+00:00" time="0.036">
    <testcase name="network_tests::tests::test_network_api" classname="consensus" time="0.036"></testcase>
  </testsuite>
  <testsuite name="consensus" tests="1" disabled="0" errors="0" failures="0" timestamp="2021-05-17T16:52:31.125+00:00" time="0.025">
    <testcase name="pending_votes::tests::test_qc_aggregation" classname="consensus" time="0.025"></testcase>
  </testsuite>
  <testsuite name="consensus" tests="1" disabled="0" errors="0" failures="0" timestamp="2021-05-17T16:52:31.143+00:00" time="0.018">
    <testcase name="pending_votes::tests::test_tc_aggregation" classname="consensus" time="0.018"></testcase>
  </testsuite>
  <testsuite name="consensus" tests="1" disabled="0" errors="0" failures="0" timestamp="2021-05-17T16:52:31.144+00:00" time="0.048">
    <testcase name="round_manager::round_manager_fuzzing::test_consensus_proposal_fuzzer" classname="consensus" time="0.048"></testcase>
  </testsuite>
  <testsuite name="consensus" tests="1" disabled="0" errors="0" failures="0" timestamp="2021-05-17T16:52:31.150+00:00" time="0.066">
    <testcase name="round_manager::round_manager_test::new_round_on_quorum_cert" classname="consensus" time="0.066"></testcase>
  </testsuite>
  <testsuite name="consensus" tests="1" disabled="0" errors="0" failures="0" timestamp="2021-05-17T16:52:31.161+00:00" time="0.067">
    <testcase name="round_manager::round_manager_test::new_round_on_timeout_certificate" classname="consensus" time="0.067"></testcase>
  </testsuite>
  <testsuite name="consensus" tests="1" disabled="0" errors="0" failures="0" timestamp="2021-05-17T16:52:31.216+00:00" time="0.055">
    <testcase name="round_manager::round_manager_test::no_vote_on_invalid_proposer" classname="consensus" time="0.055"></testcase>
  </testsuite>
  <testsuite name="consensus" tests="1" disabled="0" errors="0" failures="0" timestamp="2021-05-17T16:52:31.228+00:00" time="0.048">
    <testcase name="round_manager::round_manager_test::no_vote_on_mismatch_round" classname="consensus" time="0.048"></testcase>
  </testsuite>
  <testsuite name="consensus" tests="1" disabled="0" errors="0" failures="0" timestamp="2021-05-17T16:52:31.271+00:00" time="0.047">
    <testcase name="round_manager::round_manager_test::no_vote_on_old_proposal" classname="consensus" time="0.047"></testcase>
  </testsuite>
  <testsuite name="consensus" tests="1" disabled="0" errors="0" failures="0" timestamp="2021-05-17T16:52:31.318+00:00" time="0.046">
    <testcase name="round_manager::round_manager_test::response_on_block_retrieval" classname="consensus" time="0.046"></testcase>
  </testsuite>
  <testsuite name="consensus" tests="1" disabled="0" errors="0" failures="0" timestamp="2021-05-17T16:52:32.018+00:00" time="0.045">
    <testcase name="round_manager::round_manager_test::vote_on_successful_proposal" classname="consensus" time="0.045"></testcase>
  </testsuite>
  <testsuite name="consensus" tests="1" disabled="0" errors="0" failures="0" timestamp="2021-05-17T16:52:31.957+00:00" time="0.168">
    <testcase name="round_manager::round_manager_test::sync_on_partial_newer_sync_info" classname="consensus" time="0.168"></testcase>
  </testsuite>
  <testsuite name="consensus" tests="1" disabled="0" errors="0" failures="0" timestamp="2021-05-17T16:52:32.064+00:00" time="0.224">
    <testcase name="twins::basic_twins_test::basic_start_test" classname="consensus" time="0.224"></testcase>
  </testsuite>
  <testsuite name="consensus" tests="1" disabled="0" errors="0" failures="0" timestamp="2021-05-17T16:52:32.782+00:00" time="0.270">
    <testcase name="twins::basic_twins_test::twins_vote_dedup_test" classname="consensus" time="0.270"></testcase>
  </testsuite>
  <testsuite name="consensus" tests="1" disabled="0" errors="0" failures="0" timestamp="2021-05-17T16:52:30.638+00:00" time="2.581">
    <testcase name="block_storage::block_store::block_store_test::test_block_store_insert" classname="consensus" time="2.581"></testcase>
  </testsuite>
  <testsuite name="consensus" tests="1" disabled="0" errors="0" failures="0" timestamp="2021-05-17T16:52:30.455+00:00" time="4.215">
    <testcase name="block_storage::block_store::block_store_and_lec_recovery_test::test_executor_restart" classname="consensus" time="4.215"></testcase>
  </testsuite>
  <testsuite name="consensus" tests="1" disabled="0" errors="0" failures="0" timestamp="2021-05-17T16:52:30.262+00:00" time="4.966">
    <testcase name="block_storage::block_store::block_store_and_lec_recovery_test::test_block_store_restart" classname="consensus" time="4.966"></testcase>
  </testsuite>
  <testsuite name="consensus" tests="1" disabled="0" errors="0" failures="0" timestamp="2021-05-17T16:52:31.192+00:00" time="4.356">
    <testcase name="round_manager::round_manager_test::nil_vote_on_timeout" classname="consensus" time="4.356"></testcase>
  </testsuite>
  <testsuite name="consensus" tests="1" disabled="0" errors="0" failures="0" timestamp="2021-05-17T16:52:31.113+00:00" time="4.617">
    <testcase name="network_tests::tests::test_rpc" classname="consensus" time="4.617"></testcase>
  </testsuite>
  <testsuite name="consensus" tests="1" disabled="0" errors="0" failures="0" timestamp="2021-05-17T16:52:31.390+00:00" time="4.354">
    <testcase name="round_manager::round_manager_test::sync_info_sent_on_stale_sync_info" classname="consensus" time="4.354"></testcase>
  </testsuite>
  <testsuite name="consensus" tests="1" disabled="0" errors="0" failures="0" timestamp="2021-05-17T16:52:31.364+00:00" time="4.422">
    <testcase name="round_manager::round_manager_test::sync_info_carried_on_timeout_vote" classname="consensus" time="4.422"></testcase>
  </testsuite>
  <testsuite name="consensus" tests="1" disabled="0" errors="0" failures="0" timestamp="2021-05-17T16:52:31.327+00:00" time="4.518">
    <testcase name="round_manager::round_manager_test::safety_rules_crash" classname="consensus" time="4.518"></testcase>
  </testsuite>
  <testsuite name="consensus" tests="1" disabled="0" errors="0" failures="0" timestamp="2021-05-17T16:52:32.049+00:00" time="4.359">
    <testcase name="round_manager::round_manager_test::vote_resent_on_timeout" classname="consensus" time="4.359"></testcase>
  </testsuite>
  <testsuite name="consensus" tests="1" disabled="0" errors="0" failures="0" timestamp="2021-05-17T16:52:32.125+00:00" time="5.090">
    <testcase name="twins::basic_twins_test::drop_config_test" classname="consensus" time="5.090"></testcase>
  </testsuite>
  <testsuite name="consensus" tests="1" disabled="0" errors="0" failures="0" timestamp="2021-05-17T16:52:31.277+00:00" time="6.471">
    <testcase name="round_manager::round_manager_test::recover_on_restart" classname="consensus" time="6.471"></testcase>
  </testsuite>
  <testsuite name="consensus" tests="1" disabled="0" errors="0" failures="0" timestamp="2021-05-17T16:52:32.288+00:00" time="5.524">
    <testcase name="twins::basic_twins_test::twins_proposer_test" classname="consensus" time="5.524"></testcase>
  </testsuite>
  <testsuite name="seed-peer-generator" tests="1" disabled="0" errors="0" failures="0" timestamp="2021-05-17T16:59:46.573+00:00" time="0.056">
    <testcase name="utils::tests::validator_fullnode_test" classname="seed-peer-generator" time="0.056"></testcase>
  </testsuite>
  <testsuite name="cluster-test" tests="1" disabled="0" errors="0" failures="0" timestamp="2021-05-17T16:52:27.489+00:00" time="0.008">
    <testcase name="atomic_histogram::test::test_default_atomic_histogram" classname="cluster-test" time="0.008"></testcase>
  </testsuite>
  <testsuite name="cluster-test" tests="1" disabled="0" errors="0" failures="0" timestamp="2021-05-17T16:52:27.496+00:00" time="0.006">
    <testcase name="atomic_histogram::test::test_get_bucket_num" classname="cluster-test" time="0.006"></testcase>
  </testsuite>
  <testsuite name="cluster-test" tests="1" disabled="0" errors="0" failures="0" timestamp="2021-05-17T16:52:27.502+00:00" time="0.006">
    <testcase name="atomic_histogram::test::test_percentile_latency" classname="cluster-test" time="0.006"></testcase>
  </testsuite>
  <testsuite name="cluster-test" tests="1" disabled="0" errors="0" failures="0" timestamp="2021-05-17T16:52:27.508+00:00" time="0.006">
    <testcase name="atomic_histogram::test::test_sub" classname="cluster-test" time="0.006"></testcase>
  </testsuite>
  <testsuite name="cluster-test" tests="1" disabled="0" errors="0" failures="0" timestamp="2021-05-17T16:52:27.514+00:00" time="0.006">
    <testcase name="tx_emitter::test::test_fixed_tps_params" classname="cluster-test" time="0.006"></testcase>
  </testsuite>
  <testsuite name="cluster-test" tests="1" disabled="0" errors="0" failures="0" timestamp="2021-05-17T16:52:27.520+00:00" time="0.006">
    <testcase name="util::tests::test_human_readable_bytes_per_sec" classname="cluster-test" time="0.006"></testcase>
  </testsuite>
  <testsuite name="diem-mempool" tests="1" disabled="0" errors="0" failures="0" timestamp="2021-05-17T16:52:41.210+00:00" time="0.009">
    <testcase name="shared_mempool::peer_manager::test::check_peer_prioritization" classname="diem-mempool" time="0.009"></testcase>
  </testsuite>
  <testsuite name="diem-mempool" tests="1" disabled="0" errors="0" failures="0" timestamp="2021-05-17T16:52:41.219+00:00" time="0.019">
    <testcase name="tests::core_mempool_test::test_clean_stuck_transactions" classname="diem-mempool" time="0.019"></testcase>
  </testsuite>
  <testsuite name="diem-mempool" tests="1" disabled="0" errors="0" failures="0" timestamp="2021-05-17T16:52:41.216+00:00" time="0.026">
    <testcase name="tests::core_mempool_test::test_capacity" classname="diem-mempool" time="0.026"></testcase>
  </testsuite>
  <testsuite name="diem-mempool" tests="1" disabled="0" errors="0" failures="0" timestamp="2021-05-17T16:52:41.238+00:00" time="0.015">
    <testcase name="tests::core_mempool_test::test_commit_callback" classname="diem-mempool" time="0.015"></testcase>
  </testsuite>
  <testsuite name="diem-mempool" tests="1" disabled="0" errors="0" failures="0" timestamp="2021-05-17T16:52:41.243+00:00" time="0.015">
    <testcase name="tests::core_mempool_test::test_fail_for_same_gas_amount_and_not_same_expiration_time" classname="diem-mempool" time="0.015"></testcase>
  </testsuite>
  <testsuite name="diem-mempool" tests="1" disabled="0" errors="0" failures="0" timestamp="2021-05-17T16:52:41.258+00:00" time="0.014">
    <testcase name="tests::core_mempool_test::test_ignore_same_transaction_submitted_to_mempool" classname="diem-mempool" time="0.014"></testcase>
  </testsuite>
  <testsuite name="diem-mempool" tests="1" disabled="0" errors="0" failures="0" timestamp="2021-05-17T16:52:41.254+00:00" time="0.020">
    <testcase name="tests::core_mempool_test::test_gc_ready_transaction" classname="diem-mempool" time="0.020"></testcase>
  </testsuite>
  <testsuite name="diem-mempool" tests="1" disabled="0" errors="0" failures="0" timestamp="2021-05-17T16:52:41.272+00:00" time="0.014">
    <testcase name="tests::core_mempool_test::test_metric_cache_add_local_txns" classname="diem-mempool" time="0.014"></testcase>
  </testsuite>
  <testsuite name="diem-mempool" tests="1" disabled="0" errors="0" failures="0" timestamp="2021-05-17T16:52:41.286+00:00" time="0.026">
    <testcase name="tests::core_mempool_test::test_parking_lot_evict_only_for_ready_txn_insertion" classname="diem-mempool" time="0.026"></testcase>
  </testsuite>
  <testsuite name="diem-mempool" tests="1" disabled="0" errors="0" failures="0" timestamp="2021-05-17T16:52:41.313+00:00" time="0.021">
    <testcase name="tests::core_mempool_test::test_parking_lot_eviction" classname="diem-mempool" time="0.021"></testcase>
  </testsuite>
  <testsuite name="diem-mempool" tests="1" disabled="0" errors="0" failures="0" timestamp="2021-05-17T16:52:41.334+00:00" time="0.019">
    <testcase name="tests::core_mempool_test::test_remove_transaction" classname="diem-mempool" time="0.019"></testcase>
  </testsuite>
  <testsuite name="diem-mempool" tests="1" disabled="0" errors="0" failures="0" timestamp="2021-05-17T16:52:41.353+00:00" time="0.014">
    <testcase name="tests::core_mempool_test::test_reset_sequence_number_on_failure" classname="diem-mempool" time="0.014"></testcase>
  </testsuite>
  <testsuite name="diem-mempool" tests="1" disabled="0" errors="0" failures="0" timestamp="2021-05-17T16:52:41.367+00:00" time="0.017">
    <testcase name="tests::core_mempool_test::test_sequence_number_cache" classname="diem-mempool" time="0.017"></testcase>
  </testsuite>
  <testsuite name="diem-mempool" tests="1" disabled="0" errors="0" failures="0" timestamp="2021-05-17T16:52:41.384+00:00" time="0.013">
    <testcase name="tests::core_mempool_test::test_system_ttl" classname="diem-mempool" time="0.013"></testcase>
  </testsuite>
  <testsuite name="diem-mempool" tests="1" disabled="0" errors="0" failures="0" timestamp="2021-05-17T16:52:41.398+00:00" time="0.016">
    <testcase name="tests::core_mempool_test::test_timeline" classname="diem-mempool" time="0.016"></testcase>
  </testsuite>
  <testsuite name="diem-mempool" tests="1" disabled="0" errors="0" failures="0" timestamp="2021-05-17T16:52:41.414+00:00" time="0.022">
    <testcase name="tests::core_mempool_test::test_transaction_ordering" classname="diem-mempool" time="0.022"></testcase>
  </testsuite>
  <testsuite name="diem-mempool" tests="1" disabled="0" errors="0" failures="0" timestamp="2021-05-17T16:52:41.436+00:00" time="0.007">
    <testcase name="tests::core_mempool_test::test_ttl_cache" classname="diem-mempool" time="0.007"></testcase>
  </testsuite>
  <testsuite name="diem-mempool" tests="1" disabled="0" errors="0" failures="0" timestamp="2021-05-17T16:52:41.442+00:00" time="0.014">
    <testcase name="tests::core_mempool_test::test_update_invalid_transaction_in_mempool" classname="diem-mempool" time="0.014"></testcase>
  </testsuite>
  <testsuite name="diem-mempool" tests="1" disabled="0" errors="0" failures="0" timestamp="2021-05-17T16:52:41.456+00:00" time="0.013">
    <testcase name="tests::core_mempool_test::test_update_transaction_in_mempool" classname="diem-mempool" time="0.013"></testcase>
  </testsuite>
  <testsuite name="diem-mempool" tests="1" disabled="0" errors="0" failures="0" timestamp="2021-05-17T16:52:41.274+00:00" time="0.318">
    <testcase name="tests::core_mempool_test::test_ordering_of_governance_transactions" classname="diem-mempool" time="0.318"></testcase>
  </testsuite>
  <testsuite name="diem-mempool" tests="1" disabled="0" errors="0" failures="0" timestamp="2021-05-17T16:52:41.592+00:00" time="0.140">
    <testcase name="tests::multi_node_test::test_basic_flow" classname="diem-mempool" time="0.140"></testcase>
  </testsuite>
  <testsuite name="diem-mempool" tests="1" disabled="0" errors="0" failures="0" timestamp="2021-05-17T16:52:41.732+00:00" time="0.134">
    <testcase name="tests::multi_node_test::test_broadcast_dependencies" classname="diem-mempool" time="0.134"></testcase>
  </testsuite>
  <testsuite name="diem-mempool" tests="1" disabled="0" errors="0" failures="0" timestamp="2021-05-17T16:52:41.866+00:00" time="0.091">
    <testcase name="tests::multi_node_test::test_broadcast_self_transactions" classname="diem-mempool" time="0.091"></testcase>
  </testsuite>
  <testsuite name="diem-mempool" tests="1" disabled="0" errors="0" failures="0" timestamp="2021-05-17T16:52:41.957+00:00" time="0.105">
    <testcase name="tests::multi_node_test::test_broadcast_updated_transaction" classname="diem-mempool" time="0.105"></testcase>
  </testsuite>
  <testsuite name="diem-mempool" tests="1" disabled="0" errors="0" failures="0" timestamp="2021-05-17T16:52:42.319+00:00" time="0.172">
    <testcase name="tests::multi_node_test::test_failover" classname="diem-mempool" time="0.172">
      <rerunFailure type="test failure" message="failure">System Out: -------------------------------------------------------------------------------------------------------- running 1 test test tests::multi_node_test::test_failover ... FAILED failures: failures: tests::multi_node_test::test_failover test result: FAILED. 0 passed; 1 failed; 0 ignored; 0 measured; 34 filtered out; finished in 0.23s System Error: -------------------------------------------------------------------------------------------------------- thread 'tests::multi_node_test::test_failover' panicked at 'Failed to get expected event 'PeerStateChange'', mempool/src/tests/node.rs:431:9 stack backtrace: 0: rust_begin_unwind at /rustc/2fd73fabe469357a12c2c974c140f67e7cdd76d0/library/std/src/panicking.rs:493:5 1: std::panicking::begin_panic_fmt at /rustc/2fd73fabe469357a12c2c974c140f67e7cdd76d0/library/std/src/panicking.rs:435:5 2: diem_mempool::tests::node::Node::wait_for_event at ./src/tests/node.rs:431:9 3:
      diem_mempool::tests::node::Node::send_connection_event at ./src/tests/node.rs:421:9 4: diem_mempool::tests::node::Node::send_lost_peer_event at ./src/tests/node.rs:415:9 5: diem_mempool::tests::multi_node_test::TestHarness::disconnect at ./src/tests/multi_node_test.rs:276:9 6: diem_mempool::tests::multi_node_test::test_failover at ./src/tests/multi_node_test.rs:744:5 7: diem_mempool::tests::multi_node_test::test_failover::{{closure}} at ./src/tests/multi_node_test.rs:716:1 8: core::ops::function::FnOnce::call_once at /rustc/2fd73fabe469357a12c2c974c140f67e7cdd76d0/library/core/src/ops/function.rs:227:5 9: core::ops::function::FnOnce::call_once at /rustc/2fd73fabe469357a12c2c974c140f67e7cdd76d0/library/core/src/ops/function.rs:227:5 note: Some details are omitted, run with `RUST_BACKTRACE=full` for a verbose backtrace.</rerunFailure>
    </testcase>
  </testsuite>
  <testsuite name="diem-mempool" tests="1" disabled="0" errors="0" failures="0" timestamp="2021-05-17T16:52:42.491+00:00" time="0.241">
    <testcase name="tests::multi_node_test::test_interruption_in_sync" classname="diem-mempool" time="0.241"></testcase>
  </testsuite>
  <testsuite name="diem-mempool" tests="1" disabled="0" errors="0" failures="0" timestamp="2021-05-17T16:52:42.733+00:00" time="0.190">
    <testcase name="tests::multi_node_test::test_max_broadcast_limit" classname="diem-mempool" time="0.190"></testcase>
  </testsuite>
  <testsuite name="diem-mempool" tests="1" disabled="0" errors="0" failures="0" timestamp="2021-05-17T16:52:42.923+00:00" time="0.134">
    <testcase name="tests::multi_node_test::test_metric_cache_ignore_shared_txns" classname="diem-mempool" time="0.134"></testcase>
  </testsuite>
  <testsuite name="diem-mempool" tests="1" disabled="0" errors="0" failures="0" timestamp="2021-05-17T16:52:43.057+00:00" time="0.139">
    <testcase name="tests::multi_node_test::test_ready_transactions" classname="diem-mempool" time="0.139"></testcase>
  </testsuite>
  <testsuite name="diem-mempool" tests="1" disabled="0" errors="0" failures="0" timestamp="2021-05-17T16:52:43.196+00:00" time="0.355">
    <testcase name="tests::multi_node_test::test_rebroadcast_mempool_is_full" classname="diem-mempool" time="0.355"></testcase>
  </testsuite>
  <testsuite name="diem-mempool" tests="1" disabled="0" errors="0" failures="0" timestamp="2021-05-17T16:52:43.720+00:00" time="0.110">
    <testcase name="tests::multi_node_test::test_vfn_multi_network" classname="diem-mempool" time="0.110"></testcase>
  </testsuite>
  <testsuite name="diem-mempool" tests="1" disabled="0" errors="0" failures="0" timestamp="2021-05-17T16:52:43.830+00:00" time="0.021">
    <testcase name="tests::shared_mempool_test::test_consensus_events_rejected_txns" classname="diem-mempool" time="0.021"></testcase>
  </testsuite>
  <testsuite name="diem-mempool" tests="1" disabled="0" errors="0" failures="0" timestamp="2021-05-17T16:52:43.850+00:00" time="0.029">
    <testcase name="tests::shared_mempool_test::test_state_sync_events_committed_txns" classname="diem-mempool" time="0.029"></testcase>
  </testsuite>
  <testsuite name="diem-mempool" tests="1" disabled="0" errors="0" failures="0" timestamp="2021-05-17T16:52:43.551+00:00" time="0.416">
    <testcase name="tests::multi_node_test::test_rebroadcast_missing_ack" classname="diem-mempool" time="0.416"></testcase>
  </testsuite>
  <testsuite name="diem-mempool" tests="1" disabled="0" errors="0" failures="0" timestamp="2021-05-17T16:52:41.470+00:00" time="2.915">
    <testcase name="tests::fuzzing::test_mempool_process_incoming_transactions" classname="diem-mempool" time="2.915"></testcase>
  </testsuite>
  <testsuite name="transaction-builder-generator::generation" tests="1" disabled="0" errors="0" failures="0" timestamp="2021-05-17T16:57:41.049+00:00" time="63.820">
    <testcase name="test_that_rust_code_compiles" classname="transaction-builder-generator::generation" time="63.820"></testcase>
  </testsuite>
  <testsuite name="move-unit-test::move_unit_test_testsuite" tests="1" disabled="0" errors="0" failures="0" timestamp="2021-05-17T16:59:43.289+00:00" time="0.765">
    <testcase name="run_test::cross_module_aborts.move" classname="move-unit-test::move_unit_test_testsuite" time="0.765"></testcase>
  </testsuite>
  <testsuite name="move-unit-test::move_unit_test_testsuite" tests="1" disabled="0" errors="0" failures="0" timestamp="2021-05-17T16:59:43.257+00:00" time="0.904">
    <testcase name="run_test::construct_data.move" classname="move-unit-test::move_unit_test_testsuite" time="0.904"></testcase>
  </testsuite>
  <testsuite name="move-unit-test::move_unit_test_testsuite" tests="1" disabled="0" errors="0" failures="0" timestamp="2021-05-17T16:59:43.365+00:00" time="0.807">
    <testcase name="run_test::unexpected_abort.move" classname="move-unit-test::move_unit_test_testsuite" time="0.807"></testcase>
  </testsuite>
  <testsuite name="move-unit-test::move_unit_test_testsuite" tests="1" disabled="0" errors="0" failures="0" timestamp="2021-05-17T16:59:43.306+00:00" time="1.023">
    <testcase name="run_test::expected_abort_no_abort.move" classname="move-unit-test::move_unit_test_testsuite" time="1.023"></testcase>
  </testsuite>
  <testsuite name="move-unit-test::move_unit_test_testsuite" tests="1" disabled="0" errors="0" failures="0" timestamp="2021-05-17T16:59:43.336+00:00" time="1.010">
    <testcase name="run_test::signer_args.move" classname="move-unit-test::move_unit_test_testsuite" time="1.010"></testcase>
  </testsuite>
  <testsuite name="move-unit-test::move_unit_test_testsuite" tests="1" disabled="0" errors="0" failures="0" timestamp="2021-05-17T16:59:43.360+00:00" time="1.472">
    <testcase name="run_test::timeout.move" classname="move-unit-test::move_unit_test_testsuite" time="1.472"></testcase>
  </testsuite>
  <testsuite name="move-unit-test::move_unit_test_testsuite" tests="1" disabled="0" errors="0" failures="0" timestamp="2021-05-17T16:59:43.347+00:00" time="1.569">
    <testcase name="run_test::storage_on_error_empty_and_non_empty.move" classname="move-unit-test::move_unit_test_testsuite" time="1.569"></testcase>
  </testsuite>
  <testsuite name="move-unit-test::move_unit_test_testsuite" tests="1" disabled="0" errors="0" failures="0" timestamp="2021-05-17T16:59:43.357+00:00" time="1.592">
    <testcase name="run_test::storage_test.move" classname="move-unit-test::move_unit_test_testsuite" time="1.592"></testcase>
  </testsuite>
  <testsuite name="move-unit-test::move_unit_test_testsuite" tests="1" disabled="0" errors="0" failures="0" timestamp="2021-05-17T16:59:43.326+00:00" time="1.766">
    <testcase name="run_test::proposal_test.move" classname="move-unit-test::move_unit_test_testsuite" time="1.766"></testcase>
  </testsuite>
  <testsuite name="executor-benchmark" tests="1" disabled="0" errors="0" failures="0" timestamp="2021-05-17T16:53:01.556+00:00" time="11.314">
    <testcase name="tests::test_benchmark" classname="executor-benchmark" time="11.314"></testcase>
  </testsuite>
  <testsuite name="diem-wallet" tests="1" disabled="0" errors="0" failures="0" timestamp="2021-05-17T16:52:51.391+00:00" time="0.004">
    <testcase name="key_factory::assert_default_child_number" classname="diem-wallet" time="0.004"></testcase>
  </testsuite>
  <testsuite name="diem-wallet" tests="1" disabled="0" errors="0" failures="0" timestamp="2021-05-17T16:52:51.401+00:00" time="0.007">
    <testcase name="mnemonic::test_bips39_vectors" classname="diem-wallet" time="0.007"></testcase>
  </testsuite>
  <testsuite name="diem-wallet" tests="1" disabled="0" errors="0" failures="0" timestamp="2021-05-17T16:52:51.408+00:00" time="0.006">
    <testcase name="mnemonic::test_deterministic_mnemonic" classname="diem-wallet" time="0.006"></testcase>
  </testsuite>
  <testsuite name="diem-wallet" tests="1" disabled="0" errors="0" failures="0" timestamp="2021-05-17T16:52:51.414+00:00" time="0.007">
    <testcase name="mnemonic::test_entropy_length" classname="diem-wallet" time="0.007"></testcase>
  </testsuite>
  <testsuite name="diem-wallet" tests="1" disabled="0" errors="0" failures="0" timestamp="2021-05-17T16:52:51.422+00:00" time="0.012">
    <testcase name="mnemonic::test_entropy_to_word_number_compatibility" classname="diem-wallet" time="0.012"></testcase>
  </testsuite>
  <testsuite name="diem-wallet" tests="1" disabled="0" errors="0" failures="0" timestamp="2021-05-17T16:52:51.434+00:00" time="0.006">
    <testcase name="mnemonic::test_failed_checksum" classname="diem-wallet" time="0.006"></testcase>
  </testsuite>
  <testsuite name="diem-wallet" tests="1" disabled="0" errors="0" failures="0" timestamp="2021-05-17T16:52:51.439+00:00" time="0.006">
    <testcase name="mnemonic::test_roundtrip_mnemonic" classname="diem-wallet" time="0.006"></testcase>
  </testsuite>
  <testsuite name="diem-wallet" tests="1" disabled="0" errors="0" failures="0" timestamp="2021-05-17T16:52:51.395+00:00" time="0.093">
    <testcase name="key_factory::test_key_derivation" classname="diem-wallet" time="0.093"></testcase>
  </testsuite>
  <testsuite name="test-generation::special_instructions" tests="1" disabled="0" errors="0" failures="0" timestamp="2021-05-17T16:59:46.629+00:00" time="0.055">
    <testcase name="bytecode_pop" classname="test-generation::special_instructions" time="0.055"></testcase>
  </testsuite>
  <testsuite name="test-generation::special_instructions" tests="1" disabled="0" errors="0" failures="0" timestamp="2021-05-17T16:59:46.620+00:00" time="0.076">
    <testcase name="bytecode_createaccount" classname="test-generation::special_instructions" time="0.076"></testcase>
  </testsuite>
  <testsuite name="diem-vault-client" tests="1" disabled="0" errors="0" failures="0" timestamp="2021-05-17T16:52:50.855+00:00" time="0.175">
    <testcase name="fuzzing::tests::process_generic_response_proptest" classname="diem-vault-client" time="0.175"></testcase>
  </testsuite>
  <testsuite name="diem-vault-client" tests="1" disabled="0" errors="0" failures="0" timestamp="2021-05-17T16:52:50.885+00:00" time="0.164">
    <testcase name="fuzzing::tests::process_policy_read_response_proptest" classname="diem-vault-client" time="0.164"></testcase>
  </testsuite>
  <testsuite name="diem-vault-client" tests="1" disabled="0" errors="0" failures="0" timestamp="2021-05-17T16:52:51.049+00:00" time="0.041">
    <testcase name="fuzzing::tests::process_token_create_response_proptest" classname="diem-vault-client" time="0.041"></testcase>
  </testsuite>
  <testsuite name="diem-vault-client" tests="1" disabled="0" errors="0" failures="0" timestamp="2021-05-17T16:52:51.090+00:00" time="0.017">
    <testcase name="fuzzing::tests::process_token_renew_response_proptest" classname="diem-vault-client" time="0.017"></testcase>
  </testsuite>
  <testsuite name="diem-vault-client" tests="1" disabled="0" errors="0" failures="0" timestamp="2021-05-17T16:52:50.871+00:00" time="0.238">
    <testcase name="fuzzing::tests::process_policy_list_response_proptest" classname="diem-vault-client" time="0.238"></testcase>
  </testsuite>
  <testsuite name="diem-vault-client" tests="1" disabled="0" errors="0" failures="0" timestamp="2021-05-17T16:52:51.096+00:00" time="0.126">
    <testcase name="fuzzing::tests::process_transit_create_response_proptest" classname="diem-vault-client" time="0.126"></testcase>
  </testsuite>
  <testsuite name="diem-vault-client" tests="1" disabled="0" errors="0" failures="0" timestamp="2021-05-17T16:52:51.340+00:00" time="0.023">
    <testcase name="fuzzing::tests::process_transit_sign_response_proptest" classname="diem-vault-client" time="0.023"></testcase>
  </testsuite>
  <testsuite name="diem-vault-client" tests="1" disabled="0" errors="0" failures="0" timestamp="2021-05-17T16:52:51.363+00:00" time="0.017">
    <testcase name="fuzzing::tests::process_unsealed_response_proptest" classname="diem-vault-client" time="0.017"></testcase>
  </testsuite>
  <testsuite name="diem-vault-client" tests="1" disabled="0" errors="0" failures="0" timestamp="2021-05-17T16:52:51.223+00:00" time="0.178">
    <testcase name="fuzzing::tests::process_transit_restore_response_proptest" classname="diem-vault-client" time="0.178"></testcase>
  </testsuite>
  <testsuite name="diem-vault-client" tests="1" disabled="0" errors="0" failures="0" timestamp="2021-05-17T16:52:50.991+00:00" time="0.545">
    <testcase name="fuzzing::tests::process_secret_list_response_proptest" classname="diem-vault-client" time="0.545"></testcase>
  </testsuite>
  <testsuite name="diem-vault-client" tests="1" disabled="0" errors="0" failures="0" timestamp="2021-05-17T16:52:51.106+00:00" time="0.490">
    <testcase name="fuzzing::tests::process_transit_export_response_proptest" classname="diem-vault-client" time="0.490"></testcase>
  </testsuite>
  <testsuite name="diem-vault-client" tests="1" disabled="0" errors="0" failures="0" timestamp="2021-05-17T16:52:51.109+00:00" time="0.590">
    <testcase name="fuzzing::tests::process_transit_list_response_proptest" classname="diem-vault-client" time="0.590"></testcase>
  </testsuite>
  <testsuite name="diem-vault-client" tests="1" disabled="0" errors="0" failures="0" timestamp="2021-05-17T16:52:51.142+00:00" time="0.625">
    <testcase name="fuzzing::tests::process_transit_read_response_proptest" classname="diem-vault-client" time="0.625"></testcase>
  </testsuite>
  <testsuite name="diem-vault-client" tests="1" disabled="0" errors="0" failures="0" timestamp="2021-05-17T16:52:50.850+00:00" time="1.327">
    <testcase name="dev::run_vault" classname="diem-vault-client" time="1.327"></testcase>
  </testsuite>
  <testsuite name="diem-vault-client" tests="1" disabled="0" errors="0" failures="0" timestamp="2021-05-17T16:52:50.832+00:00" time="1.352">
    <testcase name="dev::run_test_vault" classname="diem-vault-client" time="1.352"></testcase>
  </testsuite>
  <testsuite name="diem-vault-client" tests="1" disabled="0" errors="0" failures="0" timestamp="2021-05-17T16:52:51.030+00:00" time="5.977">
    <testcase name="fuzzing::tests::process_secret_read_response_proptest" classname="diem-vault-client" time="5.977"></testcase>
  </testsuite>
  <testsuite name="move-cli::cli_testsuite" tests="1" disabled="0" errors="0" failures="0" timestamp="2021-05-17T16:52:17.384+00:00" time="0.726">
    <testcase name="run_all::compile_modules_and_scripts/args.txt" classname="move-cli::cli_testsuite" time="0.726"></testcase>
  </testsuite>
  <testsuite name="move-cli::cli_testsuite" tests="1" disabled="0" errors="0" failures="0" timestamp="2021-05-17T16:52:19.781+00:00" time="0.759">
    <testcase name="run_all::doctor_with_stdlib/args.txt" classname="move-cli::cli_testsuite" time="0.759"></testcase>
  </testsuite>
  <testsuite name="move-cli::cli_testsuite" tests="1" disabled="0" errors="0" failures="0" timestamp="2021-05-17T16:52:20.539+00:00" time="0.915">
    <testcase name="run_all::events_emit_view/args.txt" classname="move-cli::cli_testsuite" time="0.915"></testcase>
  </testsuite>
  <testsuite name="move-cli::cli_testsuite" tests="1" disabled="0" errors="0" failures="0" timestamp="2021-05-17T16:52:21.455+00:00" time="0.030">
    <testcase name="run_all::explain_arithmetic_failure/args.txt" classname="move-cli::cli_testsuite" time="0.030"></testcase>
  </testsuite>
  <testsuite name="move-cli::cli_testsuite" tests="1" disabled="0" errors="0" failures="0" timestamp="2021-05-17T16:52:21.485+00:00" time="0.048">
    <testcase name="run_all::explain_missing_resource/args.txt" classname="move-cli::cli_testsuite" time="0.048"></testcase>
  </testsuite>
  <testsuite name="move-cli::cli_testsuite" tests="1" disabled="0" errors="0" failures="0" timestamp="2021-05-17T16:52:21.533+00:00" time="0.049">
    <testcase name="run_all::explain_resource_already_exists/args.txt" classname="move-cli::cli_testsuite" time="0.049"></testcase>
  </testsuite>
  <testsuite name="move-cli::cli_testsuite" tests="1" disabled="0" errors="0" failures="0" timestamp="2021-05-17T16:52:21.582+00:00" time="1.146">
    <testcase name="run_all::explain_stdlib_abort/args.txt" classname="move-cli::cli_testsuite" time="1.146"></testcase>
  </testsuite>
  <testsuite name="move-cli::cli_testsuite" tests="1" disabled="0" errors="0" failures="0" timestamp="2021-05-17T16:52:22.728+00:00" time="0.044">
    <testcase name="run_all::explain_user_module_abort/args.txt" classname="move-cli::cli_testsuite" time="0.044"></testcase>
  </testsuite>
  <testsuite name="move-cli::cli_testsuite" tests="1" disabled="0" errors="0" failures="0" timestamp="2021-05-17T16:52:22.772+00:00" time="0.032">
    <testcase name="run_all::explain_user_tx_script_abort/args.txt" classname="move-cli::cli_testsuite" time="0.032"></testcase>
  </testsuite>
  <testsuite name="move-cli::cli_testsuite" tests="1" disabled="0" errors="0" failures="0" timestamp="2021-05-17T16:52:22.804+00:00" time="0.046">
    <testcase name="run_all::gas_metering/args.txt" classname="move-cli::cli_testsuite" time="0.046"></testcase>
  </testsuite>
  <testsuite name="move-cli::cli_testsuite" tests="1" disabled="0" errors="0" failures="0" timestamp="2021-05-17T16:52:22.850+00:00" time="0.713">
    <testcase name="run_all::module_publish_view/args.txt" classname="move-cli::cli_testsuite" time="0.713"></testcase>
  </testsuite>
  <testsuite name="move-cli::cli_testsuite" tests="1" disabled="0" errors="0" failures="0" timestamp="2021-05-17T16:52:23.563+00:00" time="3.136">
    <testcase name="run_all::offer_smoke/args.txt" classname="move-cli::cli_testsuite" time="3.136"></testcase>
  </testsuite>
  <testsuite name="move-cli::cli_testsuite" tests="1" disabled="0" errors="0" failures="0" timestamp="2021-05-17T16:52:26.302+00:00" time="0.765">
    <testcase name="run_all::print_stack_trace/args.txt" classname="move-cli::cli_testsuite" time="0.765"></testcase>
  </testsuite>
  <testsuite name="move-cli::cli_testsuite" tests="1" disabled="0" errors="0" failures="0" timestamp="2021-05-17T16:52:27.090+00:00" time="0.070">
    <testcase name="run_all::read_write_set/args.txt" classname="move-cli::cli_testsuite" time="0.070"></testcase>
  </testsuite>
  <testsuite name="move-cli::cli_testsuite" tests="1" disabled="0" errors="0" failures="0" timestamp="2021-05-17T16:52:26.701+00:00" time="0.787">
    <testcase name="run_all::print_values/args.txt" classname="move-cli::cli_testsuite" time="0.787"></testcase>
  </testsuite>
  <testsuite name="move-cli::cli_testsuite" tests="1" disabled="0" errors="0" failures="0" timestamp="2021-05-17T16:52:26.850+00:00" time="0.784">
    <testcase name="run_all::publish_then_check/args.txt" classname="move-cli::cli_testsuite" time="0.784"></testcase>
  </testsuite>
  <testsuite name="move-cli::cli_testsuite" tests="1" disabled="0" errors="0" failures="0" timestamp="2021-05-17T16:52:27.067+00:00" time="0.755">
    <testcase name="run_all::publish_then_run/args.txt" classname="move-cli::cli_testsuite" time="0.755"></testcase>
  </testsuite>
  <testsuite name="move-cli::cli_testsuite" tests="1" disabled="0" errors="0" failures="0" timestamp="2021-05-17T16:52:27.247+00:00" time="0.647">
    <testcase name="run_all::script_check/args.txt" classname="move-cli::cli_testsuite" time="0.647"></testcase>
  </testsuite>
  <testsuite name="move-cli::cli_testsuite" tests="1" disabled="0" errors="0" failures="0" timestamp="2021-05-17T16:52:27.167+00:00" time="0.740">
    <testcase name="run_all::republish_module/args.txt" classname="move-cli::cli_testsuite" time="0.740"></testcase>
  </testsuite>
  <testsuite name="move-cli::cli_testsuite" tests="1" disabled="0" errors="0" failures="0" timestamp="2021-05-17T16:52:27.160+00:00" time="0.910">
    <testcase name="run_all::republish/args.txt" classname="move-cli::cli_testsuite" time="0.910"></testcase>
  </testsuite>
  <testsuite name="move-cli::cli_testsuite" tests="1" disabled="0" errors="0" failures="0" timestamp="2021-05-17T16:52:16.760+00:00" time="13.269">
    <testcase name="run_all::compare_smoke/args.txt" classname="move-cli::cli_testsuite" time="13.269"></testcase>
  </testsuite>
  <testsuite name="move-cli::cli_testsuite" tests="1" disabled="0" errors="0" failures="0" timestamp="2021-05-17T16:52:18.110+00:00" time="12.739">
    <testcase name="run_all::diem_read_write_set_smoke/args.txt" classname="move-cli::cli_testsuite" time="12.739"></testcase>
  </testsuite>
  <testsuite name="move-cli::cli_testsuite" tests="1" disabled="0" errors="0" failures="0" timestamp="2021-05-17T16:52:18.239+00:00" time="18.594">
    <testcase name="run_all::diem_smoke/args.txt" classname="move-cli::cli_testsuite" time="18.594"></testcase>
  </testsuite>
  <testsuite name="diemdb" tests="1" disabled="0" errors="0" failures="0" timestamp="2021-05-17T16:52:51.488+00:00" time="0.013">
    <testcase name="diemdb_test::test_get_first_seq_num_and_limit" classname="diemdb" time="0.013"></testcase>
  </testsuite>
  <testsuite name="diemdb" tests="1" disabled="0" errors="0" failures="0" timestamp="2021-05-17T16:52:51.501+00:00" time="0.106">
    <testcase name="diemdb_test::test_get_latest_tree_state" classname="diemdb" time="0.106"></testcase>
  </testsuite>
  <testsuite name="diemdb" tests="1" disabled="0" errors="0" failures="0" timestamp="2021-05-17T16:52:51.597+00:00" time="0.110">
    <testcase name="diemdb_test::test_too_many_requested" classname="diemdb" time="0.110"></testcase>
  </testsuite>
  <testsuite name="diemdb" tests="1" disabled="0" errors="0" failures="0" timestamp="2021-05-17T16:52:51.607+00:00" time="0.112">
    <testcase name="event_store::test::test_error_on_get_from_empty" classname="diemdb" time="0.112"></testcase>
  </testsuite>
  <testsuite name="diemdb" tests="1" disabled="0" errors="0" failures="0" timestamp="2021-05-17T16:52:51.751+00:00" time="0.114">
    <testcase name="event_store::test::test_put_empty" classname="diemdb" time="0.114"></testcase>
  </testsuite>
  <testsuite name="diemdb" tests="1" disabled="0" errors="0" failures="0" timestamp="2021-05-17T16:52:51.865+00:00" time="0.010">
    <testcase name="ledger_counters::test::test_ledger_counters" classname="diemdb" time="0.010"></testcase>
  </testsuite>
  <testsuite name="diemdb" tests="1" disabled="0" errors="0" failures="0" timestamp="2021-05-17T16:52:51.700+00:00" time="0.512">
    <testcase name="event_store::test::test_get_all_events_by_version" classname="diemdb" time="0.512"></testcase>
  </testsuite>
  <testsuite name="diemdb" tests="1" disabled="0" errors="0" failures="0" timestamp="2021-05-17T16:52:52.202+00:00" time="1.304">
    <testcase name="ledger_store::transaction_info_test::test_transaction_info_get_iterator" classname="diemdb" time="1.304"></testcase>
  </testsuite>
  <testsuite name="diemdb" tests="1" disabled="0" errors="0" failures="0" timestamp="2021-05-17T16:52:53.505+00:00" time="0.175">
    <testcase name="pruner::test::test_pruner" classname="diemdb" time="0.175"></testcase>
  </testsuite>
  <testsuite name="diemdb" tests="1" disabled="0" errors="0" failures="0" timestamp="2021-05-17T16:52:51.719+00:00" time="2.083">
    <testcase name="event_store::test::test_index_get" classname="diemdb" time="2.083"></testcase>
  </testsuite>
  <testsuite name="diemdb" tests="1" disabled="0" errors="0" failures="0" timestamp="2021-05-17T16:52:53.680+00:00" time="0.146">
    <testcase name="pruner::test::test_worker_quit_eagerly" classname="diemdb" time="0.146"></testcase>
  </testsuite>
  <testsuite name="diemdb" tests="1" disabled="0" errors="0" failures="0" timestamp="2021-05-17T16:52:53.802+00:00" time="0.028">
    <testcase name="schema::epoch_by_version::test::test_encode_decode" classname="diemdb" time="0.028"></testcase>
  </testsuite>
  <testsuite name="diemdb" tests="1" disabled="0" errors="0" failures="0" timestamp="2021-05-17T16:52:53.829+00:00" time="0.020">
    <testcase name="schema::event_accumulator::test::test_encode_decode" classname="diemdb" time="0.020"></testcase>
  </testsuite>
  <testsuite name="diemdb" tests="1" disabled="0" errors="0" failures="0" timestamp="2021-05-17T16:52:53.849+00:00" time="0.035">
    <testcase name="schema::event_by_key::test::test_encode_decode" classname="diemdb" time="0.035"></testcase>
  </testsuite>
  <testsuite name="diemdb" tests="1" disabled="0" errors="0" failures="0" timestamp="2021-05-17T16:52:53.884+00:00" time="0.025">
    <testcase name="schema::event_by_version::test::test_encode_decode" classname="diemdb" time="0.025"></testcase>
  </testsuite>
  <testsuite name="diemdb" tests="1" disabled="0" errors="0" failures="0" timestamp="2021-05-17T16:52:51.767+00:00" time="2.146">
    <testcase name="event_store::test::test_put_get_verify" classname="diemdb" time="2.146"></testcase>
  </testsuite>
  <testsuite name="diemdb" tests="1" disabled="0" errors="0" failures="0" timestamp="2021-05-17T16:52:53.914+00:00" time="0.066">
    <testcase name="schema::ledger_counters::test::test_encode_decode" classname="diemdb" time="0.066"></testcase>
  </testsuite>
  <testsuite name="diemdb" tests="1" disabled="0" errors="0" failures="0" timestamp="2021-05-17T16:52:53.909+00:00" time="0.191">
    <testcase name="schema::jellyfish_merkle_node::test::test_jellyfish_merkle_node_schema" classname="diemdb" time="0.191"></testcase>
  </testsuite>
  <testsuite name="diemdb" tests="1" disabled="0" errors="0" failures="0" timestamp="2021-05-17T16:52:54.100+00:00" time="0.053">
    <testcase name="schema::stale_node_index::test::test_encode_decode" classname="diemdb" time="0.053"></testcase>
  </testsuite>
  <testsuite name="diemdb" tests="1" disabled="0" errors="0" failures="0" timestamp="2021-05-17T16:52:51.875+00:00" time="2.496">
    <testcase name="ledger_store::ledger_info_test::test_epoch_ending_ledger_infos_iter" classname="diemdb" time="2.496"></testcase>
  </testsuite>
  <testsuite name="diemdb" tests="1" disabled="0" errors="0" failures="0" timestamp="2021-05-17T16:52:54.371+00:00" time="0.021">
    <testcase name="schema::transaction_accumulator::test::test_encode_decode" classname="diemdb" time="0.021"></testcase>
  </testsuite>
  <testsuite name="diemdb" tests="1" disabled="0" errors="0" failures="0" timestamp="2021-05-17T16:52:53.827+00:00" time="0.571">
    <testcase name="schema::event::test::test_encode_decode" classname="diemdb" time="0.571"></testcase>
  </testsuite>
  <testsuite name="diemdb" tests="1" disabled="0" errors="0" failures="0" timestamp="2021-05-17T16:52:54.392+00:00" time="0.026">
    <testcase name="schema::transaction_by_account::test::test_encode_decode" classname="diemdb" time="0.026"></testcase>
  </testsuite>
  <testsuite name="diemdb" tests="1" disabled="0" errors="0" failures="0" timestamp="2021-05-17T16:52:54.398+00:00" time="0.102">
    <testcase name="schema::transaction_info::test::test_encode_decode" classname="diemdb" time="0.102"></testcase>
  </testsuite>
  <testsuite name="diemdb" tests="1" disabled="0" errors="0" failures="0" timestamp="2021-05-17T16:52:52.211+00:00" time="2.323">
    <testcase name="ledger_store::transaction_info_test::test_transaction_info_put_get_verify" classname="diemdb" time="2.323"></testcase>
  </testsuite>
  <testsuite name="diemdb" tests="1" disabled="0" errors="0" failures="0" timestamp="2021-05-17T16:52:54.419+00:00" time="0.129">
    <testcase name="state_store::state_store_test::test_empty_store" classname="diemdb" time="0.129"></testcase>
  </testsuite>
  <testsuite name="diemdb" tests="1" disabled="0" errors="0" failures="0" timestamp="2021-05-17T16:52:52.177+00:00" time="2.569">
    <testcase name="ledger_store::ledger_info_test::test_get_epoch" classname="diemdb" time="2.569"></testcase>
  </testsuite>
  <testsuite name="diemdb" tests="1" disabled="0" errors="0" failures="0" timestamp="2021-05-17T16:52:52.184+00:00" time="2.580">
    <testcase name="ledger_store::ledger_info_test::test_get_epoch_state" classname="diemdb" time="2.580"></testcase>
  </testsuite>
  <testsuite name="diemdb" tests="1" disabled="0" errors="0" failures="0" timestamp="2021-05-17T16:52:51.458+00:00" time="3.416">
    <testcase name="backup::test::test_get_transaction_iter" classname="diemdb" time="3.416"></testcase>
  </testsuite>
  <testsuite name="diemdb" tests="1" disabled="0" errors="0" failures="0" timestamp="2021-05-17T16:52:54.746+00:00" time="0.141">
    <testcase name="state_store::state_store_test::test_retired_records" classname="diemdb" time="0.141"></testcase>
  </testsuite>
  <testsuite name="diemdb" tests="1" disabled="0" errors="0" failures="0" timestamp="2021-05-17T16:52:54.764+00:00" time="0.128">
    <testcase name="state_store::state_store_test::test_state_store_reader_writer" classname="diemdb" time="0.128"></testcase>
  </testsuite>
  <testsuite name="diemdb" tests="1" disabled="0" errors="0" failures="0" timestamp="2021-05-17T16:52:52.202+00:00" time="2.789">
    <testcase name="ledger_store::ledger_info_test::test_get_startup_info" classname="diemdb" time="2.789"></testcase>
  </testsuite>
  <testsuite name="diemdb" tests="1" disabled="0" errors="0" failures="0" timestamp="2021-05-17T16:52:54.874+00:00" time="0.140">
    <testcase name="system_store::test::test_inc_ledger_counters" classname="diemdb" time="0.140"></testcase>
  </testsuite>
  <testsuite name="diemdb" tests="1" disabled="0" errors="0" failures="0" timestamp="2021-05-17T16:52:51.536+00:00" time="3.650">
    <testcase name="diemdb_test::test_sync_transactions" classname="diemdb" time="3.650"></testcase>
  </testsuite>
  <testsuite name="diemdb" tests="1" disabled="0" errors="0" failures="0" timestamp="2021-05-17T16:52:51.533+00:00" time="3.832">
    <testcase name="diemdb_test::test_save_blocks" classname="diemdb" time="3.832"></testcase>
  </testsuite>
  <testsuite name="diemdb" tests="1" disabled="0" errors="0" failures="0" timestamp="2021-05-17T16:52:54.893+00:00" time="1.359">
    <testcase name="transaction_store::test::test_get_transaction_iter" classname="diemdb" time="1.359"></testcase>
  </testsuite>
  <testsuite name="diemdb" tests="1" disabled="0" errors="0" failures="0" timestamp="2021-05-17T16:52:54.991+00:00" time="1.387">
    <testcase name="transaction_store::test::test_put_get" classname="diemdb" time="1.387"></testcase>
  </testsuite>
  <testsuite name="diemdb" tests="1" disabled="0" errors="0" failures="0" timestamp="2021-05-17T16:52:54.153+00:00" time="3.371">
    <testcase name="schema::transaction::test::test_encode_decode" classname="diemdb" time="3.371"></testcase>
  </testsuite>
  <testsuite name="diemdb" tests="1" disabled="0" errors="0" failures="0" timestamp="2021-05-17T16:52:53.980+00:00" time="8.565">
    <testcase name="schema::ledger_info::test::test_encode_decode" classname="diemdb" time="8.565"></testcase>
  </testsuite>
  <testsuite name="diemdb" tests="1" disabled="0" errors="0" failures="0" timestamp="2021-05-17T16:52:54.888+00:00" time="8.002">
    <testcase name="transaction_store::test::test_get_block_metadata" classname="diemdb" time="8.002"></testcase>
  </testsuite>
  <testsuite name="diemdb" tests="1" disabled="0" errors="0" failures="0" timestamp="2021-05-17T16:52:54.500+00:00" time="15.025">
    <testcase name="state_store::state_store_test::test_get_account_iter" classname="diemdb" time="15.025"></testcase>
  </testsuite>
  <testsuite name="diemdb" tests="1" disabled="0" errors="0" failures="0" timestamp="2021-05-17T16:52:54.534+00:00" time="15.868">
    <testcase name="state_store::state_store_test::test_get_rightmost_leaf" classname="diemdb" time="15.868"></testcase>
  </testsuite>
  <testsuite name="diemdb" tests="1" disabled="0" errors="0" failures="0" timestamp="2021-05-17T16:52:54.548+00:00" time="19.100">
    <testcase name="state_store::state_store_test::test_restore" classname="diemdb" time="19.100"></testcase>
  </testsuite>
  <testsuite name="diemdb" tests="1" disabled="0" errors="0" failures="0" timestamp="2021-05-17T16:52:51.707+00:00" time="39.339">
    <testcase name="event_store::test::test_get_last_version_before_timestamp" classname="diemdb" time="39.339"></testcase>
  </testsuite>
  <testsuite name="diem-json-rpc" tests="1" disabled="0" errors="0" failures="0" timestamp="2021-05-17T16:52:36.501+00:00" time="0.015">
    <testcase name="tests::unit_tests::test_check_latest_ledger_info_timestamp" classname="diem-json-rpc" time="0.015"></testcase>
  </testsuite>
  <testsuite name="diem-json-rpc" tests="1" disabled="0" errors="0" failures="0" timestamp="2021-05-17T16:52:36.492+00:00" time="0.038">
    <testcase name="fuzzing::test_json_rpc_service_fuzzer" classname="diem-json-rpc" time="0.038"></testcase>
  </testsuite>
  <testsuite name="diem-json-rpc" tests="1" disabled="0" errors="0" failures="0" timestamp="2021-05-17T16:52:36.496+00:00" time="0.095">
    <testcase name="fuzzing::test_method_fuzzer" classname="diem-json-rpc" time="0.095"></testcase>
  </testsuite>
  <testsuite name="diem-json-rpc" tests="1" disabled="0" errors="0" failures="0" timestamp="2021-05-17T16:52:36.516+00:00" time="1.452">
    <testcase name="tests::unit_tests::test_cors" classname="diem-json-rpc" time="1.452"></testcase>
  </testsuite>
  <testsuite name="diem-json-rpc" tests="1" disabled="0" errors="0" failures="0" timestamp="2021-05-17T16:52:36.591+00:00" time="1.478">
    <testcase name="tests::unit_tests::test_get_account_state_with_proof" classname="diem-json-rpc" time="1.478"></testcase>
  </testsuite>
  <testsuite name="diem-json-rpc" tests="1" disabled="0" errors="0" failures="0" timestamp="2021-05-17T16:52:36.530+00:00" time="1.635">
    <testcase name="tests::unit_tests::test_get_account" classname="diem-json-rpc" time="1.635"></testcase>
  </testsuite>
  <testsuite name="diem-json-rpc" tests="1" disabled="0" errors="0" failures="0" timestamp="2021-05-17T16:52:36.834+00:00" time="1.472">
    <testcase name="tests::unit_tests::test_get_account_state_with_proof_null_versions" classname="diem-json-rpc" time="1.472"></testcase>
  </testsuite>
  <testsuite name="diem-json-rpc" tests="1" disabled="0" errors="0" failures="0" timestamp="2021-05-17T16:52:36.840+00:00" time="1.576">
    <testcase name="tests::unit_tests::test_get_account_transaction" classname="diem-json-rpc" time="1.576"></testcase>
  </testsuite>
  <testsuite name="diem-json-rpc" tests="1" disabled="0" errors="0" failures="0" timestamp="2021-05-17T16:52:37.215+00:00" time="1.638">
    <testcase name="tests::unit_tests::test_get_account_transactions" classname="diem-json-rpc" time="1.638"></testcase>
  </testsuite>
  <testsuite name="diem-json-rpc" tests="1" disabled="0" errors="0" failures="0" timestamp="2021-05-17T16:52:37.298+00:00" time="1.629">
    <testcase name="tests::unit_tests::test_get_events" classname="diem-json-rpc" time="1.629"></testcase>
  </testsuite>
  <testsuite name="diem-json-rpc" tests="1" disabled="0" errors="0" failures="0" timestamp="2021-05-17T16:52:37.748+00:00" time="1.430">
    <testcase name="tests::unit_tests::test_get_events_page_limit" classname="diem-json-rpc" time="1.430"></testcase>
  </testsuite>
  <testsuite name="diem-json-rpc" tests="1" disabled="0" errors="0" failures="0" timestamp="2021-05-17T16:52:37.811+00:00" time="1.575">
    <testcase name="tests::unit_tests::test_get_metadata" classname="diem-json-rpc" time="1.575"></testcase>
  </testsuite>
  <testsuite name="diem-json-rpc" tests="1" disabled="0" errors="0" failures="0" timestamp="2021-05-17T16:52:38.069+00:00" time="1.477">
    <testcase name="tests::unit_tests::test_get_network_status" classname="diem-json-rpc" time="1.477"></testcase>
  </testsuite>
  <testsuite name="diem-json-rpc" tests="1" disabled="0" errors="0" failures="0" timestamp="2021-05-17T16:52:37.969+00:00" time="1.614">
    <testcase name="tests::unit_tests::test_get_metadata_latest" classname="diem-json-rpc" time="1.614"></testcase>
  </testsuite>
[...]
    <testcase name="network_address::encrypted::test::encrypt_decrypt_roundtrip_all_parameters" classname="diem-types" time="2.488"></testcase>
  </testsuite>
  <testsuite name="diem-types" tests="1" disabled="0" errors="0" failures="0" timestamp="2021-05-17T16:52:46.825+00:00" time="2.505">
    <testcase name="network_address::encrypted::test::encrypt_decrypt_roundtrip" classname="diem-types" time="2.505"></testcase>
  </testsuite>
  <testsuite name="diem-types" tests="1" disabled="0" errors="0" failures="0" timestamp="2021-05-17T16:52:48.410+00:00" time="0.940">
    <testcase name="proof::unit_tests::proof_conversion_test::test_sparse_merkle_range_bcs_roundtrip" classname="diem-types" time="0.940"></testcase>
  </testsuite>
  <testsuite name="diem-types" tests="1" disabled="0" errors="0" failures="0" timestamp="2021-05-17T16:52:49.330+00:00" time="0.091">
    <testcase name="unit_tests::transaction_test::transaction_info_bcs_roundtrip" classname="diem-types" time="0.091"></testcase>
  </testsuite>
  <testsuite name="diem-types" tests="1" disabled="0" errors="0" failures="0" timestamp="2021-05-17T16:52:49.014+00:00" time="0.426">
    <testcase name="unit_tests::block_metadata_test::test_block_metadata_canonical_serialization" classname="diem-types" time="0.426"></testcase>
  </testsuite>
  <testsuite name="diem-types" tests="1" disabled="0" errors="0" failures="0" timestamp="2021-05-17T16:52:47.508+00:00" time="1.945">
    <testcase name="proof::accumulator::accumulator_test::test_accumulator_append_subtrees" classname="diem-types" time="1.945"></testcase>
  </testsuite>
  <testsuite name="diem-types" tests="1" disabled="0" errors="0" failures="0" timestamp="2021-05-17T16:52:49.327+00:00" time="0.184">
    <testcase name="unit_tests::transaction_test::transaction_bcs_roundtrip" classname="diem-types" time="0.184"></testcase>
  </testsuite>
  <testsuite name="diem-types" tests="1" disabled="0" errors="0" failures="0" timestamp="2021-05-17T16:52:49.059+00:00" time="0.455">
    <testcase name="unit_tests::contract_event_test::event_bcs_roundtrip" classname="diem-types" time="0.455"></testcase>
  </testsuite>
  <testsuite name="diem-types" tests="1" disabled="0" errors="0" failures="0" timestamp="2021-05-17T16:52:49.439+00:00" time="0.340">
    <testcase name="unit_tests::transaction_test::transaction_with_proof_bcs_roundtrip" classname="diem-types" time="0.340"></testcase>
  </testsuite>
  <testsuite name="diem-types" tests="1" disabled="0" errors="0" failures="0" timestamp="2021-05-17T16:52:47.304+00:00" time="2.572">
    <testcase name="network_address::test::test_network_address_canonical_serialization" classname="diem-types" time="2.572"></testcase>
  </testsuite>
  <testsuite name="diem-types" tests="1" disabled="0" errors="0" failures="0" timestamp="2021-05-17T16:52:49.350+00:00" time="0.617">
    <testcase name="unit_tests::transaction_test::transaction_list_with_proof_bcs_roundtrip" classname="diem-types" time="0.617"></testcase>
  </testsuite>
  <testsuite name="diem-types" tests="1" disabled="0" errors="0" failures="0" timestamp="2021-05-17T16:52:47.041+00:00" time="3.002">
    <testcase name="network_address::test::test_is_not_diemnet_addr_with_trailing" classname="diem-types" time="3.002"></testcase>
  </testsuite>
  <testsuite name="diem-types" tests="1" disabled="0" errors="0" failures="0" timestamp="2021-05-17T16:52:49.083+00:00" time="0.976">
    <testcase name="unit_tests::transaction_test::raw_transaction_bcs_roundtrip" classname="diem-types" time="0.976"></testcase>
  </testsuite>
  <testsuite name="diem-types" tests="1" disabled="0" errors="0" failures="0" timestamp="2021-05-17T16:52:49.061+00:00" time="1.014">
    <testcase name="unit_tests::contract_event_test::event_with_proof_bcs_roundtrip" classname="diem-types" time="1.014"></testcase>
  </testsuite>
  <testsuite name="diem-types" tests="1" disabled="0" errors="0" failures="0" timestamp="2021-05-17T16:52:50.060+00:00" time="0.016">
    <testcase name="unit_tests::trusted_state_test::test_stale_ratchet" classname="diem-types" time="0.016"></testcase>
  </testsuite>
  <testsuite name="diem-types" tests="1" disabled="0" errors="0" failures="0" timestamp="2021-05-17T16:52:49.420+00:00" time="0.789">
    <testcase name="unit_tests::transaction_test::transaction_payload_bcs_roundtrip" classname="diem-types" time="0.789"></testcase>
  </testsuite>
  <testsuite name="diem-types" tests="1" disabled="0" errors="0" failures="0" timestamp="2021-05-17T16:52:49.453+00:00" time="1.176">
    <testcase name="unit_tests::trusted_state_test::test_ratchet_fails_with_gap_in_proof" classname="diem-types" time="1.176"></testcase>
  </testsuite>
  <testsuite name="diem-types" tests="1" disabled="0" errors="0" failures="0" timestamp="2021-05-17T16:52:50.077+00:00" time="0.660">
    <testcase name="unit_tests::validator_set_test::test_validator_set_canonical_serialization" classname="diem-types" time="0.660"></testcase>
  </testsuite>
  <testsuite name="diem-types" tests="1" disabled="0" errors="0" failures="0" timestamp="2021-05-17T16:52:50.737+00:00" time="0.009">
    <testcase name="validator_verifier::tests::test_check_voting_power" classname="diem-types" time="0.009"></testcase>
  </testsuite>
  <testsuite name="diem-types" tests="1" disabled="0" errors="0" failures="0" timestamp="2021-05-17T16:52:50.746+00:00" time="0.035">
    <testcase name="validator_verifier::tests::test_equal_vote_quorum_validators" classname="diem-types" time="0.035"></testcase>
  </testsuite>
  <testsuite name="diem-types" tests="1" disabled="0" errors="0" failures="0" timestamp="2021-05-17T16:52:50.780+00:00" time="0.019">
    <testcase name="validator_verifier::tests::test_unequal_vote_quorum_validators" classname="diem-types" time="0.019"></testcase>
  </testsuite>
  <testsuite name="diem-types" tests="1" disabled="0" errors="0" failures="0" timestamp="2021-05-17T16:52:50.799+00:00" time="0.011">
    <testcase name="validator_verifier::tests::test_validator" classname="diem-types" time="0.011"></testcase>
  </testsuite>
  <testsuite name="diem-types" tests="1" disabled="0" errors="0" failures="0" timestamp="2021-05-17T16:52:49.184+00:00" time="1.635">
    <testcase name="unit_tests::transaction_test::signed_transaction_bcs_roundtrip" classname="diem-types" time="1.635"></testcase>
  </testsuite>
  <testsuite name="diem-types" tests="1" disabled="0" errors="0" failures="0" timestamp="2021-05-17T16:52:50.819+00:00" time="0.006">
    <testcase name="waypoint::test::test_waypoint_li_verification" classname="diem-types" time="0.006"></testcase>
  </testsuite>
  <testsuite name="diem-types" tests="1" disabled="0" errors="0" failures="0" timestamp="2021-05-17T16:52:50.825+00:00" time="0.007">
    <testcase name="waypoint::test::test_waypoint_parsing" classname="diem-types" time="0.007"></testcase>
  </testsuite>
  <testsuite name="diem-types" tests="1" disabled="0" errors="0" failures="0" timestamp="2021-05-17T16:52:50.629+00:00" time="0.221">
    <testcase name="validator_signer::proptests::test_new_signer" classname="diem-types" time="0.221"></testcase>
  </testsuite>
  <testsuite name="diem-types" tests="1" disabled="0" errors="0" failures="0" timestamp="2021-05-17T16:52:49.325+00:00" time="1.530">
    <testcase name="unit_tests::transaction_test::test_sign_raw_transaction" classname="diem-types" time="1.530"></testcase>
  </testsuite>
  <testsuite name="diem-types" tests="1" disabled="0" errors="0" failures="0" timestamp="2021-05-17T16:52:50.811+00:00" time="0.060">
    <testcase name="validator_verifier::tests::test_very_unequal_vote_quorum_validators" classname="diem-types" time="0.060"></testcase>
  </testsuite>
  <testsuite name="diem-types" tests="1" disabled="0" errors="0" failures="0" timestamp="2021-05-17T16:52:49.967+00:00" time="0.918">
    <testcase name="unit_tests::trusted_state_test::test_ratchet_version_only" classname="diem-types" time="0.918"></testcase>
  </testsuite>
  <testsuite name="diem-types" tests="1" disabled="0" errors="0" failures="0" timestamp="2021-05-17T16:52:49.779+00:00" time="1.211">
    <testcase name="unit_tests::trusted_state_test::test_ratchet_from" classname="diem-types" time="1.211"></testcase>
  </testsuite>
  <testsuite name="diem-types" tests="1" disabled="0" errors="0" failures="0" timestamp="2021-05-17T16:52:49.515+00:00" time="1.581">
    <testcase name="unit_tests::trusted_state_test::test_ratchet_fails_with_latest_li_invalid_signature" classname="diem-types" time="1.581"></testcase>
  </testsuite>
  <testsuite name="diem-types" tests="1" disabled="0" errors="0" failures="0" timestamp="2021-05-17T16:52:49.512+00:00" time="1.630">
    <testcase name="unit_tests::trusted_state_test::test_ratchet_fails_with_invalid_signature" classname="diem-types" time="1.630"></testcase>
  </testsuite>
  <testsuite name="diem-types" tests="1" disabled="0" errors="0" failures="0" timestamp="2021-05-17T16:52:50.210+00:00" time="1.131">
    <testcase name="unit_tests::write_set_test::write_set_roundtrip_canonical_serialization" classname="diem-types" time="1.131"></testcase>
  </testsuite>
  <testsuite name="diem-types" tests="1" disabled="0" errors="0" failures="0" timestamp="2021-05-17T16:52:49.876+00:00" time="1.657">
    <testcase name="unit_tests::trusted_state_test::test_ratchet_succeeds_with_more" classname="diem-types" time="1.657"></testcase>
  </testsuite>
  <testsuite name="diem-types" tests="1" disabled="0" errors="0" failures="0" timestamp="2021-05-17T16:52:50.044+00:00" time="1.707">
    <testcase name="unit_tests::trusted_state_test::test_ratchet_with_partial_trusted_prefix" classname="diem-types" time="1.707"></testcase>
  </testsuite>
  <testsuite name="diem-types" tests="1" disabled="0" errors="0" failures="0" timestamp="2021-05-17T16:52:50.075+00:00" time="2.126">
    <testcase name="unit_tests::trusted_state_test::test_trusted_state_roundtrip_canonical_serialization" classname="diem-types" time="2.126"></testcase>
  </testsuite>
  <testsuite name="diem-types" tests="1" disabled="0" errors="0" failures="0" timestamp="2021-05-17T16:52:48.568+00:00" time="3.634">
    <testcase name="proof::unit_tests::proof_conversion_test::test_transaction_list_proof_bcs_roundtrip" classname="diem-types" time="3.634"></testcase>
  </testsuite>
  <testsuite name="diem-writeset-generator" tests="1" disabled="0" errors="0" failures="0" timestamp="2021-05-17T16:52:51.445+00:00" time="0.013">
    <testcase name="release_flow::unit_tests::release_tests::release_test" classname="diem-writeset-generator" time="0.013"></testcase>
  </testsuite>
  <testsuite name="bytecode-interpreter-testsuite::concrete_check_testsuite" tests="1" disabled="0" errors="0" failures="0" timestamp="2021-05-17T16:52:27.764+00:00" time="1.561">
    <testcase name="test_runner::bcs.move" classname="bytecode-interpreter-testsuite::concrete_check_testsuite" time="1.561"></testcase>
  </testsuite>
  <testsuite name="bytecode-interpreter-testsuite::concrete_check_testsuite" tests="1" disabled="0" errors="0" failures="0" timestamp="2021-05-17T16:52:27.823+00:00" time="1.525">
    <testcase name="test_runner::comparison.move" classname="bytecode-interpreter-testsuite::concrete_check_testsuite" time="1.525"></testcase>
  </testsuite>
  <testsuite name="bytecode-interpreter-testsuite::concrete_check_testsuite" tests="1" disabled="0" errors="0" failures="0" timestamp="2021-05-17T16:52:27.894+00:00" time="1.533">
    <testcase name="test_runner::empty.move" classname="bytecode-interpreter-testsuite::concrete_check_testsuite" time="1.533"></testcase>
  </testsuite>
  <testsuite name="bytecode-interpreter-testsuite::concrete_check_testsuite" tests="1" disabled="0" errors="0" failures="0" timestamp="2021-05-17T16:52:27.907+00:00" time="1.559">
    <testcase name="test_runner::event.move" classname="bytecode-interpreter-testsuite::concrete_check_testsuite" time="1.559"></testcase>
  </testsuite>
  <testsuite name="bytecode-interpreter-testsuite::concrete_check_testsuite" tests="1" disabled="0" errors="0" failures="0" timestamp="2021-05-17T16:52:28.070+00:00" time="2.385">
    <testcase name="test_runner::function_call.move" classname="bytecode-interpreter-testsuite::concrete_check_testsuite" time="2.385"></testcase>
  </testsuite>
  <testsuite name="bytecode-interpreter-testsuite::concrete_check_testsuite" tests="1" disabled="0" errors="0" failures="0" timestamp="2021-05-17T16:52:29.348+00:00" time="1.524">
    <testcase name="test_runner::load_constant.move" classname="bytecode-interpreter-testsuite::concrete_check_testsuite" time="1.524"></testcase>
  </testsuite>
  <testsuite name="bytecode-interpreter-testsuite::concrete_check_testsuite" tests="1" disabled="0" errors="0" failures="0" timestamp="2021-05-17T16:52:27.772+00:00" time="3.122">
    <testcase name="test_runner::bitwise.move" classname="bytecode-interpreter-testsuite::concrete_check_testsuite" time="3.122"></testcase>
  </testsuite>
  <testsuite name="bytecode-interpreter-testsuite::concrete_check_testsuite" tests="1" disabled="0" errors="0" failures="0" timestamp="2021-05-17T16:52:29.325+00:00" time="1.572">
    <testcase name="test_runner::if_else.move" classname="bytecode-interpreter-testsuite::concrete_check_testsuite" time="1.572"></testcase>
  </testsuite>
  <testsuite name="bytecode-interpreter-testsuite::concrete_check_testsuite" tests="1" disabled="0" errors="0" failures="0" timestamp="2021-05-17T16:52:29.428+00:00" time="1.899">
    <testcase name="test_runner::local_ref.move" classname="bytecode-interpreter-testsuite::concrete_check_testsuite" time="1.899"></testcase>
  </testsuite>
  <testsuite name="bytecode-interpreter-testsuite::concrete_check_testsuite" tests="1" disabled="0" errors="0" failures="0" timestamp="2021-05-17T16:52:29.466+00:00" time="1.924">
    <testcase name="test_runner::loop.move" classname="bytecode-interpreter-testsuite::concrete_check_testsuite" time="1.924"></testcase>
  </testsuite>
  <testsuite name="bytecode-interpreter-testsuite::concrete_check_testsuite" tests="1" disabled="0" errors="0" failures="0" timestamp="2021-05-17T16:52:30.237+00:00" time="1.720">
    <testcase name="test_runner::vector.move" classname="bytecode-interpreter-testsuite::concrete_check_testsuite" time="1.720"></testcase>
  </testsuite>
  <testsuite name="bytecode-interpreter-testsuite::concrete_check_testsuite" tests="1" disabled="0" errors="0" failures="0" timestamp="2021-05-17T16:52:30.029+00:00" time="1.989">
    <testcase name="test_runner::pack_unpack.move" classname="bytecode-interpreter-testsuite::concrete_check_testsuite" time="1.989"></testcase>
  </testsuite>
  <testsuite name="bytecode-interpreter-testsuite::concrete_check_testsuite" tests="1" disabled="0" errors="0" failures="0" timestamp="2021-05-17T16:52:27.741+00:00" time="5.217">
    <testcase name="test_runner::arithmetics.move" classname="bytecode-interpreter-testsuite::concrete_check_testsuite" time="5.217"></testcase>
  </testsuite>
  <testsuite name="bytecode-interpreter-testsuite::concrete_check_testsuite" tests="1" disabled="0" errors="0" failures="0" timestamp="2021-05-17T16:52:28.883+00:00" time="5.537">
    <testcase name="test_runner::global_basics.move" classname="bytecode-interpreter-testsuite::concrete_check_testsuite" time="5.537"></testcase>
  </testsuite>
  <testsuite name="execution-correctness::binary" tests="1" disabled="0" errors="0" failures="0" timestamp="2021-05-17T16:52:07.467+00:00" time="3.101">
    <testcase name="test_rest" classname="execution-correctness::binary" time="3.101"></testcase>
  </testsuite>
  <testsuite name="docgen::testsuite" tests="1" disabled="0" errors="0" failures="0" timestamp="2021-05-17T17:03:46.627+00:00" time="22.858">
    <testcase name="test_runner::code_block_test.move" classname="docgen::testsuite" time="22.858"></testcase>
  </testsuite>
  <testsuite name="docgen::testsuite" tests="1" disabled="0" errors="0" failures="0" timestamp="2021-05-17T17:03:47.880+00:00" time="22.363">
    <testcase name="test_runner::root_template.md" classname="docgen::testsuite" time="22.363"></testcase>
  </testsuite>
  <testsuite name="docgen::testsuite" tests="1" disabled="0" errors="0" failures="0" timestamp="2021-05-17T17:03:47.839+00:00" time="22.573">
    <testcase name="test_runner::different_visbilities.move" classname="docgen::testsuite" time="22.573"></testcase>
  </testsuite>
  <testsuite name="docgen::testsuite" tests="1" disabled="0" errors="0" failures="0" timestamp="2021-05-17T17:03:48.729+00:00" time="23.161">
    <testcase name="test_runner::some_script.move" classname="docgen::testsuite" time="23.161"></testcase>
  </testsuite>
  <testsuite name="docgen::testsuite" tests="1" disabled="0" errors="0" failures="0" timestamp="2021-05-17T17:03:45.238+00:00" time="69.383">
    <testcase name="test_runner::DiemTest.move" classname="docgen::testsuite" time="69.383"></testcase>
  </testsuite>
  <testsuite name="test-generation::local_instructions" tests="1" disabled="0" errors="0" failures="0" timestamp="2021-05-17T16:59:19.900+00:00" time="0.064">
    <testcase name="bytecode_copyloc" classname="test-generation::local_instructions" time="0.064"></testcase>
  </testsuite>
  <testsuite name="test-generation::local_instructions" tests="1" disabled="0" errors="0" failures="0" timestamp="2021-05-17T16:59:19.964+00:00" time="0.308">
    <testcase name="bytecode_copyloc_local_unavailable" classname="test-generation::local_instructions" time="0.308"></testcase>
  </testsuite>
  <testsuite name="test-generation::local_instructions" tests="1" disabled="0" errors="0" failures="0" timestamp="2021-05-17T16:59:20.272+00:00" time="0.144">
    <testcase name="bytecode_copyloc_no_local" classname="test-generation::local_instructions" time="0.144"></testcase>
  </testsuite>
  <testsuite name="test-generation::local_instructions" tests="1" disabled="0" errors="0" failures="0" timestamp="2021-05-17T16:59:20.417+00:00" time="0.031">
    <testcase name="bytecode_immborrowloc" classname="test-generation::local_instructions" time="0.031"></testcase>
  </testsuite>
  <testsuite name="test-generation::local_instructions" tests="1" disabled="0" errors="0" failures="0" timestamp="2021-05-17T16:59:20.448+00:00" time="0.288">
    <testcase name="bytecode_immborrowloc_no_local" classname="test-generation::local_instructions" time="0.288"></testcase>
  </testsuite>
  <testsuite name="test-generation::local_instructions" tests="1" disabled="0" errors="0" failures="0" timestamp="2021-05-17T16:59:20.736+00:00" time="0.052">
    <testcase name="bytecode_moveloc" classname="test-generation::local_instructions" time="0.052"></testcase>
  </testsuite>
  <testsuite name="test-generation::local_instructions" tests="1" disabled="0" errors="0" failures="0" timestamp="2021-05-17T16:59:20.788+00:00" time="0.241">
    <testcase name="bytecode_moveloc_local_unavailable" classname="test-generation::local_instructions" time="0.241"></testcase>
  </testsuite>
  <testsuite name="test-generation::local_instructions" tests="1" disabled="0" errors="0" failures="0" timestamp="2021-05-17T16:59:21.007+00:00" time="0.041">
    <testcase name="bytecode_mutborrowloc" classname="test-generation::local_instructions" time="0.041"></testcase>
  </testsuite>
  <testsuite name="test-generation::local_instructions" tests="1" disabled="0" errors="0" failures="0" timestamp="2021-05-17T16:59:20.863+00:00" time="0.377">
    <testcase name="bytecode_moveloc_no_local" classname="test-generation::local_instructions" time="0.377"></testcase>
  </testsuite>
  <testsuite name="test-generation::local_instructions" tests="1" disabled="0" errors="0" failures="0" timestamp="2021-05-17T16:59:21.029+00:00" time="0.387">
    <testcase name="bytecode_mutborrowloc_no_local" classname="test-generation::local_instructions" time="0.387"></testcase>
  </testsuite>
</testsuites>
