<?xml version="1.0" encoding="utf-8"?>
<testsuites>
  <testsuite name="test-generation::struct_instructions" tests="1" disabled="0" errors="0" failures="0" timestamp="" time="0.010">
    <testcase name="bytecode_borrowglobal" classname="test-generation::struct_instructions" time="0.010"></testcase>
  </testsuite>
  <testsuite name="test-generation::struct_instructions" tests="1" disabled="0" errors="0" failures="0" timestamp="2021-05-05T22:25:58.604+00:00" time="0.010">
    <testcase name="bytecode_exists" classname="test-generation::struct_instructions" time="0.010"></testcase>
  </testsuite>
  <testsuite name="test-generation::struct_instructions" tests="1" disabled="0" errors="0" failures="0" timestamp="2021-05-05T22:25:58.580+00:00" time="0.135">
    <testcase name="bytecode_borrowglobal_no_address_on_stack" classname="test-generation::struct_instructions" time="0.135"></testcase>
  </testsuite>
  <testsuite name="test-generation::struct_instructions" tests="1" disabled="0" errors="0" failures="0" timestamp="2021-05-05T22:25:58.588+00:00" time="0.130">
    <testcase name="bytecode_borrowglobal_struct_is_not_resource" classname="test-generation::struct_instructions" time="0.130"></testcase>
  </testsuite>
  <testsuite name="test-generation::struct_instructions" tests="1" disabled="0" errors="0" failures="0" timestamp="2021-05-05T22:25:58.718+00:00" time="0.009">
    <testcase name="bytecode_immborrowfield" classname="test-generation::struct_instructions" time="0.009"></testcase>
  </testsuite>
  <testsuite name="test-generation::struct_instructions" tests="1" disabled="0" errors="0" failures="0" timestamp="2021-05-05T22:25:58.614+00:00" time="0.124">
    <testcase name="bytecode_exists_no_address_on_stack" classname="test-generation::struct_instructions" time="0.124"></testcase>
  </testsuite>
  <testsuite name="test-generation::struct_instructions" tests="1" disabled="0" errors="0" failures="0" timestamp="2021-05-05T22:25:58.715+00:00" time="0.131">
    <testcase name="bytecode_exists_struct_is_not_resource" classname="test-generation::struct_instructions" time="0.131"></testcase>
  </testsuite>
  <testsuite name="test-generation::struct_instructions" tests="1" disabled="0" errors="0" failures="0" timestamp="2021-05-05T22:25:58.727+00:00" time="0.121">
    <testcase name="bytecode_immborrowfield_ref_is_mutable" classname="test-generation::struct_instructions" time="0.121"></testcase>
  </testsuite>
  <testsuite name="test-generation::struct_instructions" tests="1" disabled="0" errors="0" failures="0" timestamp="2021-05-05T22:25:58.846+00:00" time="0.011">
    <testcase name="bytecode_movefrom" classname="test-generation::struct_instructions" time="0.011"></testcase>
  </testsuite>
  <testsuite name="test-generation::struct_instructions" tests="1" disabled="0" errors="0" failures="0" timestamp="2021-05-05T22:25:58.738+00:00" time="0.124">
    <testcase name="bytecode_immborrowfield_stack_has_no_reference" classname="test-generation::struct_instructions" time="0.124"></testcase>
  </testsuite>
  <testsuite name="test-generation::struct_instructions" tests="1" disabled="0" errors="0" failures="0" timestamp="2021-05-05T22:25:58.862+00:00" time="0.009">
    <testcase name="bytecode_moveto" classname="test-generation::struct_instructions" time="0.009"></testcase>
  </testsuite>
  <testsuite name="test-generation::struct_instructions" tests="1" disabled="0" errors="0" failures="0" timestamp="2021-05-05T22:25:58.849+00:00" time="0.124">
    <testcase name="bytecode_movefrom_no_address_on_stack" classname="test-generation::struct_instructions" time="0.124"></testcase>
  </testsuite>
  <testsuite name="test-generation::struct_instructions" tests="1" disabled="0" errors="0" failures="0" timestamp="2021-05-05T22:25:58.857+00:00" time="0.124">
    <testcase name="bytecode_movefrom_struct_is_not_resource" classname="test-generation::struct_instructions" time="0.124"></testcase>
  </testsuite>
  <testsuite name="test-generation::struct_instructions" tests="1" disabled="0" errors="0" failures="0" timestamp="2021-05-05T22:25:58.982+00:00" time="0.010">
    <testcase name="bytecode_mutborrowfield" classname="test-generation::struct_instructions" time="0.010"></testcase>
  </testsuite>
  <testsuite name="test-generation::struct_instructions" tests="1" disabled="0" errors="0" failures="0" timestamp="2021-05-05T22:25:58.871+00:00" time="0.121">
    <testcase name="bytecode_moveto_no_struct_on_stack" classname="test-generation::struct_instructions" time="0.121"></testcase>
  </testsuite>
  <testsuite name="test-generation::struct_instructions" tests="1" disabled="0" errors="0" failures="0" timestamp="2021-05-05T22:25:58.973+00:00" time="0.126">
    <testcase name="bytecode_moveto_struct_is_not_resource" classname="test-generation::struct_instructions" time="0.126"></testcase>
  </testsuite>
  <testsuite name="test-generation::struct_instructions" tests="1" disabled="0" errors="0" failures="0" timestamp="2021-05-05T22:25:59.099+00:00" time="0.010">
    <testcase name="bytecode_pack" classname="test-generation::struct_instructions" time="0.010"></testcase>
  </testsuite>
  <testsuite name="test-generation::struct_instructions" tests="1" disabled="0" errors="0" failures="0" timestamp="2021-05-05T22:25:58.992+00:00" time="0.121">
    <testcase name="bytecode_mutborrowfield_ref_is_immutable" classname="test-generation::struct_instructions" time="0.121"></testcase>
  </testsuite>
  <testsuite name="test-generation::struct_instructions" tests="1" disabled="0" errors="0" failures="0" timestamp="2021-05-05T22:25:58.992+00:00" time="0.123">
    <testcase name="bytecode_mutborrowfield_stack_has_no_reference" classname="test-generation::struct_instructions" time="0.123"></testcase>
  </testsuite>
  <testsuite name="test-generation::struct_instructions" tests="1" disabled="0" errors="0" failures="0" timestamp="2021-05-05T22:25:59.113+00:00" time="0.010">
    <testcase name="bytecode_unpack" classname="test-generation::struct_instructions" time="0.010"></testcase>
  </testsuite>
  <testsuite name="test-generation::struct_instructions" tests="1" disabled="0" errors="0" failures="0" timestamp="2021-05-05T22:25:59.110+00:00" time="0.127">
    <testcase name="bytecode_pack_signature_not_satisfied" classname="test-generation::struct_instructions" time="0.127"></testcase>
  </testsuite>
  <testsuite name="test-generation::struct_instructions" tests="1" disabled="0" errors="0" failures="0" timestamp="2021-05-05T22:25:59.115+00:00" time="0.131">
    <testcase name="bytecode_unpack_signature_not_satisfied" classname="test-generation::struct_instructions" time="0.131"></testcase>
  </testsuite>
  <testsuite name="test-generation::boolean_instructions" tests="1" disabled="0" errors="0" failures="0" timestamp="2021-05-05T22:20:42.390+00:00" time="0.009">
    <testcase name="bytecode_not" classname="test-generation::boolean_instructions" time="0.009"></testcase>
  </testsuite>
  <testsuite name="test-generation::boolean_instructions" tests="1" disabled="0" errors="0" failures="0" timestamp="2021-05-05T22:20:42.390+00:00" time="0.017">
    <testcase name="bytecode_or" classname="test-generation::boolean_instructions" time="0.017"></testcase>
  </testsuite>
  <testsuite name="test-generation::boolean_instructions" tests="1" disabled="0" errors="0" failures="0" timestamp="2021-05-05T22:20:42.390+00:00" time="0.024">
    <testcase name="bytecode_and" classname="test-generation::boolean_instructions" time="0.024"></testcase>
  </testsuite>
  <testsuite name="diem-fuzzer::artifacts" tests="1" disabled="0" errors="0" failures="0" timestamp="2021-05-05T22:20:42.390+00:00" time="0.029">
    <testcase name="test_artifact::CompiledModuleTarget/oom-54725f11" classname="diem-fuzzer::artifacts" time="0.029"></testcase>
  </testsuite>
  <testsuite name="diem-fuzzer::artifacts" tests="1" disabled="0" errors="0" failures="0" timestamp="2021-05-05T22:20:42.390+00:00" time="0.030">
    <testcase name="test_artifact::CompiledModuleTarget/crash-5d65cfbc" classname="diem-fuzzer::artifacts" time="0.030"></testcase>
  </testsuite>
  <testsuite name="diem-fuzzer::artifacts" tests="1" disabled="0" errors="0" failures="0" timestamp="2021-05-05T22:20:42.390+00:00" time="0.034">
    <testcase name="test_artifact::ValueTarget/oom-ce8ba3d1" classname="diem-fuzzer::artifacts" time="0.034"></testcase>
  </testsuite>
  <testsuite name="diem-fuzzer::artifacts" tests="1" disabled="0" errors="0" failures="0" timestamp="2021-05-05T22:20:42.390+00:00" time="0.047">
    <testcase name="test_artifact::ValueTarget/oom-9761fc3aeea49b5f4420ff159ca3f8a6fb0502d0" classname="diem-fuzzer::artifacts" time="0.047"></testcase>
  </testsuite>
  <testsuite name="diem-fuzzer::artifacts" tests="1" disabled="0" errors="0" failures="0" timestamp="2021-05-05T22:20:42.390+00:00" time="0.052">
    <testcase name="test_artifact::ConsensusProposal/crash-34c5631cb9944549796a14547cef7223a6ab78d6" classname="diem-fuzzer::artifacts" time="0.052"></testcase>
  </testsuite>
  <testsuite name="diem-fuzzer::artifacts" tests="1" disabled="0" errors="0" failures="0" timestamp="2021-05-05T22:20:42.391+00:00" time="0.063">
    <testcase name="test_artifact::VaultTransitExportResponse/insufficient_key_len_slicing_error" classname="diem-fuzzer::artifacts" time="0.063"></testcase>
  </testsuite>
  <testsuite name="test-generation::reference_instructions" tests="1" disabled="0" errors="0" failures="0" timestamp="2021-05-05T22:25:58.294+00:00" time="0.009">
    <testcase name="bytecode_feezeref" classname="test-generation::reference_instructions" time="0.009"></testcase>
  </testsuite>
  <testsuite name="test-generation::reference_instructions" tests="1" disabled="0" errors="0" failures="0" timestamp="2021-05-05T22:25:58.347+00:00" time="0.010">
    <testcase name="bytecode_readref" classname="test-generation::reference_instructions" time="0.010"></testcase>
  </testsuite>
  <testsuite name="test-generation::reference_instructions" tests="1" disabled="0" errors="0" failures="0" timestamp="2021-05-05T22:25:58.303+00:00" time="0.125">
    <testcase name="bytecode_feezeref_no_ref" classname="test-generation::reference_instructions" time="0.125"></testcase>
  </testsuite>
  <testsuite name="test-generation::reference_instructions" tests="1" disabled="0" errors="0" failures="0" timestamp="2021-05-05T22:25:58.300+00:00" time="0.129">
    <testcase name="bytecode_feezeref_already_immutable" classname="test-generation::reference_instructions" time="0.129"></testcase>
  </testsuite>
  <testsuite name="test-generation::reference_instructions" tests="1" disabled="0" errors="0" failures="0" timestamp="2021-05-05T22:25:58.429+00:00" time="0.012">
    <testcase name="bytecode_writeref" classname="test-generation::reference_instructions" time="0.012"></testcase>
  </testsuite>
  <testsuite name="test-generation::reference_instructions" tests="1" disabled="0" errors="0" failures="0" timestamp="2021-05-05T22:25:58.357+00:00" time="0.122">
    <testcase name="bytecode_readref_no_ref" classname="test-generation::reference_instructions" time="0.122"></testcase>
  </testsuite>
  <testsuite name="test-generation::reference_instructions" tests="1" disabled="0" errors="0" failures="0" timestamp="2021-05-05T22:25:58.429+00:00" time="0.125">
    <testcase name="bytecode_readref_wrong_dereference" classname="test-generation::reference_instructions" time="0.125"></testcase>
  </testsuite>
  <testsuite name="test-generation::reference_instructions" tests="1" disabled="0" errors="0" failures="0" timestamp="2021-05-05T22:25:58.441+00:00" time="0.127">
    <testcase name="bytecode_writeref_stack_len_mismatch" classname="test-generation::reference_instructions" time="0.127"></testcase>
  </testsuite>
  <testsuite name="test-generation::reference_instructions" tests="1" disabled="0" errors="0" failures="0" timestamp="2021-05-05T22:25:58.480+00:00" time="0.124">
    <testcase name="bytecode_writeref_type_mismatch" classname="test-generation::reference_instructions" time="0.124"></testcase>
  </testsuite>
  <testsuite name="ir-testsuite::testsuite" tests="1" disabled="0" errors="0" failures="0" timestamp="2021-05-05T22:25:59.566+00:00" time="1.320">
    <testcase name="run_test::move/borrow_tests/borrow_global_acquires_duplicate_annotation.mvir" classname="ir-testsuite::testsuite" time="1.320"></testcase>
  </testsuite>
  <testsuite name="ir-testsuite::testsuite" tests="1" disabled="0" errors="0" failures="0" timestamp="2021-05-05T22:25:59.247+00:00" time="1.702">
    <testcase name="run_test::move/borrow_tests/borrow_global_acquires_1.mvir" classname="ir-testsuite::testsuite" time="1.702"></testcase>
  </testsuite>
  <testsuite name="ir-testsuite::testsuite" tests="1" disabled="0" errors="0" failures="0" timestamp="2021-05-05T22:25:59.650+00:00" time="1.307">
    <testcase name="run_test::move/borrow_tests/borrow_global_acquires_extraneous_annotation.mvir" classname="ir-testsuite::testsuite" time="1.307"></testcase>
  </testsuite>
  <testsuite name="ir-testsuite::testsuite" tests="1" disabled="0" errors="0" failures="0" timestamp="2021-05-05T22:25:59.314+00:00" time="1.747">
    <testcase name="run_test::move/borrow_tests/borrow_global_acquires_2.mvir" classname="ir-testsuite::testsuite" time="1.747"></testcase>
  </testsuite>
  <testsuite name="ir-testsuite::testsuite" tests="1" disabled="0" errors="0" failures="0" timestamp="2021-05-05T22:25:59.439+00:00" time="1.669">
    <testcase name="run_test::move/borrow_tests/borrow_global_acquires_3.mvir" classname="ir-testsuite::testsuite" time="1.669"></testcase>
  </testsuite>
  <testsuite name="ir-testsuite::testsuite" tests="1" disabled="0" errors="0" failures="0" timestamp="2021-05-05T22:25:59.123+00:00" time="2.114">
    <testcase name="run_test::move/borrow_tests/borrow_copy_ok.mvir" classname="ir-testsuite::testsuite" time="2.114"></testcase>
  </testsuite>
  <testsuite name="ir-testsuite::testsuite" tests="1" disabled="0" errors="0" failures="0" timestamp="2021-05-05T22:25:59.237+00:00" time="2.081">
    <testcase name="run_test::move/borrow_tests/borrow_field_ok.mvir" classname="ir-testsuite::testsuite" time="2.081"></testcase>
  </testsuite>
  <testsuite name="ir-testsuite::testsuite" tests="1" disabled="0" errors="0" failures="0" timestamp="2021-05-05T22:26:00.119+00:00" time="1.315">
    <testcase name="run_test::move/borrow_tests/borrow_global_acquires_invalid_1.mvir" classname="ir-testsuite::testsuite" time="1.315"></testcase>
  </testsuite>
  <testsuite name="ir-testsuite::testsuite" tests="1" disabled="0" errors="0" failures="0" timestamp="2021-05-05T22:26:00.638+00:00" time="1.364">
    <testcase name="run_test::move/borrow_tests/borrow_global_acquires_invalid_2.mvir" classname="ir-testsuite::testsuite" time="1.364"></testcase>
  </testsuite>
  <testsuite name="ir-testsuite::testsuite" tests="1" disabled="0" errors="0" failures="0" timestamp="2021-05-05T22:26:00.887+00:00" time="1.354">
    <testcase name="run_test::move/borrow_tests/borrow_global_acquires_invalid_3.mvir" classname="ir-testsuite::testsuite" time="1.354"></testcase>
  </testsuite>
  <testsuite name="ir-testsuite::testsuite" tests="1" disabled="0" errors="0" failures="0" timestamp="2021-05-05T22:26:00.949+00:00" time="1.305">
    <testcase name="run_test::move/borrow_tests/borrow_global_acquires_invalid_annotation.mvir" classname="ir-testsuite::testsuite" time="1.305"></testcase>
  </testsuite>
  <testsuite name="ir-testsuite::testsuite" tests="1" disabled="0" errors="0" failures="0" timestamp="2021-05-05T22:26:00.957+00:00" time="1.322">
    <testcase name="run_test::move/borrow_tests/borrow_global_acquires_missing_annotation.mvir" classname="ir-testsuite::testsuite" time="1.322"></testcase>
  </testsuite>
  <testsuite name="ir-testsuite::testsuite" tests="1" disabled="0" errors="0" failures="0" timestamp="2021-05-05T22:26:01.108+00:00" time="1.300">
    <testcase name="run_test::move/borrow_tests/borrow_global_acquires_return_reference_invalid_1.mvir" classname="ir-testsuite::testsuite" time="1.300"></testcase>
  </testsuite>
  <testsuite name="ir-testsuite::testsuite" tests="1" disabled="0" errors="0" failures="0" timestamp="2021-05-05T22:26:01.179+00:00" time="1.299">
    <testcase name="run_test::move/borrow_tests/borrow_global_bad0.mvir" classname="ir-testsuite::testsuite" time="1.299"></testcase>
  </testsuite>
  <testsuite name="ir-testsuite::testsuite" tests="1" disabled="0" errors="0" failures="0" timestamp="2021-05-05T22:26:01.237+00:00" time="1.337">
    <testcase name="run_test::move/borrow_tests/borrow_global_bad1.mvir" classname="ir-testsuite::testsuite" time="1.337"></testcase>
  </testsuite>
  <testsuite name="ir-testsuite::testsuite" tests="1" disabled="0" errors="0" failures="0" timestamp="2021-05-05T22:26:01.318+00:00" time="1.301">
    <testcase name="run_test::move/borrow_tests/borrow_global_bad2.mvir" classname="ir-testsuite::testsuite" time="1.301"></testcase>
  </testsuite>
  <testsuite name="ir-testsuite::testsuite" tests="1" disabled="0" errors="0" failures="0" timestamp="2021-05-05T22:26:01.061+00:00" time="1.673">
    <testcase name="run_test::move/borrow_tests/borrow_global_acquires_return_reference_1.mvir" classname="ir-testsuite::testsuite" time="1.673"></testcase>
  </testsuite>
  <testsuite name="ir-testsuite::testsuite" tests="1" disabled="0" errors="0" failures="0" timestamp="2021-05-05T22:26:01.435+00:00" time="1.326">
    <testcase name="run_test::move/borrow_tests/borrow_global_bad5.mvir" classname="ir-testsuite::testsuite" time="1.326"></testcase>
  </testsuite>
  <testsuite name="ir-testsuite::testsuite" tests="1" disabled="0" errors="0" failures="0" timestamp="2021-05-05T22:26:02.240+00:00" time="1.328">
    <testcase name="run_test::move/borrow_tests/borrow_if.mvir" classname="ir-testsuite::testsuite" time="1.328"></testcase>
  </testsuite>
  <testsuite name="ir-testsuite::testsuite" tests="1" disabled="0" errors="0" failures="0" timestamp="2021-05-05T22:26:02.002+00:00" time="1.722">
    <testcase name="run_test::move/borrow_tests/borrow_global_good.mvir" classname="ir-testsuite::testsuite" time="1.722"></testcase>
  </testsuite>
  <testsuite name="ir-testsuite::testsuite" tests="1" disabled="0" errors="0" failures="0" timestamp="2021-05-05T22:26:02.478+00:00" time="1.277">
    <testcase name="run_test::move/borrow_tests/borrow_return_mutable_borrow_bad.mvir" classname="ir-testsuite::testsuite" time="1.277"></testcase>
  </testsuite>
  <testsuite name="ir-testsuite::testsuite" tests="1" disabled="0" errors="0" failures="0" timestamp="2021-05-05T22:26:02.734+00:00" time="1.318">
    <testcase name="run_test::move/borrow_tests/copy_loc_borrowed_field_invalid.mvir" classname="ir-testsuite::testsuite" time="1.318"></testcase>
  </testsuite>
  <testsuite name="ir-testsuite::testsuite" tests="1" disabled="0" errors="0" failures="0" timestamp="2021-05-05T22:26:02.874+00:00" time="1.335">
    <testcase name="run_test::move/borrow_tests/copy_loc_borrowed_indirect_invalid.mvir" classname="ir-testsuite::testsuite" time="1.335"></testcase>
  </testsuite>
  <testsuite name="ir-testsuite::testsuite" tests="1" disabled="0" errors="0" failures="0" timestamp="2021-05-05T22:26:02.512+00:00" time="1.726">
    <testcase name="run_test::move/borrow_tests/borrow_x_in_if_y_in_else.mvir" classname="ir-testsuite::testsuite" time="1.726"></testcase>
  </testsuite>
  <testsuite name="ir-testsuite::testsuite" tests="1" disabled="0" errors="0" failures="0" timestamp="2021-05-05T22:26:02.619+00:00" time="1.694">
    <testcase name="run_test::move/borrow_tests/copy_loc_borrowed_field.mvir" classname="ir-testsuite::testsuite" time="1.694"></testcase>
  </testsuite>
  <testsuite name="ir-testsuite::testsuite" tests="1" disabled="0" errors="0" failures="0" timestamp="2021-05-05T22:26:02.574+00:00" time="1.760">
    <testcase name="run_test::move/borrow_tests/copy_loc_borrowed.mvir" classname="ir-testsuite::testsuite" time="1.760"></testcase>
  </testsuite>
  <testsuite name="ir-testsuite::testsuite" tests="1" disabled="0" errors="0" failures="0" timestamp="2021-05-05T22:26:02.279+00:00" time="2.146">
    <testcase name="run_test::move/borrow_tests/borrow_move_ok.mvir" classname="ir-testsuite::testsuite" time="2.146"></testcase>
  </testsuite>
  <testsuite name="ir-testsuite::testsuite" tests="1" disabled="0" errors="0" failures="0" timestamp="2021-05-05T22:26:02.254+00:00" time="2.176">
    <testcase name="run_test::move/borrow_tests/borrow_local_bad.mvir" classname="ir-testsuite::testsuite" time="2.176"></testcase>
  </testsuite>
  <testsuite name="ir-testsuite::testsuite" tests="1" disabled="0" errors="0" failures="0" timestamp="2021-05-05T22:26:02.761+00:00" time="1.701">
    <testcase name="run_test::move/borrow_tests/copy_loc_borrowed_indirect.mvir" classname="ir-testsuite::testsuite" time="1.701"></testcase>
  </testsuite>
  <testsuite name="ir-testsuite::testsuite" tests="1" disabled="0" errors="0" failures="0" timestamp="2021-05-05T22:26:02.408+00:00" time="2.147">
    <testcase name="run_test::move/borrow_tests/borrow_parens_ok.mvir" classname="ir-testsuite::testsuite" time="2.147"></testcase>
  </testsuite>
  <testsuite name="ir-testsuite::testsuite" tests="1" disabled="0" errors="0" failures="0" timestamp="2021-05-05T22:26:03.569+00:00" time="1.326">
    <testcase name="run_test::move/borrow_tests/copy_loc_borrowed_invalid.mvir" classname="ir-testsuite::testsuite" time="1.326"></testcase>
  </testsuite>
  <testsuite name="ir-testsuite::testsuite" tests="1" disabled="0" errors="0" failures="0" timestamp="2021-05-05T22:26:03.725+00:00" time="1.373">
    <testcase name="run_test::move/borrow_tests/eq_bad.mvir" classname="ir-testsuite::testsuite" time="1.373"></testcase>
  </testsuite>
  <testsuite name="ir-testsuite::testsuite" tests="1" disabled="0" errors="0" failures="0" timestamp="2021-05-05T22:26:04.052+00:00" time="1.371">
    <testcase name="run_test::move/borrow_tests/factor_invalid_1.mvir" classname="ir-testsuite::testsuite" time="1.371"></testcase>
  </testsuite>
  <testsuite name="ir-testsuite::testsuite" tests="1" disabled="0" errors="0" failures="0" timestamp="2021-05-05T22:26:03.755+00:00" time="1.736">
    <testcase name="run_test::move/borrow_tests/eq_ok.mvir" classname="ir-testsuite::testsuite" time="1.736"></testcase>
  </testsuite>
  <testsuite name="ir-testsuite::testsuite" tests="1" disabled="0" errors="0" failures="0" timestamp="2021-05-05T22:26:04.209+00:00" time="1.304">
    <testcase name="run_test::move/borrow_tests/factor_invalid_2.mvir" classname="ir-testsuite::testsuite" time="1.304"></testcase>
  </testsuite>
  <testsuite name="ir-testsuite::testsuite" tests="1" disabled="0" errors="0" failures="0" timestamp="2021-05-05T22:26:04.430+00:00" time="1.308">
    <testcase name="run_test::move/borrow_tests/imm_borrow_global_requires_acquire.mvir" classname="ir-testsuite::testsuite" time="1.308"></testcase>
  </testsuite>
  <testsuite name="ir-testsuite::testsuite" tests="1" disabled="0" errors="0" failures="0" timestamp="2021-05-05T22:26:04.237+00:00" time="1.675">
    <testcase name="run_test::move/borrow_tests/factor_valid_1.mvir" classname="ir-testsuite::testsuite" time="1.675"></testcase>
  </testsuite>
  <testsuite name="ir-testsuite::testsuite" tests="1" disabled="0" errors="0" failures="0" timestamp="2021-05-05T22:26:04.311+00:00" time="1.772">
    <testcase name="run_test::move/borrow_tests/factor_valid_2.mvir" classname="ir-testsuite::testsuite" time="1.772"></testcase>
  </testsuite>
  <testsuite name="ir-testsuite::testsuite" tests="1" disabled="0" errors="0" failures="0" timestamp="2021-05-05T22:26:04.334+00:00" time="1.757">
    <testcase name="run_test::move/borrow_tests/imm_borrow_global_invalid.mvir" classname="ir-testsuite::testsuite" time="1.757"></testcase>
  </testsuite>
  <testsuite name="ir-testsuite::testsuite" tests="1" disabled="0" errors="0" failures="0" timestamp="2021-05-05T22:26:04.462+00:00" time="1.672">
    <testcase name="run_test::move/borrow_tests/imm_borrow_loc.mvir" classname="ir-testsuite::testsuite" time="1.672"></testcase>
  </testsuite>
  <testsuite name="ir-testsuite::testsuite" tests="1" disabled="0" errors="0" failures="0" timestamp="2021-05-05T22:26:04.425+00:00" time="1.737">
    <testcase name="run_test::move/borrow_tests/imm_borrow_global_lossy_acquire_invalid.mvir" classname="ir-testsuite::testsuite" time="1.737"></testcase>
  </testsuite>
  <testsuite name="ir-testsuite::testsuite" tests="1" disabled="0" errors="0" failures="0" timestamp="2021-05-05T22:26:04.555+00:00" time="1.672">
    <testcase name="run_test::move/borrow_tests/imm_borrow_loc_trivial.mvir" classname="ir-testsuite::testsuite" time="1.672"></testcase>
  </testsuite>
  <testsuite name="ir-testsuite::testsuite" tests="1" disabled="0" errors="0" failures="0" timestamp="2021-05-05T22:26:04.895+00:00" time="1.663">
    <testcase name="run_test::move/borrow_tests/imm_borrow_loc_trivial_valid.mvir" classname="ir-testsuite::testsuite" time="1.663"></testcase>
  </testsuite>
  <testsuite name="ir-testsuite::testsuite" tests="1" disabled="0" errors="0" failures="0" timestamp="2021-05-05T22:26:05.424+00:00" time="1.347">
    <testcase name="run_test::move/borrow_tests/imm_borrow_on_mut_invalid.mvir" classname="ir-testsuite::testsuite" time="1.347"></testcase>
  </testsuite>
  <testsuite name="ir-testsuite::testsuite" tests="1" disabled="0" errors="0" failures="0" timestamp="2021-05-05T22:26:04.313+00:00" time="2.469">
    <testcase name="run_test::move/borrow_tests/imm_borrow_global.mvir" classname="ir-testsuite::testsuite" time="2.469"></testcase>
  </testsuite>
  <testsuite name="ir-testsuite::testsuite" tests="1" disabled="0" errors="0" failures="0" timestamp="2021-05-05T22:26:05.098+00:00" time="1.700">
    <testcase name="run_test::move/borrow_tests/imm_borrow_on_mut.mvir" classname="ir-testsuite::testsuite" time="1.700"></testcase>
  </testsuite>
  <testsuite name="ir-testsuite::testsuite" tests="1" disabled="0" errors="0" failures="0" timestamp="2021-05-05T22:26:05.051+00:00" time="1.779">
    <testcase name="run_test::move/borrow_tests/imm_borrow_loc_valid.mvir" classname="ir-testsuite::testsuite" time="1.779"></testcase>
  </testsuite>
  <testsuite name="ir-testsuite::testsuite" tests="1" disabled="0" errors="0" failures="0" timestamp="2021-05-05T22:26:05.514+00:00" time="1.333">
    <testcase name="run_test::move/borrow_tests/imm_borrow_on_mut_trivial_invalid.mvir" classname="ir-testsuite::testsuite" time="1.333"></testcase>
  </testsuite>
  <testsuite name="ir-testsuite::testsuite" tests="1" disabled="0" errors="0" failures="0" timestamp="2021-05-05T22:26:05.492+00:00" time="1.731">
    <testcase name="run_test::move/borrow_tests/imm_borrow_on_mut_trivial.mvir" classname="ir-testsuite::testsuite" time="1.731"></testcase>
  </testsuite>
  <testsuite name="ir-testsuite::testsuite" tests="1" disabled="0" errors="0" failures="0" timestamp="2021-05-05T22:26:06.083+00:00" time="1.329">
    <testcase name="run_test::move/borrow_tests/mutable_borrow_invalid.mvir" classname="ir-testsuite::testsuite" time="1.329"></testcase>
  </testsuite>
  <testsuite name="ir-testsuite::testsuite" tests="1" disabled="0" errors="0" failures="0" timestamp="2021-05-05T22:26:06.134+00:00" time="1.315">
    <testcase name="run_test::move/borrow_tests/mutable_borrow_local_twice_invalid.mvir" classname="ir-testsuite::testsuite" time="1.315"></testcase>
  </testsuite>
  <testsuite name="ir-testsuite::testsuite" tests="1" disabled="0" errors="0" failures="0" timestamp="2021-05-05T22:26:05.738+00:00" time="1.712">
    <testcase name="run_test::move/borrow_tests/join_borrow_unavailable_valid.mvir" classname="ir-testsuite::testsuite" time="1.712"></testcase>
  </testsuite>
  <testsuite name="ir-testsuite::testsuite" tests="1" disabled="0" errors="0" failures="0" timestamp="2021-05-05T22:26:06.227+00:00" time="1.321">
    <testcase name="run_test::move/borrow_tests/mutate_with_borrowed_loc_invalid.mvir" classname="ir-testsuite::testsuite" time="1.321"></testcase>
  </testsuite>
  <testsuite name="ir-testsuite::testsuite" tests="1" disabled="0" errors="0" failures="0" timestamp="2021-05-05T22:26:05.913+00:00" time="1.723">
    <testcase name="run_test::move/borrow_tests/move_one_branch.mvir" classname="ir-testsuite::testsuite" time="1.723"></testcase>
  </testsuite>
  <testsuite name="ir-testsuite::testsuite" tests="1" disabled="0" errors="0" failures="0" timestamp="2021-05-05T22:26:06.092+00:00" time="1.671">
    <testcase name="run_test::move/borrow_tests/mutable_borrow_local_twice.mvir" classname="ir-testsuite::testsuite" time="1.671"></testcase>
  </testsuite>
  <testsuite name="ir-testsuite::testsuite" tests="1" disabled="0" errors="0" failures="0" timestamp="2021-05-05T22:26:06.162+00:00" time="1.699">
    <testcase name="run_test::move/borrow_tests/mutate_with_borrowed_loc.mvir" classname="ir-testsuite::testsuite" time="1.699"></testcase>
  </testsuite>
  <testsuite name="ir-testsuite::testsuite" tests="1" disabled="0" errors="0" failures="0" timestamp="2021-05-05T22:26:06.558+00:00" time="1.351">
    <testcase name="run_test::move/borrow_tests/mutate_with_borrowed_loc_struct_invalid.mvir" classname="ir-testsuite::testsuite" time="1.351"></testcase>
  </testsuite>
  <testsuite name="ir-testsuite::testsuite" tests="1" disabled="0" errors="0" failures="0" timestamp="2021-05-05T22:26:06.847+00:00" time="1.311">
    <testcase name="run_test::move/borrow_tests/return_with_borrowed_loc_resource_invalid.mvir" classname="ir-testsuite::testsuite" time="1.311"></testcase>
  </testsuite>
  <testsuite name="ir-testsuite::testsuite" tests="1" disabled="0" errors="0" failures="0" timestamp="2021-05-05T22:26:06.830+00:00" time="1.352">
    <testcase name="run_test::move/borrow_tests/return_with_borrowed_loc_invalid.mvir" classname="ir-testsuite::testsuite" time="1.352"></testcase>
  </testsuite>
  <testsuite name="ir-testsuite::testsuite" tests="1" disabled="0" errors="0" failures="0" timestamp="2021-05-05T22:26:07.129+00:00" time="1.343">
    <testcase name="run_test::move/borrow_tests/writeref_borrow_invalid.mvir" classname="ir-testsuite::testsuite" time="1.343"></testcase>
  </testsuite>
  <testsuite name="ir-testsuite::testsuite" tests="1" disabled="0" errors="0" failures="0" timestamp="2021-05-05T22:26:06.782+00:00" time="1.720">
    <testcase name="run_test::move/borrow_tests/release_cycle.mvir" classname="ir-testsuite::testsuite" time="1.720"></testcase>
  </testsuite>
  <testsuite name="ir-testsuite::testsuite" tests="1" disabled="0" errors="0" failures="0" timestamp="2021-05-05T22:26:06.771+00:00" time="1.748">
    <testcase name="run_test::move/borrow_tests/ref_moved_one_branch.mvir" classname="ir-testsuite::testsuite" time="1.748"></testcase>
  </testsuite>
  <testsuite name="ir-testsuite::testsuite" tests="1" disabled="0" errors="0" failures="0" timestamp="2021-05-05T22:26:06.798+00:00" time="1.742">
    <testcase name="run_test::move/borrow_tests/return_with_borrowed_loc.mvir" classname="ir-testsuite::testsuite" time="1.742"></testcase>
  </testsuite>
  <testsuite name="ir-testsuite::testsuite" tests="1" disabled="0" errors="0" failures="0" timestamp="2021-05-05T22:26:07.450+00:00" time="1.285">
    <testcase name="run_test::move/builtins/freeze_on_imm.mvir" classname="ir-testsuite::testsuite" time="1.285"></testcase>
  </testsuite>
  <testsuite name="ir-testsuite::testsuite" tests="1" disabled="0" errors="0" failures="0" timestamp="2021-05-05T22:26:07.450+00:00" time="1.290">
    <testcase name="run_test::move/builtins/freeze_makes_imm.mvir" classname="ir-testsuite::testsuite" time="1.290"></testcase>
  </testsuite>
  <testsuite name="ir-testsuite::testsuite" tests="1" disabled="0" errors="0" failures="0" timestamp="2021-05-05T22:26:07.636+00:00" time="1.293">
    <testcase name="run_test::move/builtins/freeze_wrong_type.mvir" classname="ir-testsuite::testsuite" time="1.293"></testcase>
  </testsuite>
  <testsuite name="ir-testsuite::testsuite" tests="1" disabled="0" errors="0" failures="0" timestamp="2021-05-05T22:26:07.223+00:00" time="1.775">
    <testcase name="run_test::move/borrow_tests/writeref_borrow_valid1.mvir" classname="ir-testsuite::testsuite" time="1.775"></testcase>
  </testsuite>
  <testsuite name="ir-testsuite::testsuite" tests="1" disabled="0" errors="0" failures="0" timestamp="2021-05-05T22:26:07.412+00:00" time="1.662">
    <testcase name="run_test::move/borrow_tests/writeref_borrow_valid2.mvir" classname="ir-testsuite::testsuite" time="1.662"></testcase>
  </testsuite>
  <testsuite name="ir-testsuite::testsuite" tests="1" disabled="0" errors="0" failures="0" timestamp="2021-05-05T22:26:07.547+00:00" time="1.663">
    <testcase name="run_test::move/builtins/freeze_valid.mvir" classname="ir-testsuite::testsuite" time="1.663"></testcase>
  </testsuite>
  <testsuite name="ir-testsuite::testsuite" tests="1" disabled="0" errors="0" failures="0" timestamp="2021-05-05T22:26:07.763+00:00" time="1.742">
    <testcase name="run_test::move/builtins/get_missing_account.mvir" classname="ir-testsuite::testsuite" time="1.742"></testcase>
  </testsuite>
  <testsuite name="ir-testsuite::testsuite" tests="1" disabled="0" errors="0" failures="0" timestamp="2021-05-05T22:26:08.503+00:00" time="1.352">
    <testcase name="run_test::move/builtins/release.mvir" classname="ir-testsuite::testsuite" time="1.352"></testcase>
  </testsuite>
  <testsuite name="ir-testsuite::testsuite" tests="1" disabled="0" errors="0" failures="0" timestamp="2021-05-05T22:26:07.862+00:00" time="2.081">
    <testcase name="run_test::move/builtins/get_missing_struct.mvir" classname="ir-testsuite::testsuite" time="2.081"></testcase>
  </testsuite>
  <testsuite name="ir-testsuite::testsuite" tests="1" disabled="0" errors="0" failures="0" timestamp="2021-05-05T22:26:08.157+00:00" time="1.823">
    <testcase name="run_test::move/builtins/get_txn_sender.mvir" classname="ir-testsuite::testsuite" time="1.823"></testcase>
  </testsuite>
  <testsuite name="ir-testsuite::testsuite" tests="1" disabled="0" errors="0" failures="0" timestamp="2021-05-05T22:26:07.909+00:00" time="2.096">
    <testcase name="run_test::move/builtins/get_published_resource.mvir" classname="ir-testsuite::testsuite" time="2.096"></testcase>
  </testsuite>
  <testsuite name="ir-testsuite::testsuite" tests="1" disabled="0" errors="0" failures="0" timestamp="2021-05-05T22:26:08.736+00:00" time="1.316">
    <testcase name="run_test::move/commands/abort_negative_stack_size.mvir" classname="ir-testsuite::testsuite" time="1.316"></testcase>
  </testsuite>
  <testsuite name="ir-testsuite::testsuite" tests="1" disabled="0" errors="0" failures="0" timestamp="2021-05-05T22:26:08.520+00:00" time="1.698">
    <testcase name="run_test::move/builtins/verify_valid_bytearray.mvir" classname="ir-testsuite::testsuite" time="1.698"></testcase>
  </testsuite>
  <testsuite name="ir-testsuite::testsuite" tests="1" disabled="0" errors="0" failures="0" timestamp="2021-05-05T22:26:08.182+00:00" time="2.072">
    <testcase name="run_test::move/builtins/has_published_struct.mvir" classname="ir-testsuite::testsuite" time="2.072"></testcase>
  </testsuite>
  <testsuite name="ir-testsuite::testsuite" tests="1" disabled="0" errors="0" failures="0" timestamp="2021-05-05T22:26:08.740+00:00" time="1.670">
    <testcase name="run_test::move/commands/abort_no_return.mvir" classname="ir-testsuite::testsuite" time="1.670"></testcase>
  </testsuite>
  <testsuite name="ir-testsuite::testsuite" tests="1" disabled="0" errors="0" failures="0" timestamp="2021-05-05T22:26:08.472+00:00" time="2.090">
    <testcase name="run_test::move/builtins/move_published_resource.mvir" classname="ir-testsuite::testsuite" time="2.090"></testcase>
  </testsuite>
  <testsuite name="ir-testsuite::testsuite" tests="1" disabled="0" errors="0" failures="0" timestamp="2021-05-05T22:26:08.540+00:00" time="2.092">
    <testcase name="run_test::move/commands/abort_in_module.mvir" classname="ir-testsuite::testsuite" time="2.092"></testcase>
  </testsuite>
  <testsuite name="ir-testsuite::testsuite" tests="1" disabled="0" errors="0" failures="0" timestamp="2021-05-05T22:26:08.929+00:00" time="1.740">
    <testcase name="run_test::move/commands/abort_positive_stack_size.mvir" classname="ir-testsuite::testsuite" time="1.740"></testcase>
  </testsuite>
  <testsuite name="ir-testsuite::testsuite" tests="1" disabled="0" errors="0" failures="0" timestamp="2021-05-05T22:26:08.998+00:00" time="1.707">
    <testcase name="run_test::move/commands/abort_unreleased_reference.mvir" classname="ir-testsuite::testsuite" time="1.707"></testcase>
  </testsuite>
  <testsuite name="ir-testsuite::testsuite" tests="1" disabled="0" errors="0" failures="0" timestamp="2021-05-05T22:26:09.505+00:00" time="1.284">
    <testcase name="run_test::move/commands/assign_in_one_if_branch.mvir" classname="ir-testsuite::testsuite" time="1.284"></testcase>
  </testsuite>
  <testsuite name="ir-testsuite::testsuite" tests="1" disabled="0" errors="0" failures="0" timestamp="2021-05-05T22:26:09.073+00:00" time="1.780">
    <testcase name="run_test::move/commands/abort_unused_resource.mvir" classname="ir-testsuite::testsuite" time="1.780"></testcase>
  </testsuite>
  <testsuite name="ir-testsuite::testsuite" tests="1" disabled="0" errors="0" failures="0" timestamp="2021-05-05T22:26:09.210+00:00" time="1.649">
    <testcase name="run_test::move/commands/assign_copy.mvir" classname="ir-testsuite::testsuite" time="1.649"></testcase>
  </testsuite>
  <testsuite name="ir-testsuite::testsuite" tests="1" disabled="0" errors="0" failures="0" timestamp="2021-05-05T22:26:09.942+00:00" time="1.322">
    <testcase name="run_test::move/commands/assign_resource.mvir" classname="ir-testsuite::testsuite" time="1.322"></testcase>
  </testsuite>
  <testsuite name="ir-testsuite::testsuite" tests="1" disabled="0" errors="0" failures="0" timestamp="2021-05-05T22:26:09.980+00:00" time="1.315">
    <testcase name="run_test::move/commands/assign_wrong_if_branch.mvir" classname="ir-testsuite::testsuite" time="1.315"></testcase>
  </testsuite>
  <testsuite name="ir-testsuite::testsuite" tests="1" disabled="0" errors="0" failures="0" timestamp="2021-05-05T22:26:10.005+00:00" time="1.321">
    <testcase name="run_test::move/commands/assign_wrong_if_branch_no_else.mvir" classname="ir-testsuite::testsuite" time="1.321"></testcase>
  </testsuite>
  <testsuite name="ir-testsuite::testsuite" tests="1" disabled="0" errors="0" failures="0" timestamp="2021-05-05T22:26:10.052+00:00" time="1.289">
    <testcase name="run_test::move/commands/assign_wrong_type.mvir" classname="ir-testsuite::testsuite" time="1.289"></testcase>
  </testsuite>
  <testsuite name="ir-testsuite::testsuite" tests="1" disabled="0" errors="0" failures="0" timestamp="2021-05-05T22:26:09.855+00:00" time="1.697">
    <testcase name="run_test::move/commands/assign_move.mvir" classname="ir-testsuite::testsuite" time="1.697"></testcase>
  </testsuite>
  <testsuite name="ir-testsuite::testsuite" tests="1" disabled="0" errors="0" failures="0" timestamp="2021-05-05T22:26:10.218+00:00" time="1.463">
    <testcase name="run_test::move/commands/branch_assigns_then_moves.mvir" classname="ir-testsuite::testsuite" time="1.463"></testcase>
  </testsuite>
  <testsuite name="ir-testsuite::testsuite" tests="1" disabled="0" errors="0" failures="0" timestamp="2021-05-05T22:26:10.254+00:00" time="1.667">
    <testcase name="run_test::move/commands/branch_assigns_then_moves_then_assigns.mvir" classname="ir-testsuite::testsuite" time="1.667"></testcase>
  </testsuite>
  <testsuite name="ir-testsuite::testsuite" tests="1" disabled="0" errors="0" failures="0" timestamp="2021-05-05T22:26:10.706+00:00" time="1.294">
    <testcase name="run_test::move/commands/break_outside_loop.mvir" classname="ir-testsuite::testsuite" time="1.294"></testcase>
  </testsuite>
  <testsuite name="ir-testsuite::testsuite" tests="1" disabled="0" errors="0" failures="0" timestamp="2021-05-05T22:26:10.410+00:00" time="1.652">
    <testcase name="run_test::move/commands/break_accumulator.mvir" classname="ir-testsuite::testsuite" time="1.652"></testcase>
  </testsuite>
  <testsuite name="ir-testsuite::testsuite" tests="1" disabled="0" errors="0" failures="0" timestamp="2021-05-05T22:26:10.790+00:00" time="1.304">
    <testcase name="run_test::move/commands/break_outside_loop_in_else.mvir" classname="ir-testsuite::testsuite" time="1.304"></testcase>
  </testsuite>
  <testsuite name="ir-testsuite::testsuite" tests="1" disabled="0" errors="0" failures="0" timestamp="2021-05-05T22:26:10.854+00:00" time="1.283">
    <testcase name="run_test::move/commands/break_outside_loop_in_if.mvir" classname="ir-testsuite::testsuite" time="1.283"></testcase>
  </testsuite>
  <testsuite name="ir-testsuite::testsuite" tests="1" disabled="0" errors="0" failures="0" timestamp="2021-05-05T22:26:10.562+00:00" time="1.695">
    <testcase name="run_test::move/commands/break_continue_simple.mvir" classname="ir-testsuite::testsuite" time="1.695"></testcase>
  </testsuite>
  <testsuite name="ir-testsuite::testsuite" tests="1" disabled="0" errors="0" failures="0" timestamp="2021-05-05T22:26:10.632+00:00" time="1.683">
    <testcase name="run_test::move/commands/break_continue_sum_of_odds.mvir" classname="ir-testsuite::testsuite" time="1.683"></testcase>
  </testsuite>
  <testsuite name="ir-testsuite::testsuite" tests="1" disabled="0" errors="0" failures="0" timestamp="2021-05-05T22:26:10.669+00:00" time="1.667">
    <testcase name="run_test::move/commands/break_nested.mvir" classname="ir-testsuite::testsuite" time="1.667"></testcase>
  </testsuite>
  <testsuite name="ir-testsuite::testsuite" tests="1" disabled="0" errors="0" failures="0" timestamp="2021-05-05T22:26:10.859+00:00" time="1.665">
    <testcase name="run_test::move/commands/break_simple.mvir" classname="ir-testsuite::testsuite" time="1.665"></testcase>
  </testsuite>
  <testsuite name="ir-testsuite::testsuite" tests="1" disabled="0" errors="0" failures="0" timestamp="2021-05-05T22:26:11.327+00:00" time="1.314">
    <testcase name="run_test::move/commands/continue_outside_loop.mvir" classname="ir-testsuite::testsuite" time="1.314"></testcase>
  </testsuite>
  <testsuite name="ir-testsuite::testsuite" tests="1" disabled="0" errors="0" failures="0" timestamp="2021-05-05T22:26:11.341+00:00" time="1.306">
    <testcase name="run_test::move/commands/continue_outside_loop_in_if.mvir" classname="ir-testsuite::testsuite" time="1.306"></testcase>
  </testsuite>
  <testsuite name="ir-testsuite::testsuite" tests="1" disabled="0" errors="0" failures="0" timestamp="2021-05-05T22:26:11.265+00:00" time="1.688">
    <testcase name="run_test::move/commands/break_unreachable.mvir" classname="ir-testsuite::testsuite" time="1.688"></testcase>
  </testsuite>
  <testsuite name="ir-testsuite::testsuite" tests="1" disabled="0" errors="0" failures="0" timestamp="2021-05-05T22:26:11.295+00:00" time="1.823">
    <testcase name="run_test::move/commands/consume_stack.mvir" classname="ir-testsuite::testsuite" time="1.823"></testcase>
  </testsuite>
  <testsuite name="ir-testsuite::testsuite" tests="1" disabled="0" errors="0" failures="0" timestamp="2021-05-05T22:26:12.000+00:00" time="1.319">
    <testcase name="run_test::move/commands/else_assigns_if_doesnt.mvir" classname="ir-testsuite::testsuite" time="1.319"></testcase>
  </testsuite>
  <testsuite name="ir-testsuite::testsuite" tests="1" disabled="0" errors="0" failures="0" timestamp="2021-05-05T22:26:12.093+00:00" time="1.296">
    <testcase name="run_test::move/commands/if_assigns_else_doesnt.mvir" classname="ir-testsuite::testsuite" time="1.296"></testcase>
  </testsuite>
  <testsuite name="ir-testsuite::testsuite" tests="1" disabled="0" errors="0" failures="0" timestamp="2021-05-05T22:26:11.681+00:00" time="1.712">
    <testcase name="run_test::move/commands/dead_return_local.mvir" classname="ir-testsuite::testsuite" time="1.712"></testcase>
  </testsuite>
  <testsuite name="ir-testsuite::testsuite" tests="1" disabled="0" errors="0" failures="0" timestamp="2021-05-05T22:26:12.137+00:00" time="1.298">
    <testcase name="run_test::move/commands/if_assigns_no_else.mvir" classname="ir-testsuite::testsuite" time="1.298"></testcase>
  </testsuite>
  <testsuite name="ir-testsuite::testsuite" tests="1" disabled="0" errors="0" failures="0" timestamp="2021-05-05T22:26:12.062+00:00" time="1.428">
    <testcase name="run_test::move/commands/else_moves_if_doesnt.mvir" classname="ir-testsuite::testsuite" time="1.428"></testcase>
  </testsuite>
  <testsuite name="ir-testsuite::testsuite" tests="1" disabled="0" errors="0" failures="0" timestamp="2021-05-05T22:26:11.921+00:00" time="1.664">
    <testcase name="run_test::move/commands/deep_return_branch_doesnt_assign.mvir" classname="ir-testsuite::testsuite" time="1.664"></testcase>
  </testsuite>
  <testsuite name="ir-testsuite::testsuite" tests="1" disabled="0" errors="0" failures="0" timestamp="2021-05-05T22:26:11.553+00:00" time="2.062">
    <testcase name="run_test::move/commands/dead_return.mvir" classname="ir-testsuite::testsuite" time="2.062"></testcase>
  </testsuite>
  <testsuite name="ir-testsuite::testsuite" tests="1" disabled="0" errors="0" failures="0" timestamp="2021-05-05T22:26:12.257+00:00" time="1.675">
    <testcase name="run_test::move/commands/if_branch_diverges_1.mvir" classname="ir-testsuite::testsuite" time="1.675"></testcase>
  </testsuite>
  <testsuite name="ir-testsuite::testsuite" tests="1" disabled="0" errors="0" failures="0" timestamp="2021-05-05T22:26:12.647+00:00" time="1.292">
    <testcase name="run_test::move/commands/if_branch_diverges_5.mvir" classname="ir-testsuite::testsuite" time="1.292"></testcase>
  </testsuite>
  <testsuite name="ir-testsuite::testsuite" tests="1" disabled="0" errors="0" failures="0" timestamp="2021-05-05T22:26:12.315+00:00" time="1.680">
    <testcase name="run_test::move/commands/if_branch_diverges_10.mvir" classname="ir-testsuite::testsuite" time="1.680"></testcase>
  </testsuite>
  <testsuite name="ir-testsuite::testsuite" tests="1" disabled="0" errors="0" failures="0" timestamp="2021-05-05T22:26:12.336+00:00" time="1.670">
    <testcase name="run_test::move/commands/if_branch_diverges_2.mvir" classname="ir-testsuite::testsuite" time="1.670"></testcase>
  </testsuite>
  <testsuite name="ir-testsuite::testsuite" tests="1" disabled="0" errors="0" failures="0" timestamp="2021-05-05T22:26:12.525+00:00" time="1.679">
    <testcase name="run_test::move/commands/if_branch_diverges_3.mvir" classname="ir-testsuite::testsuite" time="1.679"></testcase>
  </testsuite>
  <testsuite name="ir-testsuite::testsuite" tests="1" disabled="0" errors="0" failures="0" timestamp="2021-05-05T22:26:12.641+00:00" time="1.675">
    <testcase name="run_test::move/commands/if_branch_diverges_4.mvir" classname="ir-testsuite::testsuite" time="1.675"></testcase>
  </testsuite>
  <testsuite name="ir-testsuite::testsuite" tests="1" disabled="0" errors="0" failures="0" timestamp="2021-05-05T22:26:12.953+00:00" time="1.368">
    <testcase name="run_test::move/commands/if_branch_diverges_6.mvir" classname="ir-testsuite::testsuite" time="1.368"></testcase>
  </testsuite>
  <testsuite name="ir-testsuite::testsuite" tests="1" disabled="0" errors="0" failures="0" timestamp="2021-05-05T22:26:13.319+00:00" time="1.315">
    <testcase name="run_test::move/commands/if_branch_diverges_8.mvir" classname="ir-testsuite::testsuite" time="1.315"></testcase>
  </testsuite>
  <testsuite name="ir-testsuite::testsuite" tests="1" disabled="0" errors="0" failures="0" timestamp="2021-05-05T22:26:13.434+00:00" time="1.311">
    <testcase name="run_test::move/commands/if_moves_no_else.mvir" classname="ir-testsuite::testsuite" time="1.311"></testcase>
  </testsuite>
  <testsuite name="ir-testsuite::testsuite" tests="1" disabled="0" errors="0" failures="0" timestamp="2021-05-05T22:26:13.393+00:00" time="1.373">
    <testcase name="run_test::move/commands/if_moves_else_doesnt.mvir" classname="ir-testsuite::testsuite" time="1.373"></testcase>
  </testsuite>
  <testsuite name="ir-testsuite::testsuite" tests="1" disabled="0" errors="0" failures="0" timestamp="2021-05-05T22:26:13.490+00:00" time="1.293">
    <testcase name="run_test::move/commands/if_without_braces_1.mvir" classname="ir-testsuite::testsuite" time="1.293"></testcase>
  </testsuite>
  <testsuite name="ir-testsuite::testsuite" tests="1" disabled="0" errors="0" failures="0" timestamp="2021-05-05T22:26:13.119+00:00" time="1.678">
    <testcase name="run_test::move/commands/if_branch_diverges_7.mvir" classname="ir-testsuite::testsuite" time="1.678"></testcase>
  </testsuite>
  <testsuite name="ir-testsuite::testsuite" tests="1" disabled="0" errors="0" failures="0" timestamp="2021-05-05T22:26:13.535+00:00" time="1.286">
    <testcase name="run_test::move/commands/if_without_braces_2.mvir" classname="ir-testsuite::testsuite" time="1.286"></testcase>
  </testsuite>
  <testsuite name="ir-testsuite::testsuite" tests="1" disabled="0" errors="0" failures="0" timestamp="2021-05-05T22:26:13.585+00:00" time="1.302">
    <testcase name="run_test::move/commands/if_without_braces_3.mvir" classname="ir-testsuite::testsuite" time="1.302"></testcase>
  </testsuite>
  <testsuite name="ir-testsuite::testsuite" tests="1" disabled="0" errors="0" failures="0" timestamp="2021-05-05T22:26:13.615+00:00" time="1.276">
    <testcase name="run_test::move/commands/if_without_braces_4.mvir" classname="ir-testsuite::testsuite" time="1.276"></testcase>
  </testsuite>
  <testsuite name="ir-testsuite::testsuite" tests="1" disabled="0" errors="0" failures="0" timestamp="2021-05-05T22:26:13.390+00:00" time="1.683">
    <testcase name="run_test::move/commands/if_branch_diverges_9.mvir" classname="ir-testsuite::testsuite" time="1.683"></testcase>
  </testsuite>
  <testsuite name="ir-testsuite::testsuite" tests="1" disabled="0" errors="0" failures="0" timestamp="2021-05-05T22:26:13.933+00:00" time="1.310">
    <testcase name="run_test::move/commands/invalid_fallthrough1.mvir" classname="ir-testsuite::testsuite" time="1.310"></testcase>
  </testsuite>
  <testsuite name="ir-testsuite::testsuite" tests="1" disabled="0" errors="0" failures="0" timestamp="2021-05-05T22:26:13.939+00:00" time="1.309">
    <testcase name="run_test::move/commands/invalid_fallthrough2.mvir" classname="ir-testsuite::testsuite" time="1.309"></testcase>
  </testsuite>
  <testsuite name="ir-testsuite::testsuite" tests="1" disabled="0" errors="0" failures="0" timestamp="2021-05-05T22:26:13.994+00:00" time="1.301">
    <testcase name="run_test::move/commands/invalid_fallthrough3.mvir" classname="ir-testsuite::testsuite" time="1.301"></testcase>
  </testsuite>
  <testsuite name="ir-testsuite::testsuite" tests="1" disabled="0" errors="0" failures="0" timestamp="2021-05-05T22:26:14.006+00:00" time="1.370">
    <testcase name="run_test::move/commands/join_failure.mvir" classname="ir-testsuite::testsuite" time="1.370"></testcase>
  </testsuite>
  <testsuite name="ir-testsuite::testsuite" tests="1" disabled="0" errors="0" failures="0" timestamp="2021-05-05T22:26:14.204+00:00" time="1.682">
    <testcase name="run_test::move/commands/local_assigned_many_times.mvir" classname="ir-testsuite::testsuite" time="1.682"></testcase>
  </testsuite>
  <testsuite name="ir-testsuite::testsuite" tests="1" disabled="0" errors="0" failures="0" timestamp="2021-05-05T22:26:14.321+00:00" time="1.674">
    <testcase name="run_test::move/commands/loop_return.mvir" classname="ir-testsuite::testsuite" time="1.674"></testcase>
  </testsuite>
  <testsuite name="ir-testsuite::testsuite" tests="1" disabled="0" errors="0" failures="0" timestamp="2021-05-05T22:26:14.766+00:00" time="1.303">
    <testcase name="run_test::move/commands/move_before_assign.mvir" classname="ir-testsuite::testsuite" time="1.303"></testcase>
  </testsuite>
  <testsuite name="ir-testsuite::testsuite" tests="1" disabled="0" errors="0" failures="0" timestamp="2021-05-05T22:26:14.783+00:00" time="1.298">
    <testcase name="run_test::move/commands/no_let_outside_if.mvir" classname="ir-testsuite::testsuite" time="1.298"></testcase>
  </testsuite>
  <testsuite name="ir-testsuite::testsuite" tests="1" disabled="0" errors="0" failures="0" timestamp="2021-05-05T22:26:14.797+00:00" time="1.292">
    <testcase name="run_test::move/commands/no_rebind.mvir" classname="ir-testsuite::testsuite" time="1.292"></testcase>
  </testsuite>
  <testsuite name="ir-testsuite::testsuite" tests="1" disabled="0" errors="0" failures="0" timestamp="2021-05-05T22:26:14.887+00:00" time="1.319">
    <testcase name="run_test::move/commands/pop_negative.mvir" classname="ir-testsuite::testsuite" time="1.319"></testcase>
  </testsuite>
  <testsuite name="ir-testsuite::testsuite" tests="1" disabled="0" errors="0" failures="0" timestamp="2021-05-05T22:26:14.316+00:00" time="1.898">
    <testcase name="run_test::move/commands/loop_nested_breaks.mvir" classname="ir-testsuite::testsuite" time="1.898"></testcase>
  </testsuite>
  <testsuite name="ir-testsuite::testsuite" tests="1" disabled="0" errors="0" failures="0" timestamp="2021-05-05T22:26:14.891+00:00" time="1.344">
    <testcase name="run_test::move/commands/pop_positive.mvir" classname="ir-testsuite::testsuite" time="1.344"></testcase>
  </testsuite>
  <testsuite name="ir-testsuite::testsuite" tests="1" disabled="0" errors="0" failures="0" timestamp="2021-05-05T22:26:14.634+00:00" time="1.673">
    <testcase name="run_test::move/commands/loop_simple.mvir" classname="ir-testsuite::testsuite" time="1.673"></testcase>
  </testsuite>
  <testsuite name="ir-testsuite::testsuite" tests="1" disabled="0" errors="0" failures="0" timestamp="2021-05-05T22:26:14.746+00:00" time="1.688">
    <testcase name="run_test::move/commands/mixed_lvalue.mvir" classname="ir-testsuite::testsuite" time="1.688"></testcase>
  </testsuite>
  <testsuite name="ir-testsuite::testsuite" tests="1" disabled="0" errors="0" failures="0" timestamp="2021-05-05T22:26:14.822+00:00" time="1.681">
    <testcase name="run_test::move/commands/pop_exact.mvir" classname="ir-testsuite::testsuite" time="1.681"></testcase>
  </testsuite>
  <testsuite name="ir-testsuite::testsuite" tests="1" disabled="0" errors="0" failures="0" timestamp="2021-05-05T22:26:15.072+00:00" time="1.709">
    <testcase name="run_test::move/commands/pop_weird.mvir" classname="ir-testsuite::testsuite" time="1.709"></testcase>
  </testsuite>
  <testsuite name="ir-testsuite::testsuite" tests="1" disabled="0" errors="0" failures="0" timestamp="2021-05-05T22:26:15.248+00:00" time="1.694">
    <testcase name="run_test::move/commands/return_branch_moves.mvir" classname="ir-testsuite::testsuite" time="1.694"></testcase>
  </testsuite>
  <testsuite name="ir-testsuite::testsuite" tests="1" disabled="0" errors="0" failures="0" timestamp="2021-05-05T22:26:15.243+00:00" time="1.704">
    <testcase name="run_test::move/commands/return_branch_doesnt_assign.mvir" classname="ir-testsuite::testsuite" time="1.704"></testcase>
  </testsuite>
  <testsuite name="ir-testsuite::testsuite" tests="1" disabled="0" errors="0" failures="0" timestamp="2021-05-05T22:26:15.376+00:00" time="1.690">
    <testcase name="run_test::move/commands/return_in_if_branch_taken_local.mvir" classname="ir-testsuite::testsuite" time="1.690"></testcase>
  </testsuite>
  <testsuite name="ir-testsuite::testsuite" tests="1" disabled="0" errors="0" failures="0" timestamp="2021-05-05T22:26:15.995+00:00" time="1.394">
    <testcase name="run_test::move/commands/return_type_mismatch_and_unused_resource.mvir" classname="ir-testsuite::testsuite" time="1.394"></testcase>
  </testsuite>
  <testsuite name="ir-testsuite::testsuite" tests="1" disabled="0" errors="0" failures="0" timestamp="2021-05-05T22:26:16.069+00:00" time="1.331">
    <testcase name="run_test::move/commands/unpack_extra_binding.mvir" classname="ir-testsuite::testsuite" time="1.331"></testcase>
  </testsuite>
  <testsuite name="ir-testsuite::testsuite" tests="1" disabled="0" errors="0" failures="0" timestamp="2021-05-05T22:26:16.082+00:00" time="1.344">
    <testcase name="run_test::move/commands/unpack_missing_binding.mvir" classname="ir-testsuite::testsuite" time="1.344"></testcase>
  </testsuite>
  <testsuite name="ir-testsuite::testsuite" tests="1" disabled="0" errors="0" failures="0" timestamp="2021-05-05T22:26:15.295+00:00" time="2.159">
    <testcase name="run_test::move/commands/return_in_if_branch_taken.mvir" classname="ir-testsuite::testsuite" time="2.159"></testcase>
  </testsuite>
  <testsuite name="ir-testsuite::testsuite" tests="1" disabled="0" errors="0" failures="0" timestamp="2021-05-05T22:26:16.234+00:00" time="1.328">
    <testcase name="run_test::move/commands/use_before_assign.mvir" classname="ir-testsuite::testsuite" time="1.328"></testcase>
  </testsuite>
  <testsuite name="ir-testsuite::testsuite" tests="1" disabled="0" errors="0" failures="0" timestamp="2021-05-05T22:26:16.215+00:00" time="1.370">
    <testcase name="run_test::move/commands/unpack_wrong_type.mvir" classname="ir-testsuite::testsuite" time="1.370"></testcase>
  </testsuite>
  <testsuite name="ir-testsuite::testsuite" tests="1" disabled="0" errors="0" failures="0" timestamp="2021-05-05T22:26:16.434+00:00" time="1.326">
    <testcase name="run_test::move/commands/while_move_local.mvir" classname="ir-testsuite::testsuite" time="1.326"></testcase>
  </testsuite>
  <testsuite name="ir-testsuite::testsuite" tests="1" disabled="0" errors="0" failures="0" timestamp="2021-05-05T22:26:16.502+00:00" time="1.298">
    <testcase name="run_test::move/commands/while_move_local_2.mvir" classname="ir-testsuite::testsuite" time="1.298"></testcase>
  </testsuite>
  <testsuite name="ir-testsuite::testsuite" tests="1" disabled="0" errors="0" failures="0" timestamp="2021-05-05T22:26:16.207+00:00" time="1.710">
    <testcase name="run_test::move/commands/unpack_top_level.mvir" classname="ir-testsuite::testsuite" time="1.710"></testcase>
  </testsuite>
  <testsuite name="ir-testsuite::testsuite" tests="1" disabled="0" errors="0" failures="0" timestamp="2021-05-05T22:26:16.308+00:00" time="1.700">
    <testcase name="run_test::move/commands/while_false.mvir" classname="ir-testsuite::testsuite" time="1.700"></testcase>
  </testsuite>
  <testsuite name="ir-testsuite::testsuite" tests="1" disabled="0" errors="0" failures="0" timestamp="2021-05-05T22:26:15.886+00:00" time="2.132">
    <testcase name="run_test::move/commands/return_in_if_branch_taken_no_else.mvir" classname="ir-testsuite::testsuite" time="2.132"></testcase>
  </testsuite>
  <testsuite name="ir-testsuite::testsuite" tests="1" disabled="0" errors="0" failures="0" timestamp="2021-05-05T22:26:16.089+00:00" time="2.163">
    <testcase name="run_test::move/commands/unpack_resource.mvir" classname="ir-testsuite::testsuite" time="2.163"></testcase>
  </testsuite>
  <testsuite name="ir-testsuite::testsuite" tests="1" disabled="0" errors="0" failures="0" timestamp="2021-05-05T22:26:16.782+00:00" time="1.704">
    <testcase name="run_test::move/commands/while_nested.mvir" classname="ir-testsuite::testsuite" time="1.704"></testcase>
  </testsuite>
  <testsuite name="ir-testsuite::testsuite" tests="1" disabled="0" errors="0" failures="0" timestamp="2021-05-05T22:26:16.942+00:00" time="1.703">
    <testcase name="run_test::move/commands/while_nested_return.mvir" classname="ir-testsuite::testsuite" time="1.703"></testcase>
  </testsuite>
  <testsuite name="ir-testsuite::testsuite" tests="1" disabled="0" errors="0" failures="0" timestamp="2021-05-05T22:26:16.947+00:00" time="1.714">
    <testcase name="run_test::move/commands/while_return.mvir" classname="ir-testsuite::testsuite" time="1.714"></testcase>
  </testsuite>
  <testsuite name="ir-testsuite::testsuite" tests="1" disabled="0" errors="0" failures="0" timestamp="2021-05-05T22:26:17.066+00:00" time="1.724">
    <testcase name="run_test::move/commands/while_simple.mvir" classname="ir-testsuite::testsuite" time="1.724"></testcase>
  </testsuite>
  <testsuite name="ir-testsuite::testsuite" tests="1" disabled="0" errors="0" failures="0" timestamp="2021-05-05T22:26:17.585+00:00" time="1.318">
    <testcase name="run_test::move/data_types/duplicate_field_name.mvir" classname="ir-testsuite::testsuite" time="1.318"></testcase>
  </testsuite>
  <testsuite name="ir-testsuite::testsuite" tests="1" disabled="0" errors="0" failures="0" timestamp="2021-05-05T22:26:17.389+00:00" time="1.698">
    <testcase name="run_test::move/comments/multi_line_comment_commented_by_single_line_comment.mvir" classname="ir-testsuite::testsuite" time="1.698"></testcase>
  </testsuite>
  <testsuite name="ir-testsuite::testsuite" tests="1" disabled="0" errors="0" failures="0" timestamp="2021-05-05T22:26:17.800+00:00" time="1.312">
    <testcase name="run_test::move/data_types/field_undefined.mvir" classname="ir-testsuite::testsuite" time="1.312"></testcase>
  </testsuite>
  <testsuite name="ir-testsuite::testsuite" tests="1" disabled="0" errors="0" failures="0" timestamp="2021-05-05T22:26:17.400+00:00" time="1.717">
    <testcase name="run_test::move/comments/multiple_single_line_comments_mixed.mvir" classname="ir-testsuite::testsuite" time="1.717"></testcase>
  </testsuite>
  <testsuite name="ir-testsuite::testsuite" tests="1" disabled="0" errors="0" failures="0" timestamp="2021-05-05T22:26:17.454+00:00" time="1.740">
    <testcase name="run_test::move/comments/single_line_comment_line.mvir" classname="ir-testsuite::testsuite" time="1.740"></testcase>
  </testsuite>
  <testsuite name="ir-testsuite::testsuite" tests="1" disabled="0" errors="0" failures="0" timestamp="2021-05-05T22:26:17.426+00:00" time="1.798">
    <testcase name="run_test::move/comments/multiple_single_line_comments_own_line.mvir" classname="ir-testsuite::testsuite" time="1.798"></testcase>
  </testsuite>
  <testsuite name="ir-testsuite::testsuite" tests="1" disabled="0" errors="0" failures="0" timestamp="2021-05-05T22:26:17.917+00:00" time="1.331">
    <testcase name="run_test::move/data_types/fields_out_of_order.mvir" classname="ir-testsuite::testsuite" time="1.331"></testcase>
  </testsuite>
  <testsuite name="ir-testsuite::testsuite" tests="1" disabled="0" errors="0" failures="0" timestamp="2021-05-05T22:26:17.563+00:00" time="1.717">
    <testcase name="run_test::move/comments/single_line_comment_own_line.mvir" classname="ir-testsuite::testsuite" time="1.717"></testcase>
  </testsuite>
  <testsuite name="ir-testsuite::testsuite" tests="1" disabled="0" errors="0" failures="0" timestamp="2021-05-05T22:26:17.761+00:00" time="1.763">
    <testcase name="run_test::move/data_types/empty_structs.mvir" classname="ir-testsuite::testsuite" time="1.763"></testcase>
  </testsuite>
  <testsuite name="ir-testsuite::testsuite" tests="1" disabled="0" errors="0" failures="0" timestamp="2021-05-05T22:26:18.485+00:00" time="1.310">
    <testcase name="run_test::move/dereference_tests/deref_copy_bad.mvir" classname="ir-testsuite::testsuite" time="1.310"></testcase>
  </testsuite>
  <testsuite name="ir-testsuite::testsuite" tests="1" disabled="0" errors="0" failures="0" timestamp="2021-05-05T22:26:18.253+00:00" time="1.693">
    <testcase name="run_test::move/dereference_tests/deref_borrow_local_ok.mvir" classname="ir-testsuite::testsuite" time="1.693"></testcase>
  </testsuite>
  <testsuite name="ir-testsuite::testsuite" tests="1" disabled="0" errors="0" failures="0" timestamp="2021-05-05T22:26:18.646+00:00" time="1.327">
    <testcase name="run_test::move/dereference_tests/deref_eq_bad.mvir" classname="ir-testsuite::testsuite" time="1.327"></testcase>
  </testsuite>
  <testsuite name="ir-testsuite::testsuite" tests="1" disabled="0" errors="0" failures="0" timestamp="2021-05-05T22:26:18.018+00:00" time="2.080">
    <testcase name="run_test::move/dereference_tests/deref_borrow_field_ok.mvir" classname="ir-testsuite::testsuite" time="2.080"></testcase>
  </testsuite>
  <testsuite name="ir-testsuite::testsuite" tests="1" disabled="0" errors="0" failures="0" timestamp="2021-05-05T22:26:18.007+00:00" time="2.107">
    <testcase name="run_test::move/data_types/fields_packed_in_order.mvir" classname="ir-testsuite::testsuite" time="2.107"></testcase>
  </testsuite>
  <testsuite name="ir-testsuite::testsuite" tests="1" disabled="0" errors="0" failures="0" timestamp="2021-05-05T22:26:19.088+00:00" time="1.307">
    <testcase name="run_test::move/dereference_tests/deref_non_reference.mvir" classname="ir-testsuite::testsuite" time="1.307"></testcase>
  </testsuite>
  <testsuite name="ir-testsuite::testsuite" tests="1" disabled="0" errors="0" failures="0" timestamp="2021-05-05T22:26:19.112+00:00" time="1.309">
    <testcase name="run_test::move/dereference_tests/deref_not_reference_bad.mvir" classname="ir-testsuite::testsuite" time="1.309"></testcase>
  </testsuite>
  <testsuite name="ir-testsuite::testsuite" tests="1" disabled="0" errors="0" failures="0" timestamp="2021-05-05T22:26:18.662+00:00" time="1.879">
    <testcase name="run_test::move/dereference_tests/deref_eq_good.mvir" classname="ir-testsuite::testsuite" time="1.879"></testcase>
  </testsuite>
  <testsuite name="ir-testsuite::testsuite" tests="1" disabled="0" errors="0" failures="0" timestamp="2021-05-05T22:26:18.903+00:00" time="1.692">
    <testcase name="run_test::move/dereference_tests/deref_move_ok.mvir" classname="ir-testsuite::testsuite" time="1.692"></testcase>
  </testsuite>
  <testsuite name="ir-testsuite::testsuite" tests="1" disabled="0" errors="0" failures="0" timestamp="2021-05-05T22:26:19.117+00:00" time="1.659">
    <testcase name="run_test::move/dereference_tests/deref_parens_ok.mvir" classname="ir-testsuite::testsuite" time="1.659"></testcase>
  </testsuite>
  <testsuite name="ir-testsuite::testsuite" tests="1" disabled="0" errors="0" failures="0" timestamp="2021-05-05T22:26:18.790+00:00" time="2.099">
    <testcase name="run_test::move/dereference_tests/deref_move_module_ok.mvir" classname="ir-testsuite::testsuite" time="2.099"></testcase>
  </testsuite>
  <testsuite name="ir-testsuite::testsuite" tests="1" disabled="0" errors="0" failures="0" timestamp="2021-05-05T22:26:19.224+00:00" time="2.070">
    <testcase name="run_test::move/effects/publish_then_unpublish.mvir" classname="ir-testsuite::testsuite" time="2.070"></testcase>
  </testsuite>
  <testsuite name="ir-testsuite::testsuite" tests="1" disabled="0" errors="0" failures="0" timestamp="2021-05-05T22:26:20.395+00:00" time="1.324">
    <testcase name="run_test::move/expressions/cant_deref_resource.mvir" classname="ir-testsuite::testsuite" time="1.324"></testcase>
  </testsuite>
  <testsuite name="ir-testsuite::testsuite" tests="1" disabled="0" errors="0" failures="0" timestamp="2021-05-05T22:26:20.098+00:00" time="1.662">
    <testcase name="run_test::move/expressions/address_equality.mvir" classname="ir-testsuite::testsuite" time="1.662"></testcase>
  </testsuite>
  <testsuite name="ir-testsuite::testsuite" tests="1" disabled="0" errors="0" failures="0" timestamp="2021-05-05T22:26:19.280+00:00" time="2.510">
    <testcase name="run_test::move/effects/unpublish_then_publish.mvir" classname="ir-testsuite::testsuite" time="2.510"></testcase>
  </testsuite>
  <testsuite name="ir-testsuite::testsuite" tests="1" disabled="0" errors="0" failures="0" timestamp="2021-05-05T22:26:20.115+00:00" time="1.703">
    <testcase name="run_test::move/expressions/cant_borrow_field_of_resource.mvir" classname="ir-testsuite::testsuite" time="1.703"></testcase>
  </testsuite>
  <testsuite name="ir-testsuite::testsuite" tests="1" disabled="0" errors="0" failures="0" timestamp="2021-05-05T22:26:20.595+00:00" time="1.393">
    <testcase name="run_test::move/expressions/equality_one_ref.mvir" classname="ir-testsuite::testsuite" time="1.393"></testcase>
  </testsuite>
  <testsuite name="ir-testsuite::testsuite" tests="1" disabled="0" errors="0" failures="0" timestamp="2021-05-05T22:26:19.194+00:00" time="2.849">
    <testcase name="run_test::move/effects/move_from.mvir" classname="ir-testsuite::testsuite" time="2.849"></testcase>
  </testsuite>
  <testsuite name="ir-testsuite::testsuite" tests="1" disabled="0" errors="0" failures="0" timestamp="2021-05-05T22:26:19.524+00:00" time="2.966">
    <testcase name="run_test::move/effects/vec_borrow_and_modify.mvir" classname="ir-testsuite::testsuite" time="2.966"></testcase>
  </testsuite>
  <testsuite name="ir-testsuite::testsuite" tests="1" disabled="0" errors="0" failures="0" timestamp="2021-05-05T22:26:20.422+00:00" time="2.100">
    <testcase name="run_test::move/expressions/deref_value.mvir" classname="ir-testsuite::testsuite" time="2.100"></testcase>
  </testsuite>
  <testsuite name="ir-testsuite::testsuite" tests="1" disabled="0" errors="0" failures="0" timestamp="2021-05-05T22:26:21.294+00:00" time="1.308">
    <testcase name="run_test::move/expressions/equality_resource_values.mvir" classname="ir-testsuite::testsuite" time="1.308"></testcase>
  </testsuite>
  <testsuite name="ir-testsuite::testsuite" tests="1" disabled="0" errors="0" failures="0" timestamp="2021-05-05T22:26:19.795+00:00" time="3.021">
    <testcase name="run_test::move/effects/vec_pop.mvir" classname="ir-testsuite::testsuite" time="3.021"></testcase>
  </testsuite>
  <testsuite name="ir-testsuite::testsuite" tests="1" disabled="0" errors="0" failures="0" timestamp="2021-05-05T22:26:19.946+00:00" time="2.905">
    <testcase name="run_test::move/effects/vec_push.mvir" classname="ir-testsuite::testsuite" time="2.905"></testcase>
  </testsuite>
  <testsuite name="ir-testsuite::testsuite" tests="1" disabled="0" errors="0" failures="0" timestamp="2021-05-05T22:26:19.973+00:00" time="2.885">
    <testcase name="run_test::move/effects/vec_swap.mvir" classname="ir-testsuite::testsuite" time="2.885"></testcase>
  </testsuite>
  <testsuite name="ir-testsuite::testsuite" tests="1" disabled="0" errors="0" failures="0" timestamp="2021-05-05T22:26:19.248+00:00" time="3.727">
    <testcase name="run_test::move/effects/struct_borrow_and_modify.mvir" classname="ir-testsuite::testsuite" time="3.727"></testcase>
  </testsuite>
  <testsuite name="ir-testsuite::testsuite" tests="1" disabled="0" errors="0" failures="0" timestamp="2021-05-05T22:26:20.890+00:00" time="2.091">
    <testcase name="run_test::move/expressions/equality_resource_refs.mvir" classname="ir-testsuite::testsuite" time="2.091"></testcase>
  </testsuite>
  <testsuite name="ir-testsuite::testsuite" tests="1" disabled="0" errors="0" failures="0" timestamp="2021-05-05T22:26:20.776+00:00" time="2.249">
    <testcase name="run_test::move/expressions/equality_reference_value.mvir" classname="ir-testsuite::testsuite" time="2.249"></testcase>
  </testsuite>
  <testsuite name="ir-testsuite::testsuite" tests="1" disabled="0" errors="0" failures="0" timestamp="2021-05-05T22:26:20.541+00:00" time="2.488">
    <testcase name="run_test::move/expressions/deref_value_nested.mvir" classname="ir-testsuite::testsuite" time="2.488"></testcase>
  </testsuite>
  <testsuite name="ir-testsuite::testsuite" tests="1" disabled="0" errors="0" failures="0" timestamp="2021-05-05T22:26:21.790+00:00" time="1.302">
    <testcase name="run_test::move/expressions/multiple_return_values_extra_value.mvir" classname="ir-testsuite::testsuite" time="1.302"></testcase>
  </testsuite>
  <testsuite name="ir-testsuite::testsuite" tests="1" disabled="0" errors="0" failures="0" timestamp="2021-05-05T22:26:21.988+00:00" time="1.320">
    <testcase name="run_test::move/expressions/multiple_return_values_missing_value.mvir" classname="ir-testsuite::testsuite" time="1.320"></testcase>
  </testsuite>
  <testsuite name="ir-testsuite::testsuite" tests="1" disabled="0" errors="0" failures="0" timestamp="2021-05-05T22:26:21.761+00:00" time="1.711">
    <testcase name="run_test::move/expressions/multiple_return_values_extra_binding.mvir" classname="ir-testsuite::testsuite" time="1.711"></testcase>
  </testsuite>
  <testsuite name="ir-testsuite::testsuite" tests="1" disabled="0" errors="0" failures="0" timestamp="2021-05-05T22:26:21.818+00:00" time="1.703">
    <testcase name="run_test::move/expressions/multiple_return_values_missing_binding.mvir" classname="ir-testsuite::testsuite" time="1.703"></testcase>
  </testsuite>
  <testsuite name="ir-testsuite::testsuite" tests="1" disabled="0" errors="0" failures="0" timestamp="2021-05-05T22:26:22.044+00:00" time="1.667">
    <testcase name="run_test::move/expressions/simple_arithmetic.mvir" classname="ir-testsuite::testsuite" time="1.667"></testcase>
  </testsuite>
  <testsuite name="ir-testsuite::testsuite" tests="1" disabled="0" errors="0" failures="0" timestamp="2021-05-05T22:26:21.719+00:00" time="2.058">
    <testcase name="run_test::move/expressions/multiple_return_values.mvir" classname="ir-testsuite::testsuite" time="2.058"></testcase>
  </testsuite>
  <testsuite name="ir-testsuite::testsuite" tests="1" disabled="0" errors="0" failures="0" timestamp="2021-05-05T22:26:22.851+00:00" time="1.309">
    <testcase name="run_test::move/function_calls/exp_in_if_and_else_branch.mvir" classname="ir-testsuite::testsuite" time="1.309"></testcase>
  </testsuite>
  <testsuite name="ir-testsuite::testsuite" tests="1" disabled="0" errors="0" failures="0" timestamp="2021-05-05T22:26:22.522+00:00" time="1.676">
    <testcase name="run_test::move/function_calls/assign_expression_list.mvir" classname="ir-testsuite::testsuite" time="1.676"></testcase>
  </testsuite>
  <testsuite name="ir-testsuite::testsuite" tests="1" disabled="0" errors="0" failures="0" timestamp="2021-05-05T22:26:22.858+00:00" time="1.681">
    <testcase name="run_test::move/function_calls/function_call_negative_stack_err_1.mvir" classname="ir-testsuite::testsuite" time="1.681"></testcase>
  </testsuite>
  <testsuite name="ir-testsuite::testsuite" tests="1" disabled="0" errors="0" failures="0" timestamp="2021-05-05T22:26:22.490+00:00" time="2.081">
    <testcase name="run_test::move/function_calls/add_function_calls.mvir" classname="ir-testsuite::testsuite" time="2.081"></testcase>
  </testsuite>
  <testsuite name="ir-testsuite::testsuite" tests="1" disabled="0" errors="0" failures="0" timestamp="2021-05-05T22:26:22.602+00:00" time="2.057">
    <testcase name="run_test::move/function_calls/assign_function_call.mvir" classname="ir-testsuite::testsuite" time="2.057"></testcase>
  </testsuite>
  <testsuite name="ir-testsuite::testsuite" tests="1" disabled="0" errors="0" failures="0" timestamp="2021-05-05T22:26:22.975+00:00" time="1.716">
    <testcase name="run_test::move/function_calls/function_call_negative_stack_err_2.mvir" classname="ir-testsuite::testsuite" time="1.716"></testcase>
  </testsuite>
  <testsuite name="ir-testsuite::testsuite" tests="1" disabled="0" errors="0" failures="0" timestamp="2021-05-05T22:26:23.025+00:00" time="1.720">
    <testcase name="run_test::move/function_calls/function_composition_pos_and_neg_stack_err.mvir" classname="ir-testsuite::testsuite" time="1.720"></testcase>
  </testsuite>
  <testsuite name="ir-testsuite::testsuite" tests="1" disabled="0" errors="0" failures="0" timestamp="2021-05-05T22:26:23.030+00:00" time="1.728">
    <testcase name="run_test::move/function_calls/function_composition_positive_stack_err_1.mvir" classname="ir-testsuite::testsuite" time="1.728"></testcase>
  </testsuite>
  <testsuite name="ir-testsuite::testsuite" tests="1" disabled="0" errors="0" failures="0" timestamp="2021-05-05T22:26:23.471+00:00" time="1.291">
    <testcase name="run_test::move/function_calls/multiple_bindings_negative_stack.mvir" classname="ir-testsuite::testsuite" time="1.291"></testcase>
  </testsuite>
  <testsuite name="ir-testsuite::testsuite" tests="1" disabled="0" errors="0" failures="0" timestamp="2021-05-05T22:26:23.093+00:00" time="1.692">
    <testcase name="run_test::move/function_calls/function_composition_positive_stack_err_2.mvir" classname="ir-testsuite::testsuite" time="1.692"></testcase>
  </testsuite>
  <testsuite name="ir-testsuite::testsuite" tests="1" disabled="0" errors="0" failures="0" timestamp="2021-05-05T22:26:23.521+00:00" time="1.289">
    <testcase name="run_test::move/function_calls/multiple_bindings_positive_stack.mvir" classname="ir-testsuite::testsuite" time="1.289"></testcase>
  </testsuite>
  <testsuite name="ir-testsuite::testsuite" tests="1" disabled="0" errors="0" failures="0" timestamp="2021-05-05T22:26:22.981+00:00" time="2.102">
    <testcase name="run_test::move/function_calls/function_composition.mvir" classname="ir-testsuite::testsuite" time="2.102"></testcase>
  </testsuite>
  <testsuite name="ir-testsuite::testsuite" tests="1" disabled="0" errors="0" failures="0" timestamp="2021-05-05T22:26:22.817+00:00" time="2.319">
    <testcase name="run_test::move/function_calls/binop_function_calls_as_args.mvir" classname="ir-testsuite::testsuite" time="2.319"></testcase>
  </testsuite>
  <testsuite name="ir-testsuite::testsuite" tests="1" disabled="0" errors="0" failures="0" timestamp="2021-05-05T22:26:23.309+00:00" time="2.139">
    <testcase name="run_test::move/function_calls/many_function_calls_as_args.mvir" classname="ir-testsuite::testsuite" time="2.139"></testcase>
  </testsuite>
  <testsuite name="ir-testsuite::testsuite" tests="1" disabled="0" errors="0" failures="0" timestamp="2021-05-05T22:26:23.710+00:00" time="2.100">
    <testcase name="run_test::move/function_calls/multiple_composite_functions.mvir" classname="ir-testsuite::testsuite" time="2.100"></testcase>
  </testsuite>
  <testsuite name="ir-testsuite::testsuite" tests="1" disabled="0" errors="0" failures="0" timestamp="2021-05-05T22:26:23.778+00:00" time="2.075">
    <testcase name="run_test::move/function_calls/pass_args_on_stack_as_expressions.mvir" classname="ir-testsuite::testsuite" time="2.075"></testcase>
  </testsuite>
  <testsuite name="ir-testsuite::testsuite" tests="1" disabled="0" errors="0" failures="0" timestamp="2021-05-05T22:26:24.746+00:00" time="1.353">
    <testcase name="run_test::move/function_defs/256_locals.mvir" classname="ir-testsuite::testsuite" time="1.353"></testcase>
  </testsuite>
  <testsuite name="ir-testsuite::testsuite" tests="1" disabled="0" errors="0" failures="0" timestamp="2021-05-05T22:26:24.758+00:00" time="1.341">
    <testcase name="run_test::move/function_defs/256_params.mvir" classname="ir-testsuite::testsuite" time="1.341"></testcase>
  </testsuite>
  <testsuite name="ir-testsuite::testsuite" tests="1" disabled="0" errors="0" failures="0" timestamp="2021-05-05T22:26:24.199+00:00" time="2.057">
    <testcase name="run_test::move/function_calls/push_args_before_function_composition.mvir" classname="ir-testsuite::testsuite" time="2.057"></testcase>
  </testsuite>
  <testsuite name="ir-testsuite::testsuite" tests="1" disabled="0" errors="0" failures="0" timestamp="2021-05-05T22:26:24.160+00:00" time="2.100">
    <testcase name="run_test::move/function_calls/push_args_before_function_call.mvir" classname="ir-testsuite::testsuite" time="2.100"></testcase>
  </testsuite>
  <testsuite name="ir-testsuite::testsuite" tests="1" disabled="0" errors="0" failures="0" timestamp="2021-05-05T22:26:24.659+00:00" time="1.713">
    <testcase name="run_test::move/function_defs/128_params_and_128_locals.mvir" classname="ir-testsuite::testsuite" time="1.713"></testcase>
  </testsuite>
  <testsuite name="ir-testsuite::testsuite" tests="1" disabled="0" errors="0" failures="0" timestamp="2021-05-05T22:26:24.691+00:00" time="1.750">
    <testcase name="run_test::move/function_defs/1_param_and_255_locals.mvir" classname="ir-testsuite::testsuite" time="1.750"></testcase>
  </testsuite>
  <testsuite name="ir-testsuite::testsuite" tests="1" disabled="0" errors="0" failures="0" timestamp="2021-05-05T22:26:24.762+00:00" time="1.739">
[...]
  </testsuite>
  <testsuite name="diem-json-rpc-client" tests="1" disabled="0" errors="0" failures="0" timestamp="2021-05-05T22:20:44.115+00:00" time="0.126">
    <testcase name="async_client::tests::test_batch_send_requests_and_responses_less_then_requested" classname="diem-json-rpc-client" time="0.126"></testcase>
  </testsuite>
  <testsuite name="diem-json-rpc-client" tests="1" disabled="0" errors="0" failures="0" timestamp="2021-05-05T22:20:44.209+00:00" time="0.037">
    <testcase name="async_client::tests::test_chain_id_mismatch_error" classname="diem-json-rpc-client" time="0.037"></testcase>
  </testsuite>
  <testsuite name="diem-json-rpc-client" tests="1" disabled="0" errors="0" failures="0" timestamp="2021-05-05T22:20:44.230+00:00" time="0.023">
    <testcase name="async_client::tests::test_deserialize_result_error" classname="diem-json-rpc-client" time="0.023"></testcase>
  </testsuite>
  <testsuite name="diem-json-rpc-client" tests="1" disabled="0" errors="0" failures="0" timestamp="2021-05-05T22:20:44.230+00:00" time="0.030">
    <testcase name="async_client::tests::test_get_account" classname="diem-json-rpc-client" time="0.030"></testcase>
  </testsuite>
  <testsuite name="diem-json-rpc-client" tests="1" disabled="0" errors="0" failures="0" timestamp="2021-05-05T22:20:44.235+00:00" time="0.027">
    <testcase name="async_client::tests::test_get_account_not_found" classname="diem-json-rpc-client" time="0.027"></testcase>
  </testsuite>
  <testsuite name="diem-json-rpc-client" tests="1" disabled="0" errors="0" failures="0" timestamp="2021-05-05T22:20:44.241+00:00" time="0.028">
    <testcase name="async_client::tests::test_get_account_state_with_proof" classname="diem-json-rpc-client" time="0.028"></testcase>
  </testsuite>
  <testsuite name="diem-json-rpc-client" tests="1" disabled="0" errors="0" failures="0" timestamp="2021-05-05T22:20:44.246+00:00" time="0.031">
    <testcase name="async_client::tests::test_get_account_transaction" classname="diem-json-rpc-client" time="0.031"></testcase>
  </testsuite>
  <testsuite name="diem-json-rpc-client" tests="1" disabled="0" errors="0" failures="0" timestamp="2021-05-05T22:20:44.252+00:00" time="0.027">
    <testcase name="async_client::tests::test_get_account_transactions" classname="diem-json-rpc-client" time="0.027"></testcase>
  </testsuite>
  <testsuite name="diem-json-rpc-client" tests="1" disabled="0" errors="0" failures="0" timestamp="2021-05-05T22:20:44.252+00:00" time="0.029">
    <testcase name="async_client::tests::test_get_account_transaction_not_found" classname="diem-json-rpc-client" time="0.029"></testcase>
  </testsuite>
  <testsuite name="diem-json-rpc-client" tests="1" disabled="0" errors="0" failures="0" timestamp="2021-05-05T22:20:44.261+00:00" time="0.022">
    <testcase name="async_client::tests::test_get_account_transactions_not_found" classname="diem-json-rpc-client" time="0.022"></testcase>
  </testsuite>
  <testsuite name="diem-json-rpc-client" tests="1" disabled="0" errors="0" failures="0" timestamp="2021-05-05T22:20:44.263+00:00" time="0.026">
    <testcase name="async_client::tests::test_get_currencies" classname="diem-json-rpc-client" time="0.026"></testcase>
  </testsuite>
  <testsuite name="diem-json-rpc-client" tests="1" disabled="0" errors="0" failures="0" timestamp="2021-05-05T22:20:44.269+00:00" time="0.023">
    <testcase name="async_client::tests::test_get_events" classname="diem-json-rpc-client" time="0.023"></testcase>
  </testsuite>
  <testsuite name="diem-json-rpc-client" tests="1" disabled="0" errors="0" failures="0" timestamp="2021-05-05T22:20:44.053+00:00" time="0.250">
    <testcase name="async_client::tests::batch_test_retry_stale_response_on_get_methods" classname="diem-json-rpc-client" time="0.250"></testcase>
  </testsuite>
  <testsuite name="diem-json-rpc-client" tests="1" disabled="0" errors="0" failures="0" timestamp="2021-05-05T22:20:44.278+00:00" time="0.029">
    <testcase name="async_client::tests::test_get_events_with_proofs" classname="diem-json-rpc-client" time="0.029"></testcase>
  </testsuite>
  <testsuite name="diem-json-rpc-client" tests="1" disabled="0" errors="0" failures="0" timestamp="2021-05-05T22:20:44.281+00:00" time="0.027">
    <testcase name="async_client::tests::test_get_metadata_by_version" classname="diem-json-rpc-client" time="0.027"></testcase>
  </testsuite>
  <testsuite name="diem-json-rpc-client" tests="1" disabled="0" errors="0" failures="0" timestamp="2021-05-05T22:20:44.280+00:00" time="0.031">
    <testcase name="async_client::tests::test_get_metadata" classname="diem-json-rpc-client" time="0.031"></testcase>
  </testsuite>
  <testsuite name="diem-json-rpc-client" tests="1" disabled="0" errors="0" failures="0" timestamp="2021-05-05T22:20:44.293+00:00" time="0.025">
    <testcase name="async_client::tests::test_invalid_http_response" classname="diem-json-rpc-client" time="0.025"></testcase>
  </testsuite>
  <testsuite name="diem-json-rpc-client" tests="1" disabled="0" errors="0" failures="0" timestamp="2021-05-05T22:20:44.283+00:00" time="0.034">
    <testcase name="async_client::tests::test_get_state_proof" classname="diem-json-rpc-client" time="0.034"></testcase>
  </testsuite>
  <testsuite name="diem-json-rpc-client" tests="1" disabled="0" errors="0" failures="0" timestamp="2021-05-05T22:20:44.201+00:00" time="0.116">
    <testcase name="async_client::tests::test_batch_send_requests_return_not_found_error_if_no_result" classname="diem-json-rpc-client" time="0.116"></testcase>
  </testsuite>
  <testsuite name="diem-json-rpc-client" tests="1" disabled="0" errors="0" failures="0" timestamp="2021-05-05T22:20:44.187+00:00" time="0.136">
    <testcase name="async_client::tests::test_batch_send_requests_fail_if_any_response_has_error" classname="diem-json-rpc-client" time="0.136"></testcase>
  </testsuite>
  <testsuite name="diem-json-rpc-client" tests="1" disabled="0" errors="0" failures="0" timestamp="2021-05-05T22:20:44.288+00:00" time="0.042">
    <testcase name="async_client::tests::test_get_transactions" classname="diem-json-rpc-client" time="0.042"></testcase>
  </testsuite>
  <testsuite name="diem-json-rpc-client" tests="1" disabled="0" errors="0" failures="0" timestamp="2021-05-05T22:20:44.306+00:00" time="0.026">
    <testcase name="async_client::tests::test_invalid_rpc_response" classname="diem-json-rpc-client" time="0.026"></testcase>
  </testsuite>
  <testsuite name="diem-json-rpc-client" tests="1" disabled="0" errors="0" failures="0" timestamp="2021-05-05T22:20:44.309+00:00" time="0.028">
    <testcase name="async_client::tests::test_jsonrpc_error" classname="diem-json-rpc-client" time="0.028"></testcase>
  </testsuite>
  <testsuite name="diem-json-rpc-client" tests="1" disabled="0" errors="0" failures="0" timestamp="2021-05-05T22:20:44.318+00:00" time="0.027">
    <testcase name="async_client::tests::test_result_not_found" classname="diem-json-rpc-client" time="0.027"></testcase>
  </testsuite>
  <testsuite name="diem-json-rpc-client" tests="1" disabled="0" errors="0" failures="0" timestamp="2021-05-05T22:20:44.323+00:00" time="0.022">
    <testcase name="async_client::tests::test_select_highest_ledger_version_response" classname="diem-json-rpc-client" time="0.022"></testcase>
  </testsuite>
  <testsuite name="diem-json-rpc-client" tests="1" disabled="0" errors="0" failures="0" timestamp="2021-05-05T22:20:44.330+00:00" time="0.025">
    <testcase name="async_client::tests::test_submit" classname="diem-json-rpc-client" time="0.025"></testcase>
  </testsuite>
  <testsuite name="diem-json-rpc-client" tests="1" disabled="0" errors="0" failures="0" timestamp="2021-05-05T22:20:44.337+00:00" time="0.023">
    <testcase name="async_client::tests::test_update_last_known_state" classname="diem-json-rpc-client" time="0.023"></testcase>
  </testsuite>
  <testsuite name="diem-json-rpc-client" tests="1" disabled="0" errors="0" failures="0" timestamp="2021-05-05T22:20:44.332+00:00" time="0.030">
    <testcase name="async_client::tests::test_submit_failed" classname="diem-json-rpc-client" time="0.030"></testcase>
  </testsuite>
  <testsuite name="diem-json-rpc-client" tests="1" disabled="0" errors="0" failures="0" timestamp="2021-05-05T22:20:44.345+00:00" time="0.024">
    <testcase name="async_client::tests::test_wait_for_signed_transaction" classname="diem-json-rpc-client" time="0.024"></testcase>
  </testsuite>
  <testsuite name="diem-json-rpc-client" tests="1" disabled="0" errors="0" failures="0" timestamp="2021-05-05T22:20:44.355+00:00" time="0.022">
    <testcase name="async_client::tests::test_wait_for_transaction_error_execution_failed" classname="diem-json-rpc-client" time="0.022"></testcase>
  </testsuite>
  <testsuite name="diem-json-rpc-client" tests="1" disabled="0" errors="0" failures="0" timestamp="2021-05-05T22:20:44.360+00:00" time="0.022">
    <testcase name="async_client::tests::test_wait_for_transaction_error_get_transaction_error" classname="diem-json-rpc-client" time="0.022"></testcase>
  </testsuite>
  <testsuite name="diem-json-rpc-client" tests="1" disabled="0" errors="0" failures="0" timestamp="2021-05-05T22:20:44.362+00:00" time="0.022">
    <testcase name="async_client::tests::test_wait_for_transaction_error_hash_mismatch" classname="diem-json-rpc-client" time="0.022"></testcase>
  </testsuite>
  <testsuite name="diem-json-rpc-client" tests="1" disabled="0" errors="0" failures="0" timestamp="2021-05-05T22:20:44.369+00:00" time="0.022">
    <testcase name="async_client::tests::test_wait_for_transaction_error_txn_expired" classname="diem-json-rpc-client" time="0.022"></testcase>
  </testsuite>
  <testsuite name="diem-json-rpc-client" tests="1" disabled="0" errors="0" failures="0" timestamp="2021-05-05T22:20:44.318+00:00" time="0.081">
    <testcase name="async_client::tests::test_retry_stale_response_on_submit_method" classname="diem-json-rpc-client" time="0.081"></testcase>
  </testsuite>
  <testsuite name="diem-json-rpc-client" tests="1" disabled="0" errors="0" failures="0" timestamp="2021-05-05T22:20:44.365+00:00" time="0.043">
    <testcase name="async_client::tests::test_wait_for_transaction_error_timeout" classname="diem-json-rpc-client" time="0.043"></testcase>
  </testsuite>
  <testsuite name="diem-json-rpc-client" tests="1" disabled="0" errors="0" failures="0" timestamp="2021-05-05T22:20:44.318+00:00" time="0.091">
    <testcase name="async_client::tests::test_retry_stale_response_on_get_methods" classname="diem-json-rpc-client" time="0.091"></testcase>
  </testsuite>
  <testsuite name="diem-json-rpc-client" tests="1" disabled="0" errors="0" failures="0" timestamp="2021-05-05T22:20:44.345+00:00" time="0.181">
    <testcase name="async_client::tests::test_wait_for_transaction" classname="diem-json-rpc-client" time="0.181"></testcase>
  </testsuite>
  <testsuite name="diem-json-rpc-client" tests="1" disabled="0" errors="0" failures="0" timestamp="2021-05-05T22:20:44.303+00:00" time="0.470">
    <testcase name="async_client::tests::test_invalid_http_status" classname="diem-json-rpc-client" time="0.470"></testcase>
  </testsuite>
  <testsuite name="diem-json-rpc-client" tests="1" disabled="0" errors="0" failures="0" timestamp="2021-05-05T22:20:44.311+00:00" time="0.660">
    <testcase name="async_client::tests::test_network_error" classname="diem-json-rpc-client" time="0.660"></testcase>
  </testsuite>
  <testsuite name="test-generation::generic_instructions" tests="1" disabled="0" errors="0" failures="0" timestamp="2021-05-05T22:25:09.343+00:00" time="0.014">
    <testcase name="unify_no_subst" classname="test-generation::generic_instructions" time="0.014"></testcase>
  </testsuite>
  <testsuite name="test-generation::generic_instructions" tests="1" disabled="0" errors="0" failures="0" timestamp="2021-05-05T22:25:09.357+00:00" time="0.008">
    <testcase name="unify_ty_param_empty_subst1" classname="test-generation::generic_instructions" time="0.008"></testcase>
  </testsuite>
  <testsuite name="test-generation::generic_instructions" tests="1" disabled="0" errors="0" failures="0" timestamp="2021-05-05T22:25:09.365+00:00" time="0.008">
    <testcase name="unify_ty_param_empty_subst2" classname="test-generation::generic_instructions" time="0.008"></testcase>
  </testsuite>
  <testsuite name="test-generation::generic_instructions" tests="1" disabled="0" errors="0" failures="0" timestamp="2021-05-05T22:25:09.372+00:00" time="0.008">
    <testcase name="unify_ty_param_empty_subst3" classname="test-generation::generic_instructions" time="0.008"></testcase>
  </testsuite>
  <testsuite name="test-generation::generic_instructions" tests="1" disabled="0" errors="0" failures="0" timestamp="2021-05-05T22:25:09.380+00:00" time="0.008">
    <testcase name="unify_ty_param_empty_subst4" classname="test-generation::generic_instructions" time="0.008"></testcase>
  </testsuite>
  <testsuite name="test-generation::generic_instructions" tests="1" disabled="0" errors="0" failures="0" timestamp="2021-05-05T22:25:09.387+00:00" time="0.008">
    <testcase name="unify_ty_params_infinite" classname="test-generation::generic_instructions" time="0.008"></testcase>
  </testsuite>
  <testsuite name="diem-json-rpc" tests="1" disabled="0" errors="0" failures="0" timestamp="2021-05-05T22:20:42.458+00:00" time="0.027">
    <testcase name="fuzzing::test_json_rpc_service_fuzzer" classname="diem-json-rpc" time="0.027"></testcase>
  </testsuite>
  <testsuite name="diem-json-rpc" tests="1" disabled="0" errors="0" failures="0" timestamp="2021-05-05T22:20:42.460+00:00" time="0.039">
    <testcase name="tests::unit_tests::test_check_latest_ledger_info_timestamp" classname="diem-json-rpc" time="0.039"></testcase>
  </testsuite>
  <testsuite name="diem-json-rpc" tests="1" disabled="0" errors="0" failures="0" timestamp="2021-05-05T22:20:42.460+00:00" time="0.090">
    <testcase name="fuzzing::test_method_fuzzer" classname="diem-json-rpc" time="0.090"></testcase>
  </testsuite>
  <testsuite name="diem-json-rpc" tests="1" disabled="0" errors="0" failures="0" timestamp="2021-05-05T22:20:42.488+00:00" time="1.457">
    <testcase name="tests::unit_tests::test_get_events_page_limit" classname="diem-json-rpc" time="1.457"></testcase>
  </testsuite>
  <testsuite name="diem-json-rpc" tests="1" disabled="0" errors="0" failures="0" timestamp="2021-05-05T22:20:42.504+00:00" time="1.476">
    <testcase name="tests::unit_tests::test_get_metadata_latest" classname="diem-json-rpc" time="1.476"></testcase>
  </testsuite>
  <testsuite name="diem-json-rpc" tests="1" disabled="0" errors="0" failures="0" timestamp="2021-05-05T22:20:42.460+00:00" time="1.556">
    <testcase name="tests::unit_tests::test_cors" classname="diem-json-rpc" time="1.556"></testcase>
  </testsuite>
  <testsuite name="diem-json-rpc" tests="1" disabled="0" errors="0" failures="0" timestamp="2021-05-05T22:20:42.484+00:00" time="1.543">
    <testcase name="tests::unit_tests::test_get_account_state_with_proof_null_versions" classname="diem-json-rpc" time="1.543"></testcase>
  </testsuite>
  <testsuite name="diem-json-rpc" tests="1" disabled="0" errors="0" failures="0" timestamp="2021-05-05T22:20:42.477+00:00" time="1.564">
    <testcase name="tests::unit_tests::test_get_account_state_with_proof" classname="diem-json-rpc" time="1.564"></testcase>
  </testsuite>
  <testsuite name="diem-json-rpc" tests="1" disabled="0" errors="0" failures="0" timestamp="2021-05-05T22:20:42.486+00:00" time="1.555">
    <testcase name="tests::unit_tests::test_get_account_transactions" classname="diem-json-rpc" time="1.555"></testcase>
  </testsuite>
  <testsuite name="diem-json-rpc" tests="1" disabled="0" errors="0" failures="0" timestamp="2021-05-05T22:20:42.486+00:00" time="1.567">
    <testcase name="tests::unit_tests::test_get_events" classname="diem-json-rpc" time="1.567"></testcase>
  </testsuite>
  <testsuite name="diem-json-rpc" tests="1" disabled="0" errors="0" failures="0" timestamp="2021-05-05T22:20:44.041+00:00" time="0.021">
    <testcase name="tests::unit_tests::test_sdk_info_from_user_agent" classname="diem-json-rpc" time="0.021"></testcase>
  </testsuite>
  <testsuite name="diem-json-rpc" tests="1" disabled="0" errors="0" failures="0" timestamp="2021-05-05T22:20:42.507+00:00" time="1.559">
    <testcase name="tests::unit_tests::test_get_network_status" classname="diem-json-rpc" time="1.559"></testcase>
  </testsuite>
  <testsuite name="diem-json-rpc" tests="1" disabled="0" errors="0" failures="0" timestamp="2021-05-05T22:20:42.498+00:00" time="1.571">
    <testcase name="tests::unit_tests::test_get_metadata" classname="diem-json-rpc" time="1.571"></testcase>
  </testsuite>
  <testsuite name="diem-json-rpc" tests="1" disabled="0" errors="0" failures="0" timestamp="2021-05-05T22:20:42.550+00:00" time="1.559">
    <testcase name="tests::unit_tests::test_get_state_proof" classname="diem-json-rpc" time="1.559"></testcase>
  </testsuite>
  <testsuite name="diem-json-rpc" tests="1" disabled="0" errors="0" failures="0" timestamp="2021-05-05T22:20:42.650+00:00" time="1.461">
    <testcase name="tests::unit_tests::test_health_check" classname="diem-json-rpc" time="1.461"></testcase>
  </testsuite>
  <testsuite name="diem-json-rpc" tests="1" disabled="0" errors="0" failures="0" timestamp="2021-05-05T22:20:42.578+00:00" time="1.536">
    <testcase name="tests::unit_tests::test_get_transactions_page_limit" classname="diem-json-rpc" time="1.536"></testcase>
  </testsuite>
  <testsuite name="diem-json-rpc" tests="1" disabled="0" errors="0" failures="0" timestamp="2021-05-05T22:20:42.484+00:00" time="1.632">
    <testcase name="tests::unit_tests::test_get_account_transaction" classname="diem-json-rpc" time="1.632"></testcase>
  </testsuite>
  <testsuite name="diem-json-rpc" tests="1" disabled="0" errors="0" failures="0" timestamp="2021-05-05T22:20:42.464+00:00" time="1.788">
    <testcase name="tests::unit_tests::test_get_account" classname="diem-json-rpc" time="1.788"></testcase>
  </testsuite>
  <testsuite name="diem-json-rpc" tests="1" disabled="0" errors="0" failures="0" timestamp="2021-05-05T22:20:42.721+00:00" time="1.643">
    <testcase name="tests::unit_tests::test_json_rpc_http_errors" classname="diem-json-rpc" time="1.643"></testcase>
  </testsuite>
  <testsuite name="diem-json-rpc" tests="1" disabled="0" errors="0" failures="0" timestamp="2021-05-05T22:20:42.575+00:00" time="2.231">
    <testcase name="tests::unit_tests::test_get_transactions" classname="diem-json-rpc" time="2.231"></testcase>
  </testsuite>
  <testsuite name="diem-json-rpc" tests="1" disabled="0" errors="0" failures="0" timestamp="2021-05-05T22:20:44.015+00:00" time="1.528">
    <testcase name="tests::unit_tests::test_metrics" classname="diem-json-rpc" time="1.528"></testcase>
  </testsuite>
  <testsuite name="diem-json-rpc" tests="1" disabled="0" errors="0" failures="0" timestamp="2021-05-05T22:20:43.980+00:00" time="1.567">
    <testcase name="tests::unit_tests::test_limit_batch_size" classname="diem-json-rpc" time="1.567"></testcase>
  </testsuite>
  <testsuite name="diem-json-rpc" tests="1" disabled="0" errors="0" failures="0" timestamp="2021-05-05T22:20:44.027+00:00" time="1.547">
    <testcase name="tests::unit_tests::test_no_params_request_is_valid" classname="diem-json-rpc" time="1.547"></testcase>
  </testsuite>
  <testsuite name="diem-json-rpc" tests="1" disabled="0" errors="0" failures="0" timestamp="2021-05-05T22:20:43.945+00:00" time="1.674">
    <testcase name="tests::unit_tests::test_json_rpc_protocol_invalid_requests" classname="diem-json-rpc" time="1.674"></testcase>
  </testsuite>
  <testsuite name="diem-json-rpc" tests="1" disabled="0" errors="0" failures="0" timestamp="2021-05-05T22:20:44.041+00:00" time="1.638">
    <testcase name="tests::unit_tests::test_transaction_submission" classname="diem-json-rpc" time="1.638"></testcase>
  </testsuite>
</testsuites>
