<?xml version="1.0" encoding="UTF-8"?>
<testsuites name="nextest-run" tests="29" failures="0" errors="0" timestamp="2021-06-18T23:29:25.439+00:00" time="0.592">
    <testsuite name="diem-logger::derive" tests="5" disabled="0" errors="0" failures="0">
        <testcase name="generic" classname="diem-logger::derive" timestamp="2021-06-18T23:29:25.440+00:00" time="0.060">
        </testcase>
        <testcase name="error_trait_object" classname="diem-logger::derive" timestamp="2021-06-18T23:29:25.440+00:00" time="0.067">
        </testcase>
        <testcase name="lifetime" classname="diem-logger::derive" timestamp="2021-06-18T23:29:25.440+00:00" time="0.073">
        </testcase>
        <testcase name="attrs" classname="diem-logger::derive" timestamp="2021-06-18T23:29:25.440+00:00" time="0.080">
        </testcase>
        <testcase name="simple" classname="diem-logger::derive" timestamp="2021-06-18T23:29:25.440+00:00" time="0.149">
        </testcase>
    </testsuite>
    <testsuite name="diem-logger::remote" tests="1" disabled="0" errors="0" failures="0">
        <testcase name="remote_end_to_end" classname="diem-logger::remote" timestamp="2021-06-18T23:29:25.590+00:00" time="0.441">
        </testcase>
    </testsuite>
    <testsuite name="diem-logger" tests="20" disabled="0" errors="0" failures="0">
        <testcase name="filter::tests::match_default" classname="diem-logger" timestamp="2021-06-18T23:29:25.440+00:00" time="0.067">
        </testcase>
        <testcase name="filter::tests::parse_global" classname="diem-logger" timestamp="2021-06-18T23:29:25.440+00:00" time="0.071">
        </testcase>
        <testcase name="filter::tests::filter_info" classname="diem-logger" timestamp="2021-06-18T23:29:25.440+00:00" time="0.078">
        </testcase>
        <testcase name="filter::tests::no_match" classname="diem-logger" timestamp="2021-06-18T23:29:25.440+00:00" time="0.082">
        </testcase>
        <testcase name="filter::tests::match_beginning" classname="diem-logger" timestamp="2021-06-18T23:29:25.440+00:00" time="0.085">
        </testcase>
        <testcase name="filter::tests::match_full_path" classname="diem-logger" timestamp="2021-06-18T23:29:25.440+00:00" time="0.131">
        </testcase>
        <testcase name="filter::tests::match_beginning_longest_match" classname="diem-logger" timestamp="2021-06-18T23:29:25.440+00:00" time="0.131">
        </testcase>
        <testcase name="filter::tests::parse_string_level" classname="diem-logger" timestamp="2021-06-18T23:29:25.507+00:00" time="0.082">
        </testcase>
        <testcase name="filter::tests::parse_empty_level" classname="diem-logger" timestamp="2021-06-18T23:29:25.440+00:00" time="0.150">
        </testcase>
        <testcase name="filter::tests::parse_invalid_crate" classname="diem-logger" timestamp="2021-06-18T23:29:25.500+00:00" time="0.090">
        </testcase>
        <testcase name="filter::tests::parse_default" classname="diem-logger" timestamp="2021-06-18T23:29:25.440+00:00" time="0.150">
        </testcase>
        <testcase name="filter::tests::filter_beginning_longest_match" classname="diem-logger" timestamp="2021-06-18T23:29:25.440+00:00" time="0.150">
        </testcase>
        <testcase name="filter::tests::parse_invalid_level" classname="diem-logger" timestamp="2021-06-18T23:29:25.507+00:00" time="0.092">
        </testcase>
        <testcase name="filter::tests::parse_valid" classname="diem-logger" timestamp="2021-06-18T23:29:25.511+00:00" time="0.090">
        </testcase>
        <testcase name="filter::tests::zero_level" classname="diem-logger" timestamp="2021-06-18T23:29:25.513+00:00" time="0.126">
        </testcase>
        <testcase name="sample::tests::always" classname="diem-logger" timestamp="2021-06-18T23:29:25.518+00:00" time="0.121">
        </testcase>
        <testcase name="sample::tests::macro_expansion" classname="diem-logger" timestamp="2021-06-18T23:29:25.522+00:00" time="0.122">
        </testcase>
        <testcase name="sample::tests::frequency" classname="diem-logger" timestamp="2021-06-18T23:29:25.520+00:00" time="0.124">
        </testcase>
        <testcase name="sample::tests::threaded" classname="diem-logger" timestamp="2021-06-18T23:29:25.525+00:00" time="0.124">
        </testcase>
        <testcase name="diem_logger::tests::basic" classname="diem-logger" timestamp="2021-06-18T23:29:25.440+00:00" time="0.539">
        </testcase>
    </testsuite>
    <testsuite name="diem-logger::logger" tests="2" disabled="0" errors="0" failures="0">
        <testcase name="verify_end_to_end" classname="diem-logger::logger" timestamp="2021-06-18T23:29:25.570+00:00" time="0.072">
        </testcase>
        <testcase name="fifty_fifty" classname="diem-logger::logger" timestamp="2021-06-18T23:29:25.644+00:00" time="0.020">
            <flakyFailure timestamp="2021-06-18T23:29:25.570+00:00" time="0.074" type="test failure">
                <system-out>
running 1 test
test fifty_fifty ... FAILED

failures:

failures:
    fifty_fifty

test result: FAILED. 0 passed; 1 failed; 0 ignored; 0 measured; 1 filtered out; finished in 0.00s

</system-out>
                <system-err>thread &apos;fifty_fifty&apos; panicked at &apos;assertion failed: `(left == right)`
  left: `1`,
 right: `0`&apos;, common/logger/tests/logger.rs:46:5
note: run with `RUST_BACKTRACE=1` environment variable to display a backtrace
</system-err>
            </flakyFailure>
        </testcase>
    </testsuite>
    <testsuite name="diem-logger::logger_custom_format" tests="1" disabled="0" errors="0" failures="0">
        <testcase name="test_custom_formatter" classname="diem-logger::logger_custom_format" timestamp="2021-06-18T23:29:25.589+00:00" time="0.058">
        </testcase>
    </testsuite>
</testsuites>
